{"numFailedTestSuites":0,"numFailedTests":0,"numPassedTestSuites":22,"numPassedTests":448,"numPendingTestSuites":0,"numPendingTests":0,"numRuntimeErrorTestSuites":0,"numTodoTests":0,"numTotalTestSuites":22,"numTotalTests":448,"openHandles":[],"snapshot":{"added":0,"didUpdate":false,"failure":false,"filesAdded":0,"filesRemoved":0,"filesRemovedList":[],"filesUnmatched":0,"filesUpdated":0,"matched":0,"total":0,"unchecked":0,"uncheckedKeysByFile":[],"unmatched":0,"updated":0},"startTime":1766162710239,"success":true,"testResults":[{"assertionResults":[{"ancestorTitles":["Energy Optimizer Core Logic","getPercentile"],"duration":11,"failing":false,"failureDetails":[],"failureMessages":[],"fullName":"Energy Optimizer Core Logic getPercentile calculates 50th percentile (median) correctly","invocations":1,"location":null,"numPassingAsserts":1,"retryReasons":[],"startAt":1766162712378,"status":"passed","title":"calculates 50th percentile (median) correctly"},{"ancestorTitles":["Energy Optimizer Core Logic","getPercentile"],"duration":2,"failing":false,"failureDetails":[],"failureMessages":[],"fullName":"Energy Optimizer Core Logic getPercentile calculates 70th percentile correctly","invocations":1,"location":null,"numPassingAsserts":2,"retryReasons":[],"startAt":1766162712391,"status":"passed","title":"calculates 70th percentile correctly"},{"ancestorTitles":["Energy Optimizer Core Logic","getPercentile"],"duration":2,"failing":false,"failureDetails":[],"failureMessages":[],"fullName":"Energy Optimizer Core Logic getPercentile handles empty array","invocations":1,"location":null,"numPassingAsserts":1,"retryReasons":[],"startAt":1766162712393,"status":"passed","title":"handles empty array"},{"ancestorTitles":["Energy Optimizer Core Logic","getPercentile"],"duration":2,"failing":false,"failureDetails":[],"failureMessages":[],"fullName":"Energy Optimizer Core Logic getPercentile handles single value","invocations":1,"location":null,"numPassingAsserts":1,"retryReasons":[],"startAt":1766162712395,"status":"passed","title":"handles single value"},{"ancestorTitles":["Energy Optimizer Core Logic","forecastHouseSignalsPerInterval"],"duration":3,"failing":false,"failureDetails":[],"failureMessages":[],"fullName":"Energy Optimizer Core Logic forecastHouseSignalsPerInterval returns empty arrays for empty intervals","invocations":1,"location":null,"numPassingAsserts":4,"retryReasons":[],"startAt":1766162712398,"status":"passed","title":"returns empty arrays for empty intervals"},{"ancestorTitles":["Energy Optimizer Core Logic","forecastHouseSignalsPerInterval"],"duration":2,"failing":false,"failureDetails":[],"failureMessages":[],"fullName":"Energy Optimizer Core Logic forecastHouseSignalsPerInterval uses default 3kW load when no history available","invocations":1,"location":null,"numPassingAsserts":3,"retryReasons":[],"startAt":1766162712401,"status":"passed","title":"uses default 3kW load when no history available"},{"ancestorTitles":["Energy Optimizer Core Logic","forecastHouseSignalsPerInterval"],"duration":2,"failing":false,"failureDetails":[],"failureMessages":[],"fullName":"Energy Optimizer Core Logic forecastHouseSignalsPerInterval reconstructs house load from grid+solar-battery power balance","invocations":1,"location":null,"numPassingAsserts":4,"retryReasons":[],"startAt":1766162712403,"status":"passed","title":"reconstructs house load from grid+solar-battery power balance"}],"endTime":1766162712409,"message":"","name":"C:\\Users\\robin\\com.baumus.rctpowerstorage\\.homeybuild\\test\\optimizer-core.test.js","startTime":1766162710939,"status":"passed","summary":""},{"assertionResults":[{"ancestorTitles":["time-scheduling-core","getIntervalOfDay"],"duration":8,"failing":false,"failureDetails":[],"failureMessages":[],"fullName":"time-scheduling-core getIntervalOfDay should calculate correct interval for midnight","invocations":1,"location":null,"numPassingAsserts":1,"retryReasons":[],"startAt":1766162712935,"status":"passed","title":"should calculate correct interval for midnight"},{"ancestorTitles":["time-scheduling-core","getIntervalOfDay"],"duration":0,"failing":false,"failureDetails":[],"failureMessages":[],"fullName":"time-scheduling-core getIntervalOfDay should calculate correct interval for 15 minutes","invocations":1,"location":null,"numPassingAsserts":1,"retryReasons":[],"startAt":1766162712944,"status":"passed","title":"should calculate correct interval for 15 minutes"},{"ancestorTitles":["time-scheduling-core","getIntervalOfDay"],"duration":2,"failing":false,"failureDetails":[],"failureMessages":[],"fullName":"time-scheduling-core getIntervalOfDay should calculate correct interval for noon","invocations":1,"location":null,"numPassingAsserts":1,"retryReasons":[],"startAt":1766162712945,"status":"passed","title":"should calculate correct interval for noon"},{"ancestorTitles":["time-scheduling-core","getIntervalOfDay"],"duration":1,"failing":false,"failureDetails":[],"failureMessages":[],"fullName":"time-scheduling-core getIntervalOfDay should calculate correct interval for 23:45","invocations":1,"location":null,"numPassingAsserts":1,"retryReasons":[],"startAt":1766162712947,"status":"passed","title":"should calculate correct interval for 23:45"},{"ancestorTitles":["time-scheduling-core","getIntervalOfDay"],"duration":0,"failing":false,"failureDetails":[],"failureMessages":[],"fullName":"time-scheduling-core getIntervalOfDay should handle 30-minute intervals","invocations":1,"location":null,"numPassingAsserts":1,"retryReasons":[],"startAt":1766162712949,"status":"passed","title":"should handle 30-minute intervals"},{"ancestorTitles":["time-scheduling-core","getIntervalOfDay"],"duration":1,"failing":false,"failureDetails":[],"failureMessages":[],"fullName":"time-scheduling-core getIntervalOfDay should return -1 for invalid date","invocations":1,"location":null,"numPassingAsserts":3,"retryReasons":[],"startAt":1766162712951,"status":"passed","title":"should return -1 for invalid date"},{"ancestorTitles":["time-scheduling-core","getPriceAtTime"],"duration":1,"failing":false,"failureDetails":[],"failureMessages":[],"fullName":"time-scheduling-core getPriceAtTime should find price for exact match","invocations":1,"location":null,"numPassingAsserts":1,"retryReasons":[],"startAt":1766162712953,"status":"passed","title":"should find price for exact match"},{"ancestorTitles":["time-scheduling-core","getPriceAtTime"],"duration":1,"failing":false,"failureDetails":[],"failureMessages":[],"fullName":"time-scheduling-core getPriceAtTime should find price for time within interval","invocations":1,"location":null,"numPassingAsserts":1,"retryReasons":[],"startAt":1766162712955,"status":"passed","title":"should find price for time within interval"},{"ancestorTitles":["time-scheduling-core","getPriceAtTime"],"duration":0,"failing":false,"failureDetails":[],"failureMessages":[],"fullName":"time-scheduling-core getPriceAtTime should return null for time not in cache","invocations":1,"location":null,"numPassingAsserts":1,"retryReasons":[],"startAt":1766162712956,"status":"passed","title":"should return null for time not in cache"},{"ancestorTitles":["time-scheduling-core","getPriceAtTime"],"duration":0,"failing":false,"failureDetails":[],"failureMessages":[],"fullName":"time-scheduling-core getPriceAtTime should return null for empty cache","invocations":1,"location":null,"numPassingAsserts":1,"retryReasons":[],"startAt":1766162712957,"status":"passed","title":"should return null for empty cache"},{"ancestorTitles":["time-scheduling-core","getPriceAtTime"],"duration":0,"failing":false,"failureDetails":[],"failureMessages":[],"fullName":"time-scheduling-core getPriceAtTime should return null for invalid inputs","invocations":1,"location":null,"numPassingAsserts":3,"retryReasons":[],"startAt":1766162712958,"status":"passed","title":"should return null for invalid inputs"},{"ancestorTitles":["time-scheduling-core","getPriceAtTime"],"duration":32,"failing":false,"failureDetails":[],"failureMessages":[],"fullName":"time-scheduling-core getPriceAtTime should handle different days correctly","invocations":1,"location":null,"numPassingAsserts":1,"retryReasons":[],"startAt":1766162712959,"status":"passed","title":"should handle different days correctly"},{"ancestorTitles":["time-scheduling-core","filterFutureIntervals"],"duration":33,"failing":false,"failureDetails":[],"failureMessages":[],"fullName":"time-scheduling-core filterFutureIntervals should filter to only future intervals","invocations":1,"location":null,"numPassingAsserts":3,"retryReasons":[],"startAt":1766162712992,"status":"passed","title":"should filter to only future intervals"},{"ancestorTitles":["time-scheduling-core","filterFutureIntervals"],"duration":1,"failing":false,"failureDetails":[],"failureMessages":[],"fullName":"time-scheduling-core filterFutureIntervals should return all intervals if all are in future","invocations":1,"location":null,"numPassingAsserts":1,"retryReasons":[],"startAt":1766162713025,"status":"passed","title":"should return all intervals if all are in future"},{"ancestorTitles":["time-scheduling-core","filterFutureIntervals"],"duration":1,"failing":false,"failureDetails":[],"failureMessages":[],"fullName":"time-scheduling-core filterFutureIntervals should return empty array if all intervals are past","invocations":1,"location":null,"numPassingAsserts":1,"retryReasons":[],"startAt":1766162713026,"status":"passed","title":"should return empty array if all intervals are past"},{"ancestorTitles":["time-scheduling-core","filterFutureIntervals"],"duration":1,"failing":false,"failureDetails":[],"failureMessages":[],"fullName":"time-scheduling-core filterFutureIntervals should return empty array for invalid input","invocations":1,"location":null,"numPassingAsserts":2,"retryReasons":[],"startAt":1766162713027,"status":"passed","title":"should return empty array for invalid input"},{"ancestorTitles":["time-scheduling-core","filterCurrentAndFutureIntervals"],"duration":1,"failing":false,"failureDetails":[],"failureMessages":[],"fullName":"time-scheduling-core filterCurrentAndFutureIntervals should include current interval (started but not ended)","invocations":1,"location":null,"numPassingAsserts":2,"retryReasons":[],"startAt":1766162713028,"status":"passed","title":"should include current interval (started but not ended)"},{"ancestorTitles":["time-scheduling-core","filterCurrentAndFutureIntervals"],"duration":2,"failing":false,"failureDetails":[],"failureMessages":[],"fullName":"time-scheduling-core filterCurrentAndFutureIntervals should be sorted by start time","invocations":1,"location":null,"numPassingAsserts":1,"retryReasons":[],"startAt":1766162713029,"status":"passed","title":"should be sorted by start time"},{"ancestorTitles":["time-scheduling-core","filterCurrentAndFutureIntervals"],"duration":1,"failing":false,"failureDetails":[],"failureMessages":[],"fullName":"time-scheduling-core filterCurrentAndFutureIntervals should handle 30-minute intervals","invocations":1,"location":null,"numPassingAsserts":1,"retryReasons":[],"startAt":1766162713031,"status":"passed","title":"should handle 30-minute intervals"},{"ancestorTitles":["time-scheduling-core","filterCurrentAndFutureIntervals"],"duration":1,"failing":false,"failureDetails":[],"failureMessages":[],"fullName":"time-scheduling-core filterCurrentAndFutureIntervals should return empty array for invalid input","invocations":1,"location":null,"numPassingAsserts":2,"retryReasons":[],"startAt":1766162713032,"status":"passed","title":"should return empty array for invalid input"},{"ancestorTitles":["time-scheduling-core","enrichPriceData"],"duration":58,"failing":false,"failureDetails":[],"failureMessages":[],"fullName":"time-scheduling-core enrichPriceData should add index and intervalOfDay to each entry","invocations":1,"location":null,"numPassingAsserts":6,"retryReasons":[],"startAt":1766162713033,"status":"passed","title":"should add index and intervalOfDay to each entry"},{"ancestorTitles":["time-scheduling-core","enrichPriceData"],"duration":0,"failing":false,"failureDetails":[],"failureMessages":[],"fullName":"time-scheduling-core enrichPriceData should preserve original data","invocations":1,"location":null,"numPassingAsserts":2,"retryReasons":[],"startAt":1766162713093,"status":"passed","title":"should preserve original data"},{"ancestorTitles":["time-scheduling-core","enrichPriceData"],"duration":0,"failing":false,"failureDetails":[],"failureMessages":[],"fullName":"time-scheduling-core enrichPriceData should handle empty array","invocations":1,"location":null,"numPassingAsserts":1,"retryReasons":[],"startAt":1766162713094,"status":"passed","title":"should handle empty array"},{"ancestorTitles":["time-scheduling-core","enrichPriceData"],"duration":1,"failing":false,"failureDetails":[],"failureMessages":[],"fullName":"time-scheduling-core enrichPriceData should handle invalid input","invocations":1,"location":null,"numPassingAsserts":2,"retryReasons":[],"startAt":1766162713094,"status":"passed","title":"should handle invalid input"},{"ancestorTitles":["time-scheduling-core","groupConsecutiveIntervals"],"duration":15,"failing":false,"failureDetails":[],"failureMessages":[],"fullName":"time-scheduling-core groupConsecutiveIntervals should group consecutive intervals into one block","invocations":1,"location":null,"numPassingAsserts":3,"retryReasons":[],"startAt":1766162713095,"status":"passed","title":"should group consecutive intervals into one block"},{"ancestorTitles":["time-scheduling-core","groupConsecutiveIntervals"],"duration":1,"failing":false,"failureDetails":[],"failureMessages":[],"fullName":"time-scheduling-core groupConsecutiveIntervals should split non-consecutive intervals into separate blocks","invocations":1,"location":null,"numPassingAsserts":3,"retryReasons":[],"startAt":1766162713111,"status":"passed","title":"should split non-consecutive intervals into separate blocks"},{"ancestorTitles":["time-scheduling-core","groupConsecutiveIntervals"],"duration":0,"failing":false,"failureDetails":[],"failureMessages":[],"fullName":"time-scheduling-core groupConsecutiveIntervals should set start and end times correctly","invocations":1,"location":null,"numPassingAsserts":2,"retryReasons":[],"startAt":1766162713112,"status":"passed","title":"should set start and end times correctly"},{"ancestorTitles":["time-scheduling-core","groupConsecutiveIntervals"],"duration":0,"failing":false,"failureDetails":[],"failureMessages":[],"fullName":"time-scheduling-core groupConsecutiveIntervals should handle single interval","invocations":1,"location":null,"numPassingAsserts":2,"retryReasons":[],"startAt":1766162713113,"status":"passed","title":"should handle single interval"},{"ancestorTitles":["time-scheduling-core","groupConsecutiveIntervals"],"duration":1,"failing":false,"failureDetails":[],"failureMessages":[],"fullName":"time-scheduling-core groupConsecutiveIntervals should return empty array for empty input","invocations":1,"location":null,"numPassingAsserts":3,"retryReasons":[],"startAt":1766162713114,"status":"passed","title":"should return empty array for empty input"},{"ancestorTitles":["time-scheduling-core","formatTime"],"duration":1,"failing":false,"failureDetails":[],"failureMessages":[],"fullName":"time-scheduling-core formatTime should format time as HH:MM","invocations":1,"location":null,"numPassingAsserts":1,"retryReasons":[],"startAt":1766162713115,"status":"passed","title":"should format time as HH:MM"},{"ancestorTitles":["time-scheduling-core","formatTime"],"duration":0,"failing":false,"failureDetails":[],"failureMessages":[],"fullName":"time-scheduling-core formatTime should pad single digits with zero","invocations":1,"location":null,"numPassingAsserts":1,"retryReasons":[],"startAt":1766162713117,"status":"passed","title":"should pad single digits with zero"},{"ancestorTitles":["time-scheduling-core","formatTime"],"duration":1,"failing":false,"failureDetails":[],"failureMessages":[],"fullName":"time-scheduling-core formatTime should handle midnight","invocations":1,"location":null,"numPassingAsserts":1,"retryReasons":[],"startAt":1766162713117,"status":"passed","title":"should handle midnight"},{"ancestorTitles":["time-scheduling-core","formatTime"],"duration":1,"failing":false,"failureDetails":[],"failureMessages":[],"fullName":"time-scheduling-core formatTime should handle invalid date","invocations":1,"location":null,"numPassingAsserts":2,"retryReasons":[],"startAt":1766162713118,"status":"passed","title":"should handle invalid date"},{"ancestorTitles":["time-scheduling-core","formatDateTime"],"duration":0,"failing":false,"failureDetails":[],"failureMessages":[],"fullName":"time-scheduling-core formatDateTime should format date and time","invocations":1,"location":null,"numPassingAsserts":1,"retryReasons":[],"startAt":1766162713119,"status":"passed","title":"should format date and time"},{"ancestorTitles":["time-scheduling-core","formatDateTime"],"duration":1,"failing":false,"failureDetails":[],"failureMessages":[],"fullName":"time-scheduling-core formatDateTime should handle invalid date","invocations":1,"location":null,"numPassingAsserts":1,"retryReasons":[],"startAt":1766162713119,"status":"passed","title":"should handle invalid date"},{"ancestorTitles":["time-scheduling-core","isToday"],"duration":0,"failing":false,"failureDetails":[],"failureMessages":[],"fullName":"time-scheduling-core isToday should return true for today","invocations":1,"location":null,"numPassingAsserts":1,"retryReasons":[],"startAt":1766162713120,"status":"passed","title":"should return true for today"},{"ancestorTitles":["time-scheduling-core","isToday"],"duration":1,"failing":false,"failureDetails":[],"failureMessages":[],"fullName":"time-scheduling-core isToday should return false for yesterday","invocations":1,"location":null,"numPassingAsserts":1,"retryReasons":[],"startAt":1766162713120,"status":"passed","title":"should return false for yesterday"},{"ancestorTitles":["time-scheduling-core","isToday"],"duration":0,"failing":false,"failureDetails":[],"failureMessages":[],"fullName":"time-scheduling-core isToday should return false for tomorrow","invocations":1,"location":null,"numPassingAsserts":1,"retryReasons":[],"startAt":1766162713121,"status":"passed","title":"should return false for tomorrow"},{"ancestorTitles":["time-scheduling-core","isToday"],"duration":1,"failing":false,"failureDetails":[],"failureMessages":[],"fullName":"time-scheduling-core isToday should handle invalid date","invocations":1,"location":null,"numPassingAsserts":2,"retryReasons":[],"startAt":1766162713121,"status":"passed","title":"should handle invalid date"},{"ancestorTitles":["time-scheduling-core","isTomorrow"],"duration":1,"failing":false,"failureDetails":[],"failureMessages":[],"fullName":"time-scheduling-core isTomorrow should return true for tomorrow","invocations":1,"location":null,"numPassingAsserts":1,"retryReasons":[],"startAt":1766162713122,"status":"passed","title":"should return true for tomorrow"},{"ancestorTitles":["time-scheduling-core","isTomorrow"],"duration":33,"failing":false,"failureDetails":[],"failureMessages":[],"fullName":"time-scheduling-core isTomorrow should return false for today","invocations":1,"location":null,"numPassingAsserts":1,"retryReasons":[],"startAt":1766162713127,"status":"passed","title":"should return false for today"},{"ancestorTitles":["time-scheduling-core","isTomorrow"],"duration":24,"failing":false,"failureDetails":[],"failureMessages":[],"fullName":"time-scheduling-core isTomorrow should return false for day after tomorrow","invocations":1,"location":null,"numPassingAsserts":1,"retryReasons":[],"startAt":1766162713161,"status":"passed","title":"should return false for day after tomorrow"},{"ancestorTitles":["time-scheduling-core","getNextIntervalStart"],"duration":1,"failing":false,"failureDetails":[],"failureMessages":[],"fullName":"time-scheduling-core getNextIntervalStart should return next future interval","invocations":1,"location":null,"numPassingAsserts":1,"retryReasons":[],"startAt":1766162713195,"status":"passed","title":"should return next future interval"},{"ancestorTitles":["time-scheduling-core","getNextIntervalStart"],"duration":1,"failing":false,"failureDetails":[],"failureMessages":[],"fullName":"time-scheduling-core getNextIntervalStart should return null if no future intervals","invocations":1,"location":null,"numPassingAsserts":1,"retryReasons":[],"startAt":1766162713197,"status":"passed","title":"should return null if no future intervals"},{"ancestorTitles":["time-scheduling-core","getNextIntervalStart"],"duration":15,"failing":false,"failureDetails":[],"failureMessages":[],"fullName":"time-scheduling-core getNextIntervalStart should return null for empty array","invocations":1,"location":null,"numPassingAsserts":1,"retryReasons":[],"startAt":1766162713199,"status":"passed","title":"should return null for empty array"},{"ancestorTitles":["time-scheduling-core","getNextIntervalStart"],"duration":1,"failing":false,"failureDetails":[],"failureMessages":[],"fullName":"time-scheduling-core getNextIntervalStart should handle unsorted intervals","invocations":1,"location":null,"numPassingAsserts":1,"retryReasons":[],"startAt":1766162713214,"status":"passed","title":"should handle unsorted intervals"},{"ancestorTitles":["time-scheduling-core","intervalMinutesToHours"],"duration":1,"failing":false,"failureDetails":[],"failureMessages":[],"fullName":"time-scheduling-core intervalMinutesToHours should convert 15 minutes to 0.25 hours","invocations":1,"location":null,"numPassingAsserts":1,"retryReasons":[],"startAt":1766162713215,"status":"passed","title":"should convert 15 minutes to 0.25 hours"},{"ancestorTitles":["time-scheduling-core","intervalMinutesToHours"],"duration":0,"failing":false,"failureDetails":[],"failureMessages":[],"fullName":"time-scheduling-core intervalMinutesToHours should convert 30 minutes to 0.5 hours","invocations":1,"location":null,"numPassingAsserts":1,"retryReasons":[],"startAt":1766162713216,"status":"passed","title":"should convert 30 minutes to 0.5 hours"},{"ancestorTitles":["time-scheduling-core","intervalMinutesToHours"],"duration":1,"failing":false,"failureDetails":[],"failureMessages":[],"fullName":"time-scheduling-core intervalMinutesToHours should convert 60 minutes to 1 hour","invocations":1,"location":null,"numPassingAsserts":1,"retryReasons":[],"startAt":1766162713216,"status":"passed","title":"should convert 60 minutes to 1 hour"},{"ancestorTitles":["time-scheduling-core","intervalsPerDay"],"duration":0,"failing":false,"failureDetails":[],"failureMessages":[],"fullName":"time-scheduling-core intervalsPerDay should return 96 for 15-minute intervals","invocations":1,"location":null,"numPassingAsserts":1,"retryReasons":[],"startAt":1766162713217,"status":"passed","title":"should return 96 for 15-minute intervals"},{"ancestorTitles":["time-scheduling-core","intervalsPerDay"],"duration":0,"failing":false,"failureDetails":[],"failureMessages":[],"fullName":"time-scheduling-core intervalsPerDay should return 48 for 30-minute intervals","invocations":1,"location":null,"numPassingAsserts":1,"retryReasons":[],"startAt":1766162713218,"status":"passed","title":"should return 48 for 30-minute intervals"},{"ancestorTitles":["time-scheduling-core","intervalsPerDay"],"duration":0,"failing":false,"failureDetails":[],"failureMessages":[],"fullName":"time-scheduling-core intervalsPerDay should return 24 for 60-minute intervals","invocations":1,"location":null,"numPassingAsserts":1,"retryReasons":[],"startAt":1766162713218,"status":"passed","title":"should return 24 for 60-minute intervals"},{"ancestorTitles":["time-scheduling-core","isSameDay"],"duration":0,"failing":false,"failureDetails":[],"failureMessages":[],"fullName":"time-scheduling-core isSameDay should return true for same day","invocations":1,"location":null,"numPassingAsserts":1,"retryReasons":[],"startAt":1766162713219,"status":"passed","title":"should return true for same day"},{"ancestorTitles":["time-scheduling-core","isSameDay"],"duration":1,"failing":false,"failureDetails":[],"failureMessages":[],"fullName":"time-scheduling-core isSameDay should return false for different days","invocations":1,"location":null,"numPassingAsserts":1,"retryReasons":[],"startAt":1766162713219,"status":"passed","title":"should return false for different days"},{"ancestorTitles":["time-scheduling-core","isSameDay"],"duration":1,"failing":false,"failureDetails":[],"failureMessages":[],"fullName":"time-scheduling-core isSameDay should return false for invalid dates","invocations":1,"location":null,"numPassingAsserts":3,"retryReasons":[],"startAt":1766162713220,"status":"passed","title":"should return false for invalid dates"}],"endTime":1766162713226,"message":"","name":"C:\\Users\\robin\\com.baumus.rctpowerstorage\\.homeybuild\\test\\time-scheduling-core.test.js","startTime":1766162712447,"status":"passed","summary":""},{"assertionResults":[{"ancestorTitles":["LP Optimizer Logic","optimizeStrategyWithLp"],"duration":52,"failing":false,"failureDetails":[],"failureMessages":[],"fullName":"LP Optimizer Logic optimizeStrategyWithLp returns null when LP solver not provided","invocations":1,"location":null,"numPassingAsserts":1,"retryReasons":[],"startAt":1766162713658,"status":"passed","title":"returns null when LP solver not provided"},{"ancestorTitles":["LP Optimizer Logic","optimizeStrategyWithLp"],"duration":1,"failing":false,"failureDetails":[],"failureMessages":[],"fullName":"LP Optimizer Logic optimizeStrategyWithLp returns null for empty price data","invocations":1,"location":null,"numPassingAsserts":1,"retryReasons":[],"startAt":1766162713711,"status":"passed","title":"returns null for empty price data"},{"ancestorTitles":["LP Optimizer Logic","optimizeStrategyWithLp"],"duration":2,"failing":false,"failureDetails":[],"failureMessages":[],"fullName":"LP Optimizer Logic optimizeStrategyWithLp validates battery parameters","invocations":1,"location":null,"numPassingAsserts":2,"retryReasons":[],"startAt":1766162713712,"status":"passed","title":"validates battery parameters"},{"ancestorTitles":["LP Optimizer Logic","optimizeStrategyWithLp"],"duration":1,"failing":false,"failureDetails":[],"failureMessages":[],"fullName":"LP Optimizer Logic optimizeStrategyWithLp validates SoC values","invocations":1,"location":null,"numPassingAsserts":4,"retryReasons":[],"startAt":1766162713714,"status":"passed","title":"validates SoC values"},{"ancestorTitles":["LP Optimizer Logic","optimizeStrategyWithLp"],"duration":10,"failing":false,"failureDetails":[],"failureMessages":[],"fullName":"LP Optimizer Logic optimizeStrategyWithLp handles LP solver throwing error","invocations":1,"location":null,"numPassingAsserts":2,"retryReasons":[],"startAt":1766162713716,"status":"passed","title":"handles LP solver throwing error"},{"ancestorTitles":["LP Optimizer Logic","optimizeStrategyWithLp"],"duration":4,"failing":false,"failureDetails":[],"failureMessages":[],"fullName":"LP Optimizer Logic optimizeStrategyWithLp handles LP solver returning invalid solution","invocations":1,"location":null,"numPassingAsserts":3,"retryReasons":[],"startAt":1766162713727,"status":"passed","title":"handles LP solver returning invalid solution"},{"ancestorTitles":["LP Optimizer Logic","optimizeStrategyWithLp"],"duration":3,"failing":false,"failureDetails":[],"failureMessages":[],"fullName":"LP Optimizer Logic optimizeStrategyWithLp successfully optimizes with valid LP solution","invocations":1,"location":null,"numPassingAsserts":10,"retryReasons":[],"startAt":1766162713732,"status":"passed","title":"successfully optimizes with valid LP solution"},{"ancestorTitles":["LP Optimizer Logic","optimizeStrategyWithLp"],"duration":3,"failing":false,"failureDetails":[],"failureMessages":[],"fullName":"LP Optimizer Logic optimizeStrategyWithLp filters out intervals below threshold (0.01 kWh)","invocations":1,"location":null,"numPassingAsserts":5,"retryReasons":[],"startAt":1766162713735,"status":"passed","title":"filters out intervals below threshold (0.01 kWh)"},{"ancestorTitles":["LP Optimizer Logic","optimizeStrategyWithLp"],"duration":1,"failing":false,"failureDetails":[],"failureMessages":[],"fullName":"LP Optimizer Logic optimizeStrategyWithLp returns null when battery at target and empty","invocations":1,"location":null,"numPassingAsserts":1,"retryReasons":[],"startAt":1766162713738,"status":"passed","title":"returns null when battery at target and empty"},{"ancestorTitles":["LP Optimizer Logic","optimizeStrategyWithLp"],"duration":2,"failing":false,"failureDetails":[],"failureMessages":[],"fullName":"LP Optimizer Logic optimizeStrategyWithLp calls logger when provided","invocations":1,"location":null,"numPassingAsserts":2,"retryReasons":[],"startAt":1766162713739,"status":"passed","title":"calls logger when provided"},{"ancestorTitles":["LP Optimizer Logic","optimizeStrategyWithLp"],"duration":1,"failing":false,"failureDetails":[],"failureMessages":[],"fullName":"LP Optimizer Logic optimizeStrategyWithLp includes battery cost basis in discharge objective coefficient for existing-energy discharge (d0_*)","invocations":1,"location":null,"numPassingAsserts":1,"retryReasons":[],"startAt":1766162713741,"status":"passed","title":"includes battery cost basis in discharge objective coefficient for existing-energy discharge (d0_*)"},{"ancestorTitles":["LP Optimizer Logic","optimizeStrategyWithLp"],"duration":2,"failing":false,"failureDetails":[],"failureMessages":[],"fullName":"LP Optimizer Logic optimizeStrategyWithLp adds solar surplus constraint (scCap_*) using PV surplus (PV > house load) as available charging energy","invocations":1,"location":null,"numPassingAsserts":3,"retryReasons":[],"startAt":1766162713742,"status":"passed","title":"adds solar surplus constraint (scCap_*) using PV surplus (PV > house load) as available charging energy"},{"ancestorTitles":["LP Optimizer Logic","optimizeStrategyWithLp"],"duration":2,"failing":false,"failureDetails":[],"failureMessages":[],"fullName":"LP Optimizer Logic optimizeStrategyWithLp adds min SoC constraint (sMin_*) when minEnergyKWh is provided","invocations":1,"location":null,"numPassingAsserts":6,"retryReasons":[],"startAt":1766162713744,"status":"passed","title":"adds min SoC constraint (sMin_*) when minEnergyKWh is provided"},{"ancestorTitles":["LP Optimizer Logic","Error handling edge cases"],"duration":1,"failing":false,"failureDetails":[],"failureMessages":[],"fullName":"LP Optimizer Logic Error handling edge cases forecastHouseSignalsPerInterval handles missing history gracefully","invocations":1,"location":null,"numPassingAsserts":2,"retryReasons":[],"startAt":1766162713746,"status":"passed","title":"forecastHouseSignalsPerInterval handles missing history gracefully"},{"ancestorTitles":["LP Optimizer Logic","Error handling edge cases"],"duration":0,"failing":false,"failureDetails":[],"failureMessages":[],"fullName":"LP Optimizer Logic Error handling edge cases forecastHouseSignalsPerInterval handles malformed history data","invocations":1,"location":null,"numPassingAsserts":1,"retryReasons":[],"startAt":1766162713748,"status":"passed","title":"forecastHouseSignalsPerInterval handles malformed history data"},{"ancestorTitles":["LP Optimizer Logic","optimizeStrategyWithLp additional edge cases"],"duration":1,"failing":false,"failureDetails":[],"failureMessages":[],"fullName":"LP Optimizer Logic optimizeStrategyWithLp additional edge cases optimizeStrategyWithLp handles missing intervalOfDay","invocations":1,"location":null,"numPassingAsserts":1,"retryReasons":[],"startAt":1766162713749,"status":"passed","title":"optimizeStrategyWithLp handles missing intervalOfDay"},{"ancestorTitles":["LP Optimizer Logic","optimizeStrategyWithLp additional edge cases"],"duration":27,"failing":false,"failureDetails":[],"failureMessages":[],"fullName":"LP Optimizer Logic optimizeStrategyWithLp additional edge cases optimizeStrategyWithLp handles extreme efficiency loss","invocations":1,"location":null,"numPassingAsserts":2,"retryReasons":[],"startAt":1766162713750,"status":"passed","title":"optimizeStrategyWithLp handles extreme efficiency loss"},{"ancestorTitles":["LP Optimizer Logic","optimizeStrategyWithLp additional edge cases"],"duration":16,"failing":false,"failureDetails":[],"failureMessages":[],"fullName":"LP Optimizer Logic optimizeStrategyWithLp additional edge cases optimizeStrategyWithLp handles very small battery","invocations":1,"location":null,"numPassingAsserts":1,"retryReasons":[],"startAt":1766162713777,"status":"passed","title":"optimizeStrategyWithLp handles very small battery"},{"ancestorTitles":["LP Optimizer Logic","optimizeStrategyWithLp additional edge cases"],"duration":9,"failing":false,"failureDetails":[],"failureMessages":[],"fullName":"LP Optimizer Logic optimizeStrategyWithLp additional edge cases optimizeStrategyWithLp handles large number of intervals","invocations":1,"location":null,"numPassingAsserts":3,"retryReasons":[],"startAt":1766162713794,"status":"passed","title":"optimizeStrategyWithLp handles large number of intervals"}],"endTime":1766162713806,"message":"","name":"C:\\Users\\robin\\com.baumus.rctpowerstorage\\.homeybuild\\test\\optimizer-lp.test.js","startTime":1766162713251,"status":"passed","summary":""},{"assertionResults":[{"ancestorTitles":["EnergyOptimizerDevice Tibber retry/backoff"],"duration":52,"failing":false,"failureDetails":[],"failureMessages":[],"fullName":"EnergyOptimizerDevice Tibber retry/backoff retries Tibber fetch on 5xx and succeeds","invocations":1,"location":null,"numPassingAsserts":2,"retryReasons":[],"startAt":1766162713767,"status":"passed","title":"retries Tibber fetch on 5xx and succeeds"}],"endTime":1766162713822,"message":"","name":"C:\\Users\\robin\\com.baumus.rctpowerstorage\\.homeybuild\\test\\device-tibber-retry.test.js","startTime":1766162710879,"status":"passed","summary":""},{"assertionResults":[{"ancestorTitles":["Integration Tests - Light","Full Optimization Flow"],"duration":22,"failing":false,"failureDetails":[],"failureMessages":[],"fullName":"Integration Tests - Light Full Optimization Flow should complete LP optimization cycle from price data to battery mode","invocations":1,"location":null,"numPassingAsserts":9,"retryReasons":[],"startAt":1766162713801,"status":"passed","title":"should complete LP optimization cycle from price data to battery mode"},{"ancestorTitles":["Integration Tests - Light","Battery Cost Tracking Integration"],"duration":4,"failing":false,"failureDetails":[],"failureMessages":[],"fullName":"Integration Tests - Light Battery Cost Tracking Integration should track battery costs through charge/discharge cycle","invocations":1,"location":null,"numPassingAsserts":7,"retryReasons":[],"startAt":1766162713824,"status":"passed","title":"should track battery costs through charge/discharge cycle"},{"ancestorTitles":["Integration Tests - Light","Battery Cost Tracking Integration"],"duration":1,"failing":false,"failureDetails":[],"failureMessages":[],"fullName":"Integration Tests - Light Battery Cost Tracking Integration should track mixed solar/grid charging correctly","invocations":1,"location":null,"numPassingAsserts":6,"retryReasons":[],"startAt":1766162713829,"status":"passed","title":"should track mixed solar/grid charging correctly"},{"ancestorTitles":["Integration Tests - Light","Price Lookup and Interval Matching"],"duration":3,"failing":false,"failureDetails":[],"failureMessages":[],"fullName":"Integration Tests - Light Price Lookup and Interval Matching should correctly match prices across time intervals","invocations":1,"location":null,"numPassingAsserts":5,"retryReasons":[],"startAt":1766162713831,"status":"passed","title":"should correctly match prices across time intervals"},{"ancestorTitles":["Integration Tests - Light","Error Handling and Edge Cases"],"duration":2,"failing":false,"failureDetails":[],"failureMessages":[],"fullName":"Integration Tests - Light Error Handling and Edge Cases should handle empty price data gracefully","invocations":1,"location":null,"numPassingAsserts":3,"retryReasons":[],"startAt":1766162713834,"status":"passed","title":"should handle empty price data gracefully"},{"ancestorTitles":["Integration Tests - Light","Error Handling and Edge Cases"],"duration":0,"failing":false,"failureDetails":[],"failureMessages":[],"fullName":"Integration Tests - Light Error Handling and Edge Cases should handle missing optimization strategy","invocations":1,"location":null,"numPassingAsserts":1,"retryReasons":[],"startAt":1766162713837,"status":"passed","title":"should handle missing optimization strategy"},{"ancestorTitles":["Integration Tests - Light","Error Handling and Edge Cases"],"duration":2,"failing":false,"failureDetails":[],"failureMessages":[],"fullName":"Integration Tests - Light Error Handling and Edge Cases should handle extreme battery states","invocations":1,"location":null,"numPassingAsserts":3,"retryReasons":[],"startAt":1766162713838,"status":"passed","title":"should handle extreme battery states"},{"ancestorTitles":["Integration Tests - Light","Battery Status Updates"],"duration":3,"failing":false,"failureDetails":[],"failureMessages":[],"fullName":"Integration Tests - Light Battery Status Updates should maintain energyCost data even when strategy intervals dont change","invocations":1,"location":null,"numPassingAsserts":18,"retryReasons":[],"startAt":1766162713841,"status":"passed","title":"should maintain energyCost data even when strategy intervals dont change"}],"endTime":1766162713846,"message":"","name":"C:\\Users\\robin\\com.baumus.rctpowerstorage\\.homeybuild\\test\\integration.test.js","startTime":1766162710882,"status":"passed","summary":""},{"assertionResults":[{"ancestorTitles":["EnergyOptimizerDevice stability hardening"],"duration":55,"failing":false,"failureDetails":[],"failureMessages":[],"fullName":"EnergyOptimizerDevice stability hardening should not run overlapping update ticks (mutex)","invocations":1,"location":null,"numPassingAsserts":3,"retryReasons":[],"startAt":1766162713784,"status":"passed","title":"should not run overlapping update ticks (mutex)"},{"ancestorTitles":["EnergyOptimizerDevice stability hardening"],"duration":5,"failing":false,"failureDetails":[],"failureMessages":[],"fullName":"EnergyOptimizerDevice stability hardening should batch queued store writes and persist only latest value per key","invocations":1,"location":null,"numPassingAsserts":3,"retryReasons":[],"startAt":1766162713840,"status":"passed","title":"should batch queued store writes and persist only latest value per key"},{"ancestorTitles":["EnergyOptimizerDevice stability hardening"],"duration":3,"failing":false,"failureDetails":[],"failureMessages":[],"fullName":"EnergyOptimizerDevice stability hardening should avoid redundant capability updates (diff helper)","invocations":1,"location":null,"numPassingAsserts":4,"retryReasons":[],"startAt":1766162713845,"status":"passed","title":"should avoid redundant capability updates (diff helper)"},{"ancestorTitles":["EnergyOptimizerDevice stability hardening"],"duration":3,"failing":false,"failureDetails":[],"failureMessages":[],"fullName":"EnergyOptimizerDevice stability hardening should short-circuit Tibber fetch when circuit breaker is open","invocations":1,"location":null,"numPassingAsserts":2,"retryReasons":[],"startAt":1766162713849,"status":"passed","title":"should short-circuit Tibber fetch when circuit breaker is open"}],"endTime":1766162713855,"message":"","name":"C:\\Users\\robin\\com.baumus.rctpowerstorage\\.homeybuild\\test\\device-stability-hardening.test.js","startTime":1766162710875,"status":"passed","summary":""},{"assertionResults":[{"ancestorTitles":["EnergyOptimizerDevice battery tracking integration"],"duration":85,"failing":false,"failureDetails":[],"failureMessages":[],"fullName":"EnergyOptimizerDevice battery tracking integration should track battery even if only measure_power exists (not measure_power.battery)","invocations":1,"location":null,"numPassingAsserts":5,"retryReasons":[],"startAt":1766162713802,"status":"passed","title":"should track battery even if only measure_power exists (not measure_power.battery)"},{"ancestorTitles":["EnergyOptimizerDevice battery tracking integration"],"duration":6,"failing":false,"failureDetails":[],"failureMessages":[],"fullName":"EnergyOptimizerDevice battery tracking integration should log solar charge even when last readings are 0 and batteryPower is ~0","invocations":1,"location":null,"numPassingAsserts":4,"retryReasons":[],"startAt":1766162713888,"status":"passed","title":"should log solar charge even when last readings are 0 and batteryPower is ~0"},{"ancestorTitles":["EnergyOptimizerDevice battery tracking integration"],"duration":4,"failing":false,"failureDetails":[],"failureMessages":[],"fullName":"EnergyOptimizerDevice battery tracking integration should initialize lastMeterReading on first run to prevent false deltas","invocations":1,"location":null,"numPassingAsserts":5,"retryReasons":[],"startAt":1766162713894,"status":"passed","title":"should initialize lastMeterReading on first run to prevent false deltas"},{"ancestorTitles":["EnergyOptimizerDevice battery tracking integration"],"duration":3,"failing":false,"failureDetails":[],"failureMessages":[],"fullName":"EnergyOptimizerDevice battery tracking integration should correctly calculate deltas when previous readings are 0 (using nullish coalescing)","invocations":1,"location":null,"numPassingAsserts":5,"retryReasons":[],"startAt":1766162713899,"status":"passed","title":"should correctly calculate deltas when previous readings are 0 (using nullish coalescing)"},{"ancestorTitles":["EnergyOptimizerDevice battery tracking integration"],"duration":2,"failing":false,"failureDetails":[],"failureMessages":[],"fullName":"EnergyOptimizerDevice battery tracking integration should advance meter baseline even when no battery energy moved","invocations":1,"location":null,"numPassingAsserts":3,"retryReasons":[],"startAt":1766162713903,"status":"passed","title":"should advance meter baseline even when no battery energy moved"},{"ancestorTitles":["EnergyOptimizerDevice battery tracking integration"],"duration":3,"failing":false,"failureDetails":[],"failureMessages":[],"fullName":"EnergyOptimizerDevice battery tracking integration should subtract exported energy when attributing solar to battery","invocations":1,"location":null,"numPassingAsserts":4,"retryReasons":[],"startAt":1766162713906,"status":"passed","title":"should subtract exported energy when attributing solar to battery"}],"endTime":1766162713912,"message":"","name":"C:\\Users\\robin\\com.baumus.rctpowerstorage\\.homeybuild\\test\\device-battery-tracking.test.js","startTime":1766162710866,"status":"passed","summary":""},{"assertionResults":[{"ancestorTitles":["EnergyOptimizerDevice Tibber retry/backoff"],"duration":23,"failing":false,"failureDetails":[],"failureMessages":[],"fullName":"EnergyOptimizerDevice Tibber retry/backoff retries Tibber fetch on 5xx and succeeds","invocations":1,"location":null,"numPassingAsserts":2,"retryReasons":[],"startAt":1766162713917,"status":"passed","title":"retries Tibber fetch on 5xx and succeeds"}],"endTime":1766162713943,"message":"","name":"C:\\Users\\robin\\com.baumus.rctpowerstorage\\test\\device-tibber-retry.test.js","startTime":1766162710839,"status":"passed","summary":""},{"assertionResults":[{"ancestorTitles":["EnergyOptimizerDevice battery tracking integration"],"duration":18,"failing":false,"failureDetails":[],"failureMessages":[],"fullName":"EnergyOptimizerDevice battery tracking integration should track battery even if only measure_power exists (not measure_power.battery)","invocations":1,"location":null,"numPassingAsserts":5,"retryReasons":[],"startAt":1766162713966,"status":"passed","title":"should track battery even if only measure_power exists (not measure_power.battery)"},{"ancestorTitles":["EnergyOptimizerDevice battery tracking integration"],"duration":5,"failing":false,"failureDetails":[],"failureMessages":[],"fullName":"EnergyOptimizerDevice battery tracking integration should log solar charge even when last readings are 0 and batteryPower is ~0","invocations":1,"location":null,"numPassingAsserts":4,"retryReasons":[],"startAt":1766162713985,"status":"passed","title":"should log solar charge even when last readings are 0 and batteryPower is ~0"},{"ancestorTitles":["EnergyOptimizerDevice battery tracking integration"],"duration":4,"failing":false,"failureDetails":[],"failureMessages":[],"fullName":"EnergyOptimizerDevice battery tracking integration should initialize lastMeterReading on first run to prevent false deltas","invocations":1,"location":null,"numPassingAsserts":5,"retryReasons":[],"startAt":1766162713990,"status":"passed","title":"should initialize lastMeterReading on first run to prevent false deltas"},{"ancestorTitles":["EnergyOptimizerDevice battery tracking integration"],"duration":3,"failing":false,"failureDetails":[],"failureMessages":[],"fullName":"EnergyOptimizerDevice battery tracking integration should correctly calculate deltas when previous readings are 0 (using nullish coalescing)","invocations":1,"location":null,"numPassingAsserts":5,"retryReasons":[],"startAt":1766162713995,"status":"passed","title":"should correctly calculate deltas when previous readings are 0 (using nullish coalescing)"},{"ancestorTitles":["EnergyOptimizerDevice battery tracking integration"],"duration":3,"failing":false,"failureDetails":[],"failureMessages":[],"fullName":"EnergyOptimizerDevice battery tracking integration should advance meter baseline even when no battery energy moved","invocations":1,"location":null,"numPassingAsserts":3,"retryReasons":[],"startAt":1766162713999,"status":"passed","title":"should advance meter baseline even when no battery energy moved"},{"ancestorTitles":["EnergyOptimizerDevice battery tracking integration"],"duration":4,"failing":false,"failureDetails":[],"failureMessages":[],"fullName":"EnergyOptimizerDevice battery tracking integration should subtract exported energy when attributing solar to battery","invocations":1,"location":null,"numPassingAsserts":4,"retryReasons":[],"startAt":1766162714002,"status":"passed","title":"should subtract exported energy when attributing solar to battery"}],"endTime":1766162714009,"message":"","name":"C:\\Users\\robin\\com.baumus.rctpowerstorage\\test\\device-battery-tracking.test.js","startTime":1766162710926,"status":"passed","summary":""},{"assertionResults":[{"ancestorTitles":["EnergyOptimizerDevice resource optimization","Rate-limited logging"],"duration":20,"failing":false,"failureDetails":[],"failureMessages":[],"fullName":"EnergyOptimizerDevice resource optimization Rate-limited logging should suppress repeated logs within interval","invocations":1,"location":null,"numPassingAsserts":5,"retryReasons":[],"startAt":1766162713783,"status":"passed","title":"should suppress repeated logs within interval"},{"ancestorTitles":["EnergyOptimizerDevice resource optimization","Rate-limited logging"],"duration":2,"failing":false,"failureDetails":[],"failureMessages":[],"fullName":"EnergyOptimizerDevice resource optimization Rate-limited logging should allow different categories to log independently","invocations":1,"location":null,"numPassingAsserts":3,"retryReasons":[],"startAt":1766162713805,"status":"passed","title":"should allow different categories to log independently"},{"ancestorTitles":["EnergyOptimizerDevice resource optimization","Strategy recalculation skip"],"duration":12,"failing":false,"failureDetails":[],"failureMessages":[],"fullName":"EnergyOptimizerDevice resource optimization Strategy recalculation skip should skip recalculation when inputs unchanged","invocations":1,"location":null,"numPassingAsserts":1,"retryReasons":[],"startAt":1766162713808,"status":"passed","title":"should skip recalculation when inputs unchanged"},{"ancestorTitles":["EnergyOptimizerDevice resource optimization","Strategy recalculation skip"],"duration":6,"failing":false,"failureDetails":[],"failureMessages":[],"fullName":"EnergyOptimizerDevice resource optimization Strategy recalculation skip should recalculate when input hash changes","invocations":1,"location":null,"numPassingAsserts":1,"retryReasons":[],"startAt":1766162713820,"status":"passed","title":"should recalculate when input hash changes"},{"ancestorTitles":["EnergyOptimizerDevice resource optimization","Strategy recalculation skip"],"duration":6,"failing":false,"failureDetails":[],"failureMessages":[],"fullName":"EnergyOptimizerDevice resource optimization Strategy recalculation skip should recalculate when force flag is true","invocations":1,"location":null,"numPassingAsserts":1,"retryReasons":[],"startAt":1766162713827,"status":"passed","title":"should recalculate when force flag is true"},{"ancestorTitles":["EnergyOptimizerDevice resource optimization","Strategy recalculation skip"],"duration":45,"failing":false,"failureDetails":[],"failureMessages":[],"fullName":"EnergyOptimizerDevice resource optimization Strategy recalculation skip should pass combined battery cost basis + min SoC to LP and expose same values in strategy batteryStatus","invocations":1,"location":null,"numPassingAsserts":6,"retryReasons":[],"startAt":1766162713833,"status":"passed","title":"should pass combined battery cost basis + min SoC to LP and expose same values in strategy batteryStatus"},{"ancestorTitles":["EnergyOptimizerDevice resource optimization","Strategy recalculation skip"],"duration":36,"failing":false,"failureDetails":[],"failureMessages":[],"fullName":"EnergyOptimizerDevice resource optimization Strategy recalculation skip should use no-op strategy when LP returns null (LP-only mode)","invocations":1,"location":null,"numPassingAsserts":5,"retryReasons":[],"startAt":1766162713878,"status":"passed","title":"should use no-op strategy when LP returns null (LP-only mode)"},{"ancestorTitles":["EnergyOptimizerDevice resource optimization","Strategy recalculation skip"],"duration":34,"failing":false,"failureDetails":[],"failureMessages":[],"fullName":"EnergyOptimizerDevice resource optimization Strategy recalculation skip should keep next_charge_start in the future during execution","invocations":1,"location":null,"numPassingAsserts":1,"retryReasons":[],"startAt":1766162713915,"status":"passed","title":"should keep next_charge_start in the future during execution"},{"ancestorTitles":["EnergyOptimizerDevice resource optimization","Strategy recalculation skip"],"duration":4,"failing":false,"failureDetails":[],"failureMessages":[],"fullName":"EnergyOptimizerDevice resource optimization Strategy recalculation skip should set next_charge_start to no_cheap_slots when all planned charge intervals are in the past","invocations":1,"location":null,"numPassingAsserts":1,"retryReasons":[],"startAt":1766162713949,"status":"passed","title":"should set next_charge_start to no_cheap_slots when all planned charge intervals are in the past"},{"ancestorTitles":["EnergyOptimizerDevice resource optimization","Device/driver cache"],"duration":3,"failing":false,"failureDetails":[],"failureMessages":[],"fullName":"EnergyOptimizerDevice resource optimization Device/driver cache should cache driver lookups and avoid repeated getDriver calls","invocations":1,"location":null,"numPassingAsserts":6,"retryReasons":[],"startAt":1766162713953,"status":"passed","title":"should cache driver lookups and avoid repeated getDriver calls"},{"ancestorTitles":["EnergyOptimizerDevice resource optimization","Device/driver cache"],"duration":3,"failing":false,"failureDetails":[],"failureMessages":[],"fullName":"EnergyOptimizerDevice resource optimization Device/driver cache should negative-cache missing drivers with shorter TTL","invocations":1,"location":null,"numPassingAsserts":6,"retryReasons":[],"startAt":1766162713957,"status":"passed","title":"should negative-cache missing drivers with shorter TTL"},{"ancestorTitles":["EnergyOptimizerDevice resource optimization","Device/driver cache"],"duration":3,"failing":false,"failureDetails":[],"failureMessages":[],"fullName":"EnergyOptimizerDevice resource optimization Device/driver cache should cache device lookups and avoid repeated getDevices scans","invocations":1,"location":null,"numPassingAsserts":6,"retryReasons":[],"startAt":1766162713960,"status":"passed","title":"should cache device lookups and avoid repeated getDevices scans"},{"ancestorTitles":["EnergyOptimizerDevice resource optimization","Device/driver cache"],"duration":2,"failing":false,"failureDetails":[],"failureMessages":[],"fullName":"EnergyOptimizerDevice resource optimization Device/driver cache should invalidate device cache when requested","invocations":1,"location":null,"numPassingAsserts":2,"retryReasons":[],"startAt":1766162713963,"status":"passed","title":"should invalidate device cache when requested"},{"ancestorTitles":["EnergyOptimizerDevice resource optimization","History pruning"],"duration":3,"failing":false,"failureDetails":[],"failureMessages":[],"fullName":"EnergyOptimizerDevice resource optimization History pruning should trim history arrays to max days","invocations":1,"location":null,"numPassingAsserts":3,"retryReasons":[],"startAt":1766162713965,"status":"passed","title":"should trim history arrays to max days"},{"ancestorTitles":["EnergyOptimizerDevice resource optimization","History pruning"],"duration":2,"failing":false,"failureDetails":[],"failureMessages":[],"fullName":"EnergyOptimizerDevice resource optimization History pruning should remove empty arrays from histories","invocations":1,"location":null,"numPassingAsserts":3,"retryReasons":[],"startAt":1766162713968,"status":"passed","title":"should remove empty arrays from histories"},{"ancestorTitles":["EnergyOptimizerDevice resource optimization","History pruning"],"duration":2,"failing":false,"failureDetails":[],"failureMessages":[],"fullName":"EnergyOptimizerDevice resource optimization History pruning should remove invalid (non-array) history entries","invocations":1,"location":null,"numPassingAsserts":4,"retryReasons":[],"startAt":1766162713970,"status":"passed","title":"should remove invalid (non-array) history entries"},{"ancestorTitles":["EnergyOptimizerDevice resource optimization","History pruning"],"duration":2,"failing":false,"failureDetails":[],"failureMessages":[],"fullName":"EnergyOptimizerDevice resource optimization History pruning should prune all history objects (production, consumption, battery)","invocations":1,"location":null,"numPassingAsserts":4,"retryReasons":[],"startAt":1766162713972,"status":"passed","title":"should prune all history objects (production, consumption, battery)"},{"ancestorTitles":["EnergyOptimizerDevice resource optimization","Combined battery cost (tracked + unknown)"],"duration":2,"failing":false,"failureDetails":[],"failureMessages":[],"fullName":"EnergyOptimizerDevice resource optimization Combined battery cost (tracked + unknown) should return tracked data only when unknownKWh is negligible","invocations":1,"location":null,"numPassingAsserts":5,"retryReasons":[],"startAt":1766162713974,"status":"passed","title":"should return tracked data only when unknownKWh is negligible"},{"ancestorTitles":["EnergyOptimizerDevice resource optimization","Combined battery cost (tracked + unknown)"],"duration":2,"failing":false,"failureDetails":[],"failureMessages":[],"fullName":"EnergyOptimizerDevice resource optimization Combined battery cost (tracked + unknown) should estimate all energy when no tracked data exists","invocations":1,"location":null,"numPassingAsserts":5,"retryReasons":[],"startAt":1766162713976,"status":"passed","title":"should estimate all energy when no tracked data exists"},{"ancestorTitles":["EnergyOptimizerDevice resource optimization","Combined battery cost (tracked + unknown)"],"duration":1,"failing":false,"failureDetails":[],"failureMessages":[],"fullName":"EnergyOptimizerDevice resource optimization Combined battery cost (tracked + unknown) should combine tracked and unknown energy with weighted average","invocations":1,"location":null,"numPassingAsserts":6,"retryReasons":[],"startAt":1766162713979,"status":"passed","title":"should combine tracked and unknown energy with weighted average"},{"ancestorTitles":["EnergyOptimizerDevice resource optimization","Combined battery cost (tracked + unknown)"],"duration":5,"failing":false,"failureDetails":[],"failureMessages":[],"fullName":"EnergyOptimizerDevice resource optimization Combined battery cost (tracked + unknown) should return null when totalKWh is below threshold","invocations":1,"location":null,"numPassingAsserts":1,"retryReasons":[],"startAt":1766162713981,"status":"passed","title":"should return null when totalKWh is below threshold"},{"ancestorTitles":["EnergyOptimizerDevice resource optimization","Combined battery cost (tracked + unknown)"],"duration":3,"failing":false,"failureDetails":[],"failureMessages":[],"fullName":"EnergyOptimizerDevice resource optimization Combined battery cost (tracked + unknown) should use planned charge intervals for unknown price estimate","invocations":1,"location":null,"numPassingAsserts":2,"retryReasons":[],"startAt":1766162713986,"status":"passed","title":"should use planned charge intervals for unknown price estimate"}],"endTime":1766162713992,"message":"","name":"C:\\Users\\robin\\com.baumus.rctpowerstorage\\.homeybuild\\test\\device-resource-optimization.test.js","startTime":1766162710850,"status":"passed","summary":""},{"assertionResults":[{"ancestorTitles":["Integration Tests - Light","Full Optimization Flow"],"duration":39,"failing":false,"failureDetails":[],"failureMessages":[],"fullName":"Integration Tests - Light Full Optimization Flow should complete LP optimization cycle from price data to battery mode","invocations":1,"location":null,"numPassingAsserts":9,"retryReasons":[],"startAt":1766162713967,"status":"passed","title":"should complete LP optimization cycle from price data to battery mode"},{"ancestorTitles":["Integration Tests - Light","Battery Cost Tracking Integration"],"duration":2,"failing":false,"failureDetails":[],"failureMessages":[],"fullName":"Integration Tests - Light Battery Cost Tracking Integration should track battery costs through charge/discharge cycle","invocations":1,"location":null,"numPassingAsserts":7,"retryReasons":[],"startAt":1766162714008,"status":"passed","title":"should track battery costs through charge/discharge cycle"},{"ancestorTitles":["Integration Tests - Light","Battery Cost Tracking Integration"],"duration":2,"failing":false,"failureDetails":[],"failureMessages":[],"fullName":"Integration Tests - Light Battery Cost Tracking Integration should track mixed solar/grid charging correctly","invocations":1,"location":null,"numPassingAsserts":6,"retryReasons":[],"startAt":1766162714010,"status":"passed","title":"should track mixed solar/grid charging correctly"},{"ancestorTitles":["Integration Tests - Light","Price Lookup and Interval Matching"],"duration":19,"failing":false,"failureDetails":[],"failureMessages":[],"fullName":"Integration Tests - Light Price Lookup and Interval Matching should correctly match prices across time intervals","invocations":1,"location":null,"numPassingAsserts":5,"retryReasons":[],"startAt":1766162714012,"status":"passed","title":"should correctly match prices across time intervals"},{"ancestorTitles":["Integration Tests - Light","Error Handling and Edge Cases"],"duration":2,"failing":false,"failureDetails":[],"failureMessages":[],"fullName":"Integration Tests - Light Error Handling and Edge Cases should handle empty price data gracefully","invocations":1,"location":null,"numPassingAsserts":3,"retryReasons":[],"startAt":1766162714032,"status":"passed","title":"should handle empty price data gracefully"},{"ancestorTitles":["Integration Tests - Light","Error Handling and Edge Cases"],"duration":1,"failing":false,"failureDetails":[],"failureMessages":[],"fullName":"Integration Tests - Light Error Handling and Edge Cases should handle missing optimization strategy","invocations":1,"location":null,"numPassingAsserts":1,"retryReasons":[],"startAt":1766162714034,"status":"passed","title":"should handle missing optimization strategy"},{"ancestorTitles":["Integration Tests - Light","Error Handling and Edge Cases"],"duration":10,"failing":false,"failureDetails":[],"failureMessages":[],"fullName":"Integration Tests - Light Error Handling and Edge Cases should handle extreme battery states","invocations":1,"location":null,"numPassingAsserts":3,"retryReasons":[],"startAt":1766162714036,"status":"passed","title":"should handle extreme battery states"},{"ancestorTitles":["Integration Tests - Light","Battery Status Updates"],"duration":3,"failing":false,"failureDetails":[],"failureMessages":[],"fullName":"Integration Tests - Light Battery Status Updates should maintain energyCost data even when strategy intervals dont change","invocations":1,"location":null,"numPassingAsserts":18,"retryReasons":[],"startAt":1766162714046,"status":"passed","title":"should maintain energyCost data even when strategy intervals dont change"}],"endTime":1766162714051,"message":"","name":"C:\\Users\\robin\\com.baumus.rctpowerstorage\\test\\integration.test.js","startTime":1766162710903,"status":"passed","summary":""},{"assertionResults":[{"ancestorTitles":["EnergyOptimizerDevice stability hardening"],"duration":65,"failing":false,"failureDetails":[],"failureMessages":[],"fullName":"EnergyOptimizerDevice stability hardening should not run overlapping update ticks (mutex)","invocations":1,"location":null,"numPassingAsserts":3,"retryReasons":[],"startAt":1766162713948,"status":"passed","title":"should not run overlapping update ticks (mutex)"},{"ancestorTitles":["EnergyOptimizerDevice stability hardening"],"duration":7,"failing":false,"failureDetails":[],"failureMessages":[],"fullName":"EnergyOptimizerDevice stability hardening should batch queued store writes and persist only latest value per key","invocations":1,"location":null,"numPassingAsserts":3,"retryReasons":[],"startAt":1766162714014,"status":"passed","title":"should batch queued store writes and persist only latest value per key"},{"ancestorTitles":["EnergyOptimizerDevice stability hardening"],"duration":5,"failing":false,"failureDetails":[],"failureMessages":[],"fullName":"EnergyOptimizerDevice stability hardening should avoid redundant capability updates (diff helper)","invocations":1,"location":null,"numPassingAsserts":4,"retryReasons":[],"startAt":1766162714022,"status":"passed","title":"should avoid redundant capability updates (diff helper)"},{"ancestorTitles":["EnergyOptimizerDevice stability hardening"],"duration":4,"failing":false,"failureDetails":[],"failureMessages":[],"fullName":"EnergyOptimizerDevice stability hardening should short-circuit Tibber fetch when circuit breaker is open","invocations":1,"location":null,"numPassingAsserts":2,"retryReasons":[],"startAt":1766162714027,"status":"passed","title":"should short-circuit Tibber fetch when circuit breaker is open"}],"endTime":1766162714034,"message":"","name":"C:\\Users\\robin\\com.baumus.rctpowerstorage\\test\\device-stability-hardening.test.js","startTime":1766162710870,"status":"passed","summary":""},{"assertionResults":[{"ancestorTitles":["time-scheduling-core","getIntervalOfDay"],"duration":23,"failing":false,"failureDetails":[],"failureMessages":[],"fullName":"time-scheduling-core getIntervalOfDay should calculate correct interval for midnight","invocations":1,"location":null,"numPassingAsserts":1,"retryReasons":[],"startAt":1766162714105,"status":"passed","title":"should calculate correct interval for midnight"},{"ancestorTitles":["time-scheduling-core","getIntervalOfDay"],"duration":1,"failing":false,"failureDetails":[],"failureMessages":[],"fullName":"time-scheduling-core getIntervalOfDay should calculate correct interval for 15 minutes","invocations":1,"location":null,"numPassingAsserts":1,"retryReasons":[],"startAt":1766162714129,"status":"passed","title":"should calculate correct interval for 15 minutes"},{"ancestorTitles":["time-scheduling-core","getIntervalOfDay"],"duration":2,"failing":false,"failureDetails":[],"failureMessages":[],"fullName":"time-scheduling-core getIntervalOfDay should calculate correct interval for noon","invocations":1,"location":null,"numPassingAsserts":1,"retryReasons":[],"startAt":1766162714130,"status":"passed","title":"should calculate correct interval for noon"},{"ancestorTitles":["time-scheduling-core","getIntervalOfDay"],"duration":1,"failing":false,"failureDetails":[],"failureMessages":[],"fullName":"time-scheduling-core getIntervalOfDay should calculate correct interval for 23:45","invocations":1,"location":null,"numPassingAsserts":1,"retryReasons":[],"startAt":1766162714133,"status":"passed","title":"should calculate correct interval for 23:45"},{"ancestorTitles":["time-scheduling-core","getIntervalOfDay"],"duration":11,"failing":false,"failureDetails":[],"failureMessages":[],"fullName":"time-scheduling-core getIntervalOfDay should handle 30-minute intervals","invocations":1,"location":null,"numPassingAsserts":1,"retryReasons":[],"startAt":1766162714135,"status":"passed","title":"should handle 30-minute intervals"},{"ancestorTitles":["time-scheduling-core","getIntervalOfDay"],"duration":7,"failing":false,"failureDetails":[],"failureMessages":[],"fullName":"time-scheduling-core getIntervalOfDay should return -1 for invalid date","invocations":1,"location":null,"numPassingAsserts":3,"retryReasons":[],"startAt":1766162714146,"status":"passed","title":"should return -1 for invalid date"},{"ancestorTitles":["time-scheduling-core","getPriceAtTime"],"duration":0,"failing":false,"failureDetails":[],"failureMessages":[],"fullName":"time-scheduling-core getPriceAtTime should find price for exact match","invocations":1,"location":null,"numPassingAsserts":1,"retryReasons":[],"startAt":1766162714154,"status":"passed","title":"should find price for exact match"},{"ancestorTitles":["time-scheduling-core","getPriceAtTime"],"duration":0,"failing":false,"failureDetails":[],"failureMessages":[],"fullName":"time-scheduling-core getPriceAtTime should find price for time within interval","invocations":1,"location":null,"numPassingAsserts":1,"retryReasons":[],"startAt":1766162714155,"status":"passed","title":"should find price for time within interval"},{"ancestorTitles":["time-scheduling-core","getPriceAtTime"],"duration":0,"failing":false,"failureDetails":[],"failureMessages":[],"fullName":"time-scheduling-core getPriceAtTime should return null for time not in cache","invocations":1,"location":null,"numPassingAsserts":1,"retryReasons":[],"startAt":1766162714156,"status":"passed","title":"should return null for time not in cache"},{"ancestorTitles":["time-scheduling-core","getPriceAtTime"],"duration":0,"failing":false,"failureDetails":[],"failureMessages":[],"fullName":"time-scheduling-core getPriceAtTime should return null for empty cache","invocations":1,"location":null,"numPassingAsserts":1,"retryReasons":[],"startAt":1766162714157,"status":"passed","title":"should return null for empty cache"},{"ancestorTitles":["time-scheduling-core","getPriceAtTime"],"duration":0,"failing":false,"failureDetails":[],"failureMessages":[],"fullName":"time-scheduling-core getPriceAtTime should return null for invalid inputs","invocations":1,"location":null,"numPassingAsserts":3,"retryReasons":[],"startAt":1766162714158,"status":"passed","title":"should return null for invalid inputs"},{"ancestorTitles":["time-scheduling-core","getPriceAtTime"],"duration":0,"failing":false,"failureDetails":[],"failureMessages":[],"fullName":"time-scheduling-core getPriceAtTime should handle different days correctly","invocations":1,"location":null,"numPassingAsserts":1,"retryReasons":[],"startAt":1766162714159,"status":"passed","title":"should handle different days correctly"},{"ancestorTitles":["time-scheduling-core","filterFutureIntervals"],"duration":3,"failing":false,"failureDetails":[],"failureMessages":[],"fullName":"time-scheduling-core filterFutureIntervals should filter to only future intervals","invocations":1,"location":null,"numPassingAsserts":3,"retryReasons":[],"startAt":1766162714159,"status":"passed","title":"should filter to only future intervals"},{"ancestorTitles":["time-scheduling-core","filterFutureIntervals"],"duration":1,"failing":false,"failureDetails":[],"failureMessages":[],"fullName":"time-scheduling-core filterFutureIntervals should return all intervals if all are in future","invocations":1,"location":null,"numPassingAsserts":1,"retryReasons":[],"startAt":1766162714162,"status":"passed","title":"should return all intervals if all are in future"},{"ancestorTitles":["time-scheduling-core","filterFutureIntervals"],"duration":1,"failing":false,"failureDetails":[],"failureMessages":[],"fullName":"time-scheduling-core filterFutureIntervals should return empty array if all intervals are past","invocations":1,"location":null,"numPassingAsserts":1,"retryReasons":[],"startAt":1766162714163,"status":"passed","title":"should return empty array if all intervals are past"},{"ancestorTitles":["time-scheduling-core","filterFutureIntervals"],"duration":1,"failing":false,"failureDetails":[],"failureMessages":[],"fullName":"time-scheduling-core filterFutureIntervals should return empty array for invalid input","invocations":1,"location":null,"numPassingAsserts":2,"retryReasons":[],"startAt":1766162714164,"status":"passed","title":"should return empty array for invalid input"},{"ancestorTitles":["time-scheduling-core","filterCurrentAndFutureIntervals"],"duration":1,"failing":false,"failureDetails":[],"failureMessages":[],"fullName":"time-scheduling-core filterCurrentAndFutureIntervals should include current interval (started but not ended)","invocations":1,"location":null,"numPassingAsserts":2,"retryReasons":[],"startAt":1766162714166,"status":"passed","title":"should include current interval (started but not ended)"},{"ancestorTitles":["time-scheduling-core","filterCurrentAndFutureIntervals"],"duration":1,"failing":false,"failureDetails":[],"failureMessages":[],"fullName":"time-scheduling-core filterCurrentAndFutureIntervals should be sorted by start time","invocations":1,"location":null,"numPassingAsserts":1,"retryReasons":[],"startAt":1766162714167,"status":"passed","title":"should be sorted by start time"},{"ancestorTitles":["time-scheduling-core","filterCurrentAndFutureIntervals"],"duration":1,"failing":false,"failureDetails":[],"failureMessages":[],"fullName":"time-scheduling-core filterCurrentAndFutureIntervals should handle 30-minute intervals","invocations":1,"location":null,"numPassingAsserts":1,"retryReasons":[],"startAt":1766162714168,"status":"passed","title":"should handle 30-minute intervals"},{"ancestorTitles":["time-scheduling-core","filterCurrentAndFutureIntervals"],"duration":1,"failing":false,"failureDetails":[],"failureMessages":[],"fullName":"time-scheduling-core filterCurrentAndFutureIntervals should return empty array for invalid input","invocations":1,"location":null,"numPassingAsserts":2,"retryReasons":[],"startAt":1766162714169,"status":"passed","title":"should return empty array for invalid input"},{"ancestorTitles":["time-scheduling-core","enrichPriceData"],"duration":2,"failing":false,"failureDetails":[],"failureMessages":[],"fullName":"time-scheduling-core enrichPriceData should add index and intervalOfDay to each entry","invocations":1,"location":null,"numPassingAsserts":6,"retryReasons":[],"startAt":1766162714170,"status":"passed","title":"should add index and intervalOfDay to each entry"},{"ancestorTitles":["time-scheduling-core","enrichPriceData"],"duration":0,"failing":false,"failureDetails":[],"failureMessages":[],"fullName":"time-scheduling-core enrichPriceData should preserve original data","invocations":1,"location":null,"numPassingAsserts":2,"retryReasons":[],"startAt":1766162714172,"status":"passed","title":"should preserve original data"},{"ancestorTitles":["time-scheduling-core","enrichPriceData"],"duration":0,"failing":false,"failureDetails":[],"failureMessages":[],"fullName":"time-scheduling-core enrichPriceData should handle empty array","invocations":1,"location":null,"numPassingAsserts":1,"retryReasons":[],"startAt":1766162714173,"status":"passed","title":"should handle empty array"},{"ancestorTitles":["time-scheduling-core","enrichPriceData"],"duration":1,"failing":false,"failureDetails":[],"failureMessages":[],"fullName":"time-scheduling-core enrichPriceData should handle invalid input","invocations":1,"location":null,"numPassingAsserts":2,"retryReasons":[],"startAt":1766162714175,"status":"passed","title":"should handle invalid input"},{"ancestorTitles":["time-scheduling-core","groupConsecutiveIntervals"],"duration":1,"failing":false,"failureDetails":[],"failureMessages":[],"fullName":"time-scheduling-core groupConsecutiveIntervals should group consecutive intervals into one block","invocations":1,"location":null,"numPassingAsserts":3,"retryReasons":[],"startAt":1766162714176,"status":"passed","title":"should group consecutive intervals into one block"},{"ancestorTitles":["time-scheduling-core","groupConsecutiveIntervals"],"duration":1,"failing":false,"failureDetails":[],"failureMessages":[],"fullName":"time-scheduling-core groupConsecutiveIntervals should split non-consecutive intervals into separate blocks","invocations":1,"location":null,"numPassingAsserts":3,"retryReasons":[],"startAt":1766162714177,"status":"passed","title":"should split non-consecutive intervals into separate blocks"},{"ancestorTitles":["time-scheduling-core","groupConsecutiveIntervals"],"duration":1,"failing":false,"failureDetails":[],"failureMessages":[],"fullName":"time-scheduling-core groupConsecutiveIntervals should set start and end times correctly","invocations":1,"location":null,"numPassingAsserts":2,"retryReasons":[],"startAt":1766162714178,"status":"passed","title":"should set start and end times correctly"},{"ancestorTitles":["time-scheduling-core","groupConsecutiveIntervals"],"duration":1,"failing":false,"failureDetails":[],"failureMessages":[],"fullName":"time-scheduling-core groupConsecutiveIntervals should handle single interval","invocations":1,"location":null,"numPassingAsserts":2,"retryReasons":[],"startAt":1766162714179,"status":"passed","title":"should handle single interval"},{"ancestorTitles":["time-scheduling-core","groupConsecutiveIntervals"],"duration":0,"failing":false,"failureDetails":[],"failureMessages":[],"fullName":"time-scheduling-core groupConsecutiveIntervals should return empty array for empty input","invocations":1,"location":null,"numPassingAsserts":3,"retryReasons":[],"startAt":1766162714180,"status":"passed","title":"should return empty array for empty input"},{"ancestorTitles":["time-scheduling-core","formatTime"],"duration":1,"failing":false,"failureDetails":[],"failureMessages":[],"fullName":"time-scheduling-core formatTime should format time as HH:MM","invocations":1,"location":null,"numPassingAsserts":1,"retryReasons":[],"startAt":1766162714181,"status":"passed","title":"should format time as HH:MM"},{"ancestorTitles":["time-scheduling-core","formatTime"],"duration":0,"failing":false,"failureDetails":[],"failureMessages":[],"fullName":"time-scheduling-core formatTime should pad single digits with zero","invocations":1,"location":null,"numPassingAsserts":1,"retryReasons":[],"startAt":1766162714182,"status":"passed","title":"should pad single digits with zero"},{"ancestorTitles":["time-scheduling-core","formatTime"],"duration":0,"failing":false,"failureDetails":[],"failureMessages":[],"fullName":"time-scheduling-core formatTime should handle midnight","invocations":1,"location":null,"numPassingAsserts":1,"retryReasons":[],"startAt":1766162714183,"status":"passed","title":"should handle midnight"},{"ancestorTitles":["time-scheduling-core","formatTime"],"duration":3,"failing":false,"failureDetails":[],"failureMessages":[],"fullName":"time-scheduling-core formatTime should handle invalid date","invocations":1,"location":null,"numPassingAsserts":2,"retryReasons":[],"startAt":1766162714183,"status":"passed","title":"should handle invalid date"},{"ancestorTitles":["time-scheduling-core","formatDateTime"],"duration":1,"failing":false,"failureDetails":[],"failureMessages":[],"fullName":"time-scheduling-core formatDateTime should format date and time","invocations":1,"location":null,"numPassingAsserts":1,"retryReasons":[],"startAt":1766162714186,"status":"passed","title":"should format date and time"},{"ancestorTitles":["time-scheduling-core","formatDateTime"],"duration":1,"failing":false,"failureDetails":[],"failureMessages":[],"fullName":"time-scheduling-core formatDateTime should handle invalid date","invocations":1,"location":null,"numPassingAsserts":1,"retryReasons":[],"startAt":1766162714187,"status":"passed","title":"should handle invalid date"},{"ancestorTitles":["time-scheduling-core","isToday"],"duration":0,"failing":false,"failureDetails":[],"failureMessages":[],"fullName":"time-scheduling-core isToday should return true for today","invocations":1,"location":null,"numPassingAsserts":1,"retryReasons":[],"startAt":1766162714188,"status":"passed","title":"should return true for today"},{"ancestorTitles":["time-scheduling-core","isToday"],"duration":1,"failing":false,"failureDetails":[],"failureMessages":[],"fullName":"time-scheduling-core isToday should return false for yesterday","invocations":1,"location":null,"numPassingAsserts":1,"retryReasons":[],"startAt":1766162714188,"status":"passed","title":"should return false for yesterday"},{"ancestorTitles":["time-scheduling-core","isToday"],"duration":0,"failing":false,"failureDetails":[],"failureMessages":[],"fullName":"time-scheduling-core isToday should return false for tomorrow","invocations":1,"location":null,"numPassingAsserts":1,"retryReasons":[],"startAt":1766162714189,"status":"passed","title":"should return false for tomorrow"},{"ancestorTitles":["time-scheduling-core","isToday"],"duration":1,"failing":false,"failureDetails":[],"failureMessages":[],"fullName":"time-scheduling-core isToday should handle invalid date","invocations":1,"location":null,"numPassingAsserts":2,"retryReasons":[],"startAt":1766162714189,"status":"passed","title":"should handle invalid date"},{"ancestorTitles":["time-scheduling-core","isTomorrow"],"duration":1,"failing":false,"failureDetails":[],"failureMessages":[],"fullName":"time-scheduling-core isTomorrow should return true for tomorrow","invocations":1,"location":null,"numPassingAsserts":1,"retryReasons":[],"startAt":1766162714190,"status":"passed","title":"should return true for tomorrow"},{"ancestorTitles":["time-scheduling-core","isTomorrow"],"duration":1,"failing":false,"failureDetails":[],"failureMessages":[],"fullName":"time-scheduling-core isTomorrow should return false for today","invocations":1,"location":null,"numPassingAsserts":1,"retryReasons":[],"startAt":1766162714191,"status":"passed","title":"should return false for today"},{"ancestorTitles":["time-scheduling-core","isTomorrow"],"duration":0,"failing":false,"failureDetails":[],"failureMessages":[],"fullName":"time-scheduling-core isTomorrow should return false for day after tomorrow","invocations":1,"location":null,"numPassingAsserts":1,"retryReasons":[],"startAt":1766162714192,"status":"passed","title":"should return false for day after tomorrow"},{"ancestorTitles":["time-scheduling-core","getNextIntervalStart"],"duration":0,"failing":false,"failureDetails":[],"failureMessages":[],"fullName":"time-scheduling-core getNextIntervalStart should return next future interval","invocations":1,"location":null,"numPassingAsserts":1,"retryReasons":[],"startAt":1766162714193,"status":"passed","title":"should return next future interval"},{"ancestorTitles":["time-scheduling-core","getNextIntervalStar
[...]
 use default values for optional parameters","invocations":1,"location":null,"numPassingAsserts":5,"retryReasons":[],"startAt":1766162714398,"status":"passed","title":"should use default values for optional parameters"},{"ancestorTitles":["battery-cost-core","createDischargeEntry"],"duration":1,"failing":false,"failureDetails":[],"failureMessages":[],"fullName":"battery-cost-core createDischargeEntry should create a discharge entry with negative totalKWh","invocations":1,"location":null,"numPassingAsserts":5,"retryReasons":[],"startAt":1766162714401,"status":"passed","title":"should create a discharge entry with negative totalKWh"},{"ancestorTitles":["battery-cost-core","createDischargeEntry"],"duration":0,"failing":false,"failureDetails":[],"failureMessages":[],"fullName":"battery-cost-core createDischargeEntry should handle positive dischargedKWh and make it negative","invocations":1,"location":null,"numPassingAsserts":1,"retryReasons":[],"startAt":1766162714403,"status":"passed","title":"should handle positive dischargedKWh and make it negative"},{"ancestorTitles":["battery-cost-core","createDischargeEntry"],"duration":7,"failing":false,"failureDetails":[],"failureMessages":[],"fullName":"battery-cost-core createDischargeEntry should use default values for optional parameters","invocations":1,"location":null,"numPassingAsserts":4,"retryReasons":[],"startAt":1766162714404,"status":"passed","title":"should use default values for optional parameters"},{"ancestorTitles":["battery-cost-core","shouldClearChargeLog"],"duration":1,"failing":false,"failureDetails":[],"failureMessages":[],"fullName":"battery-cost-core shouldClearChargeLog should return true when SoC at or below threshold with entries","invocations":1,"location":null,"numPassingAsserts":3,"retryReasons":[],"startAt":1766162714412,"status":"passed","title":"should return true when SoC at or below threshold with entries"},{"ancestorTitles":["battery-cost-core","shouldClearChargeLog"],"duration":2,"failing":false,"failureDetails":[],"failureMessages":[],"fullName":"battery-cost-core shouldClearChargeLog should return false when SoC above threshold","invocations":1,"location":null,"numPassingAsserts":3,"retryReasons":[],"startAt":1766162714413,"status":"passed","title":"should return false when SoC above threshold"},{"ancestorTitles":["battery-cost-core","shouldClearChargeLog"],"duration":1,"failing":false,"failureDetails":[],"failureMessages":[],"fullName":"battery-cost-core shouldClearChargeLog should return false when log is empty","invocations":1,"location":null,"numPassingAsserts":2,"retryReasons":[],"startAt":1766162714415,"status":"passed","title":"should return false when log is empty"},{"ancestorTitles":["battery-cost-core","shouldClearChargeLog"],"duration":1,"failing":false,"failureDetails":[],"failureMessages":[],"fullName":"battery-cost-core shouldClearChargeLog should handle different thresholds","invocations":1,"location":null,"numPassingAsserts":3,"retryReasons":[],"startAt":1766162714416,"status":"passed","title":"should handle different thresholds"},{"ancestorTitles":["battery-cost-core","trimChargeLog"],"duration":1,"failing":false,"failureDetails":[],"failureMessages":[],"fullName":"battery-cost-core trimChargeLog should trim log to max entries","invocations":1,"location":null,"numPassingAsserts":4,"retryReasons":[],"startAt":1766162714418,"status":"passed","title":"should trim log to max entries"},{"ancestorTitles":["battery-cost-core","trimChargeLog"],"duration":1,"failing":false,"failureDetails":[],"failureMessages":[],"fullName":"battery-cost-core trimChargeLog should not trim if log is smaller than max","invocations":1,"location":null,"numPassingAsserts":2,"retryReasons":[],"startAt":1766162714419,"status":"passed","title":"should not trim if log is smaller than max"},{"ancestorTitles":["battery-cost-core","trimChargeLog"],"duration":1,"failing":false,"failureDetails":[],"failureMessages":[],"fullName":"battery-cost-core trimChargeLog should handle empty log","invocations":1,"location":null,"numPassingAsserts":1,"retryReasons":[],"startAt":1766162714420,"status":"passed","title":"should handle empty log"},{"ancestorTitles":["battery-cost-core","trimChargeLog"],"duration":1,"failing":false,"failureDetails":[],"failureMessages":[],"fullName":"battery-cost-core trimChargeLog should handle null/undefined log","invocations":1,"location":null,"numPassingAsserts":2,"retryReasons":[],"startAt":1766162714421,"status":"passed","title":"should handle null/undefined log"},{"ancestorTitles":["battery-cost-core","trimChargeLog"],"duration":1,"failing":false,"failureDetails":[],"failureMessages":[],"fullName":"battery-cost-core trimChargeLog should handle exact size match","invocations":1,"location":null,"numPassingAsserts":2,"retryReasons":[],"startAt":1766162714422,"status":"passed","title":"should handle exact size match"},{"ancestorTitles":["battery-cost-core","calculateDischargeProfit"],"duration":2,"failing":false,"failureDetails":[],"failureMessages":[],"fullName":"battery-cost-core calculateDischargeProfit should calculate profit for profitable discharge","invocations":1,"location":null,"numPassingAsserts":6,"retryReasons":[],"startAt":1766162714423,"status":"passed","title":"should calculate profit for profitable discharge"},{"ancestorTitles":["battery-cost-core","calculateDischargeProfit"],"duration":1,"failing":false,"failureDetails":[],"failureMessages":[],"fullName":"battery-cost-core calculateDischargeProfit should calculate loss for unprofitable discharge","invocations":1,"location":null,"numPassingAsserts":6,"retryReasons":[],"startAt":1766162714425,"status":"passed","title":"should calculate loss for unprofitable discharge"},{"ancestorTitles":["battery-cost-core","calculateDischargeProfit"],"duration":0,"failing":false,"failureDetails":[],"failureMessages":[],"fullName":"battery-cost-core calculateDischargeProfit should handle zero discharge","invocations":1,"location":null,"numPassingAsserts":3,"retryReasons":[],"startAt":1766162714426,"status":"passed","title":"should handle zero discharge"},{"ancestorTitles":["battery-cost-core","calculateDischargeProfit"],"duration":0,"failing":false,"failureDetails":[],"failureMessages":[],"fullName":"battery-cost-core calculateDischargeProfit should handle negative values","invocations":1,"location":null,"numPassingAsserts":2,"retryReasons":[],"startAt":1766162714427,"status":"passed","title":"should handle negative values"},{"ancestorTitles":["battery-cost-core","calculateDischargeProfit"],"duration":1,"failing":false,"failureDetails":[],"failureMessages":[],"fullName":"battery-cost-core calculateDischargeProfit should handle break-even scenario","invocations":1,"location":null,"numPassingAsserts":3,"retryReasons":[],"startAt":1766162714427,"status":"passed","title":"should handle break-even scenario"},{"ancestorTitles":["battery-cost-core","calculateBatteryEnergyCost"],"duration":1,"failing":false,"failureDetails":[],"failureMessages":[],"fullName":"battery-cost-core calculateBatteryEnergyCost should return null for empty log","invocations":1,"location":null,"numPassingAsserts":3,"retryReasons":[],"startAt":1766162714428,"status":"passed","title":"should return null for empty log"},{"ancestorTitles":["battery-cost-core","calculateBatteryEnergyCost"],"duration":1,"failing":false,"failureDetails":[],"failureMessages":[],"fullName":"battery-cost-core calculateBatteryEnergyCost should calculate cost for simple charge from grid","invocations":1,"location":null,"numPassingAsserts":9,"retryReasons":[],"startAt":1766162714429,"status":"passed","title":"should calculate cost for simple charge from grid"},{"ancestorTitles":["battery-cost-core","calculateBatteryEnergyCost"],"duration":1,"failing":false,"failureDetails":[],"failureMessages":[],"fullName":"battery-cost-core calculateBatteryEnergyCost should calculate cost for simple charge from solar","invocations":1,"location":null,"numPassingAsserts":7,"retryReasons":[],"startAt":1766162714430,"status":"passed","title":"should calculate cost for simple charge from solar"},{"ancestorTitles":["battery-cost-core","calculateBatteryEnergyCost"],"duration":2,"failing":false,"failureDetails":[],"failureMessages":[],"fullName":"battery-cost-core calculateBatteryEnergyCost should calculate cost for mixed solar and grid charge","invocations":1,"location":null,"numPassingAsserts":8,"retryReasons":[],"startAt":1766162714431,"status":"passed","title":"should calculate cost for mixed solar and grid charge"},{"ancestorTitles":["battery-cost-core","calculateBatteryEnergyCost"],"duration":0,"failing":false,"failureDetails":[],"failureMessages":[],"fullName":"battery-cost-core calculateBatteryEnergyCost should handle charge and discharge sequence","invocations":1,"location":null,"numPassingAsserts":4,"retryReasons":[],"startAt":1766162714433,"status":"passed","title":"should handle charge and discharge sequence"},{"ancestorTitles":["battery-cost-core","calculateBatteryEnergyCost"],"duration":1,"failing":false,"failureDetails":[],"failureMessages":[],"fullName":"battery-cost-core calculateBatteryEnergyCost should handle multiple charges at different prices","invocations":1,"location":null,"numPassingAsserts":4,"retryReasons":[],"startAt":1766162714434,"status":"passed","title":"should handle multiple charges at different prices"},{"ancestorTitles":["battery-cost-core","calculateBatteryEnergyCost"],"duration":1,"failing":false,"failureDetails":[],"failureMessages":[],"fullName":"battery-cost-core calculateBatteryEnergyCost should return null when battery is effectively empty","invocations":1,"location":null,"numPassingAsserts":1,"retryReasons":[],"startAt":1766162714435,"status":"passed","title":"should return null when battery is effectively empty"},{"ancestorTitles":["battery-cost-core","calculateBatteryEnergyCost"],"duration":1,"failing":false,"failureDetails":[],"failureMessages":[],"fullName":"battery-cost-core calculateBatteryEnergyCost should handle complex charge/discharge sequence","invocations":1,"location":null,"numPassingAsserts":4,"retryReasons":[],"startAt":1766162714436,"status":"passed","title":"should handle complex charge/discharge sequence"},{"ancestorTitles":["battery-cost-core","calculateBatteryEnergyCost"],"duration":0,"failing":false,"failureDetails":[],"failureMessages":[],"fullName":"battery-cost-core calculateBatteryEnergyCost should handle edge case of very small remaining energy","invocations":1,"location":null,"numPassingAsserts":1,"retryReasons":[],"startAt":1766162714437,"status":"passed","title":"should handle edge case of very small remaining energy"},{"ancestorTitles":["battery-cost-core","calculateBatteryEnergyCost"],"duration":1,"failing":false,"failureDetails":[],"failureMessages":[],"fullName":"battery-cost-core calculateBatteryEnergyCost should call logger when provided","invocations":1,"location":null,"numPassingAsserts":2,"retryReasons":[],"startAt":1766162714437,"status":"passed","title":"should call logger when provided"},{"ancestorTitles":["battery-cost-core","calculateBatteryEnergyCost"],"duration":1,"failing":false,"failureDetails":[],"failureMessages":[],"fullName":"battery-cost-core calculateBatteryEnergyCost should handle proportional discharge correctly","invocations":1,"location":null,"numPassingAsserts":5,"retryReasons":[],"startAt":1766162714438,"status":"passed","title":"should handle proportional discharge correctly"}],"endTime":1766162714442,"message":"","name":"C:\\Users\\robin\\com.baumus.rctpowerstorage\\test\\battery-cost-core.test.js","startTime":1766162714097,"status":"passed","summary":""},{"assertionResults":[{"ancestorTitles":["LP Optimizer Logic","optimizeStrategyWithLp"],"duration":4,"failing":false,"failureDetails":[],"failureMessages":[],"fullName":"LP Optimizer Logic optimizeStrategyWithLp returns null when LP solver not provided","invocations":1,"location":null,"numPassingAsserts":1,"retryReasons":[],"startAt":1766162714417,"status":"passed","title":"returns null when LP solver not provided"},{"ancestorTitles":["LP Optimizer Logic","optimizeStrategyWithLp"],"duration":1,"failing":false,"failureDetails":[],"failureMessages":[],"fullName":"LP Optimizer Logic optimizeStrategyWithLp returns null for empty price data","invocations":1,"location":null,"numPassingAsserts":1,"retryReasons":[],"startAt":1766162714422,"status":"passed","title":"returns null for empty price data"},{"ancestorTitles":["LP Optimizer Logic","optimizeStrategyWithLp"],"duration":2,"failing":false,"failureDetails":[],"failureMessages":[],"fullName":"LP Optimizer Logic optimizeStrategyWithLp validates battery parameters","invocations":1,"location":null,"numPassingAsserts":2,"retryReasons":[],"startAt":1766162714423,"status":"passed","title":"validates battery parameters"},{"ancestorTitles":["LP Optimizer Logic","optimizeStrategyWithLp"],"duration":1,"failing":false,"failureDetails":[],"failureMessages":[],"fullName":"LP Optimizer Logic optimizeStrategyWithLp validates SoC values","invocations":1,"location":null,"numPassingAsserts":4,"retryReasons":[],"startAt":1766162714425,"status":"passed","title":"validates SoC values"},{"ancestorTitles":["LP Optimizer Logic","optimizeStrategyWithLp"],"duration":3,"failing":false,"failureDetails":[],"failureMessages":[],"fullName":"LP Optimizer Logic optimizeStrategyWithLp handles LP solver throwing error","invocations":1,"location":null,"numPassingAsserts":2,"retryReasons":[],"startAt":1766162714426,"status":"passed","title":"handles LP solver throwing error"},{"ancestorTitles":["LP Optimizer Logic","optimizeStrategyWithLp"],"duration":1,"failing":false,"failureDetails":[],"failureMessages":[],"fullName":"LP Optimizer Logic optimizeStrategyWithLp handles LP solver returning invalid solution","invocations":1,"location":null,"numPassingAsserts":3,"retryReasons":[],"startAt":1766162714430,"status":"passed","title":"handles LP solver returning invalid solution"},{"ancestorTitles":["LP Optimizer Logic","optimizeStrategyWithLp"],"duration":5,"failing":false,"failureDetails":[],"failureMessages":[],"fullName":"LP Optimizer Logic optimizeStrategyWithLp successfully optimizes with valid LP solution","invocations":1,"location":null,"numPassingAsserts":10,"retryReasons":[],"startAt":1766162714431,"status":"passed","title":"successfully optimizes with valid LP solution"},{"ancestorTitles":["LP Optimizer Logic","optimizeStrategyWithLp"],"duration":2,"failing":false,"failureDetails":[],"failureMessages":[],"fullName":"LP Optimizer Logic optimizeStrategyWithLp filters out intervals below threshold (0.01 kWh)","invocations":1,"location":null,"numPassingAsserts":5,"retryReasons":[],"startAt":1766162714436,"status":"passed","title":"filters out intervals below threshold (0.01 kWh)"},{"ancestorTitles":["LP Optimizer Logic","optimizeStrategyWithLp"],"duration":1,"failing":false,"failureDetails":[],"failureMessages":[],"fullName":"LP Optimizer Logic optimizeStrategyWithLp returns null when battery at target and empty","invocations":1,"location":null,"numPassingAsserts":1,"retryReasons":[],"startAt":1766162714438,"status":"passed","title":"returns null when battery at target and empty"},{"ancestorTitles":["LP Optimizer Logic","optimizeStrategyWithLp"],"duration":1,"failing":false,"failureDetails":[],"failureMessages":[],"fullName":"LP Optimizer Logic optimizeStrategyWithLp calls logger when provided","invocations":1,"location":null,"numPassingAsserts":2,"retryReasons":[],"startAt":1766162714439,"status":"passed","title":"calls logger when provided"},{"ancestorTitles":["LP Optimizer Logic","optimizeStrategyWithLp"],"duration":1,"failing":false,"failureDetails":[],"failureMessages":[],"fullName":"LP Optimizer Logic optimizeStrategyWithLp includes battery cost basis in discharge objective coefficient for existing-energy discharge (d0_*)","invocations":1,"location":null,"numPassingAsserts":1,"retryReasons":[],"startAt":1766162714440,"status":"passed","title":"includes battery cost basis in discharge objective coefficient for existing-energy discharge (d0_*)"},{"ancestorTitles":["LP Optimizer Logic","optimizeStrategyWithLp"],"duration":1,"failing":false,"failureDetails":[],"failureMessages":[],"fullName":"LP Optimizer Logic optimizeStrategyWithLp adds solar surplus constraint (scCap_*) using PV surplus (PV > house load) as available charging energy","invocations":1,"location":null,"numPassingAsserts":3,"retryReasons":[],"startAt":1766162714441,"status":"passed","title":"adds solar surplus constraint (scCap_*) using PV surplus (PV > house load) as available charging energy"},{"ancestorTitles":["LP Optimizer Logic","optimizeStrategyWithLp"],"duration":1,"failing":false,"failureDetails":[],"failureMessages":[],"fullName":"LP Optimizer Logic optimizeStrategyWithLp adds min SoC constraint (sMin_*) when minEnergyKWh is provided","invocations":1,"location":null,"numPassingAsserts":6,"retryReasons":[],"startAt":1766162714442,"status":"passed","title":"adds min SoC constraint (sMin_*) when minEnergyKWh is provided"},{"ancestorTitles":["LP Optimizer Logic","Error handling edge cases"],"duration":0,"failing":false,"failureDetails":[],"failureMessages":[],"fullName":"LP Optimizer Logic Error handling edge cases forecastHouseSignalsPerInterval handles missing history gracefully","invocations":1,"location":null,"numPassingAsserts":2,"retryReasons":[],"startAt":1766162714443,"status":"passed","title":"forecastHouseSignalsPerInterval handles missing history gracefully"},{"ancestorTitles":["LP Optimizer Logic","Error handling edge cases"],"duration":1,"failing":false,"failureDetails":[],"failureMessages":[],"fullName":"LP Optimizer Logic Error handling edge cases forecastHouseSignalsPerInterval handles malformed history data","invocations":1,"location":null,"numPassingAsserts":1,"retryReasons":[],"startAt":1766162714443,"status":"passed","title":"forecastHouseSignalsPerInterval handles malformed history data"},{"ancestorTitles":["LP Optimizer Logic","optimizeStrategyWithLp additional edge cases"],"duration":1,"failing":false,"failureDetails":[],"failureMessages":[],"fullName":"LP Optimizer Logic optimizeStrategyWithLp additional edge cases optimizeStrategyWithLp handles missing intervalOfDay","invocations":1,"location":null,"numPassingAsserts":1,"retryReasons":[],"startAt":1766162714444,"status":"passed","title":"optimizeStrategyWithLp handles missing intervalOfDay"},{"ancestorTitles":["LP Optimizer Logic","optimizeStrategyWithLp additional edge cases"],"duration":1,"failing":false,"failureDetails":[],"failureMessages":[],"fullName":"LP Optimizer Logic optimizeStrategyWithLp additional edge cases optimizeStrategyWithLp handles extreme efficiency loss","invocations":1,"location":null,"numPassingAsserts":2,"retryReasons":[],"startAt":1766162714445,"status":"passed","title":"optimizeStrategyWithLp handles extreme efficiency loss"},{"ancestorTitles":["LP Optimizer Logic","optimizeStrategyWithLp additional edge cases"],"duration":0,"failing":false,"failureDetails":[],"failureMessages":[],"fullName":"LP Optimizer Logic optimizeStrategyWithLp additional edge cases optimizeStrategyWithLp handles very small battery","invocations":1,"location":null,"numPassingAsserts":1,"retryReasons":[],"startAt":1766162714447,"status":"passed","title":"optimizeStrategyWithLp handles very small battery"},{"ancestorTitles":["LP Optimizer Logic","optimizeStrategyWithLp additional edge cases"],"duration":7,"failing":false,"failureDetails":[],"failureMessages":[],"fullName":"LP Optimizer Logic optimizeStrategyWithLp additional edge cases optimizeStrategyWithLp handles large number of intervals","invocations":1,"location":null,"numPassingAsserts":3,"retryReasons":[],"startAt":1766162714447,"status":"passed","title":"optimizeStrategyWithLp handles large number of intervals"}],"endTime":1766162714456,"message":"","name":"C:\\Users\\robin\\com.baumus.rctpowerstorage\\test\\optimizer-lp.test.js","startTime":1766162714103,"status":"passed","summary":""}],"wasInterrupted":false}
