{"C:\\Users\\robin\\com.baumus.rctpowerstorage\\drivers\\energy-optimizer\\device.js": {"path":"C:\\Users\\robin\\com.baumus.rctpowerstorage\\drivers\\energy-optimizer\\device.js","statementMap":{"0":{"start":{"line":3,"column":18},"end":{"line":3,"column":49}},"1":{"start":{"line":4,"column":61},"end":{"line":4,"column":88}},"2":{"start":{"line":8,"column":0},"end":{"line":13,"column":1}},"3":{"start":{"line":10,"column":2},"end":{"line":10,"column":64}},"4":{"start":{"line":16,"column":25},"end":{"line":16,"column":27}},"5":{"start":{"line":17,"column":23},"end":{"line":17,"column":44}},"6":{"start":{"line":18,"column":33},"end":{"line":18,"column":35}},"7":{"start":{"line":19,"column":37},"end":{"line":19,"column":40}},"8":{"start":{"line":20,"column":32},"end":{"line":20,"column":35}},"9":{"start":{"line":21,"column":27},"end":{"line":21,"column":29}},"10":{"start":{"line":22,"column":40},"end":{"line":22,"column":42}},"11":{"start":{"line":23,"column":39},"end":{"line":23,"column":43}},"12":{"start":{"line":24,"column":40},"end":{"line":24,"column":41}},"13":{"start":{"line":25,"column":30},"end":{"line":25,"column":31}},"14":{"start":{"line":26,"column":34},"end":{"line":26,"column":35}},"15":{"start":{"line":27,"column":31},"end":{"line":27,"column":35}},"16":{"start":{"line":28,"column":37},"end":{"line":28,"column":40}},"17":{"start":{"line":29,"column":29},"end":{"line":29,"column":30}},"18":{"start":{"line":30,"column":26},"end":{"line":30,"column":28}},"19":{"start":{"line":31,"column":32},"end":{"line":31,"column":72}},"20":{"start":{"line":32,"column":23},"end":{"line":32,"column":38}},"21":{"start":{"line":42,"column":4},"end":{"line":42,"column":16}},"22":{"start":{"line":49,"column":18},"end":{"line":49,"column":38}},"23":{"start":{"line":50,"column":4},"end":{"line":50,"column":86}},"24":{"start":{"line":57,"column":4},"end":{"line":62,"column":5}},"25":{"start":{"line":58,"column":6},"end":{"line":58,"column":46}},"26":{"start":{"line":60,"column":6},"end":{"line":60,"column":64}},"27":{"start":{"line":61,"column":6},"end":{"line":61,"column":18}},"28":{"start":{"line":69,"column":4},"end":{"line":69,"column":51}},"29":{"start":{"line":69,"column":39},"end":{"line":69,"column":51}},"30":{"start":{"line":70,"column":19},"end":{"line":70,"column":47}},"31":{"start":{"line":71,"column":4},"end":{"line":71,"column":29}},"32":{"start":{"line":71,"column":17},"end":{"line":71,"column":29}},"33":{"start":{"line":72,"column":20},"end":{"line":72,"column":39}},"34":{"start":{"line":73,"column":4},"end":{"line":73,"column":70}},"35":{"start":{"line":73,"column":36},"end":{"line":73,"column":68}},"36":{"start":{"line":80,"column":4},"end":{"line":80,"column":84}},"37":{"start":{"line":80,"column":72},"end":{"line":80,"column":84}},"38":{"start":{"line":81,"column":4},"end":{"line":81,"column":57}},"39":{"start":{"line":81,"column":45},"end":{"line":81,"column":57}},"40":{"start":{"line":82,"column":4},"end":{"line":87,"column":5}},"41":{"start":{"line":83,"column":6},"end":{"line":83,"column":53}},"42":{"start":{"line":85,"column":6},"end":{"line":85,"column":75}},"43":{"start":{"line":86,"column":6},"end":{"line":86,"column":18}},"44":{"start":{"line":94,"column":4},"end":{"line":101,"column":7}},"45":{"start":{"line":108,"column":4},"end":{"line":108,"column":46}},"46":{"start":{"line":115,"column":4},"end":{"line":115,"column":49}},"47":{"start":{"line":115,"column":31},"end":{"line":115,"column":49}},"48":{"start":{"line":122,"column":22},"end":{"line":122,"column":88}},"49":{"start":{"line":123,"column":4},"end":{"line":123,"column":75}},"50":{"start":{"line":125,"column":26},"end":{"line":125,"column":102}},"51":{"start":{"line":126,"column":4},"end":{"line":126,"column":95}},"52":{"start":{"line":128,"column":27},"end":{"line":128,"column":119}},"53":{"start":{"line":129,"column":4},"end":{"line":129,"column":84}},"54":{"start":{"line":131,"column":26},"end":{"line":131,"column":118}},"55":{"start":{"line":132,"column":4},"end":{"line":132,"column":60}},"56":{"start":{"line":134,"column":33},"end":{"line":134,"column":123}},"57":{"start":{"line":135,"column":4},"end":{"line":135,"column":123}},"58":{"start":{"line":139,"column":4},"end":{"line":139,"column":61}},"59":{"start":{"line":142,"column":4},"end":{"line":142,"column":35}},"60":{"start":{"line":143,"column":4},"end":{"line":143,"column":42}},"61":{"start":{"line":144,"column":4},"end":{"line":144,"column":39}},"62":{"start":{"line":145,"column":4},"end":{"line":145,"column":32}},"63":{"start":{"line":148,"column":4},"end":{"line":148,"column":40}},"64":{"start":{"line":151,"column":4},"end":{"line":151,"column":94}},"65":{"start":{"line":152,"column":4},"end":{"line":152,"column":92}},"66":{"start":{"line":153,"column":4},"end":{"line":153,"column":94}},"67":{"start":{"line":154,"column":4},"end":{"line":154,"column":58}},"68":{"start":{"line":157,"column":4},"end":{"line":157,"column":80}},"69":{"start":{"line":160,"column":4},"end":{"line":160,"column":76}},"70":{"start":{"line":161,"column":4},"end":{"line":161,"column":78}},"71":{"start":{"line":162,"column":4},"end":{"line":162,"column":70}},"72":{"start":{"line":163,"column":4},"end":{"line":163,"column":64}},"73":{"start":{"line":164,"column":4},"end":{"line":164,"column":75}},"74":{"start":{"line":165,"column":4},"end":{"line":165,"column":25}},"75":{"start":{"line":166,"column":4},"end":{"line":166,"column":32}},"76":{"start":{"line":167,"column":4},"end":{"line":167,"column":28}},"77":{"start":{"line":170,"column":4},"end":{"line":170,"column":36}},"78":{"start":{"line":173,"column":4},"end":{"line":173,"column":54}},"79":{"start":{"line":176,"column":4},"end":{"line":180,"column":5}},"80":{"start":{"line":177,"column":6},"end":{"line":177,"column":34}},"81":{"start":{"line":179,"column":6},"end":{"line":179,"column":89}},"82":{"start":{"line":183,"column":4},"end":{"line":183,"column":25}},"83":{"start":{"line":190,"column":25},"end":{"line":190,"column":96}},"84":{"start":{"line":192,"column":4},"end":{"line":197,"column":5}},"85":{"start":{"line":193,"column":6},"end":{"line":196,"column":7}},"86":{"start":{"line":194,"column":8},"end":{"line":194,"column":61}},"87":{"start":{"line":195,"column":8},"end":{"line":195,"column":45}},"88":{"start":{"line":204,"column":4},"end":{"line":204,"column":42}},"89":{"start":{"line":206,"column":4},"end":{"line":206,"column":57}},"90":{"start":{"line":208,"column":4},"end":{"line":212,"column":5}},"91":{"start":{"line":209,"column":6},"end":{"line":209,"column":34}},"92":{"start":{"line":211,"column":6},"end":{"line":211,"column":33}},"93":{"start":{"line":214,"column":4},"end":{"line":214,"column":16}},"94":{"start":{"line":221,"column":4},"end":{"line":221,"column":45}},"95":{"start":{"line":223,"column":4},"end":{"line":252,"column":5}},"96":{"start":{"line":224,"column":6},"end":{"line":224,"column":90}},"97":{"start":{"line":227,"column":21},"end":{"line":227,"column":49}},"98":{"start":{"line":228,"column":6},"end":{"line":233,"column":7}},"99":{"start":{"line":229,"column":8},"end":{"line":229,"column":96}},"100":{"start":{"line":230,"column":8},"end":{"line":230,"column":61}},"101":{"start":{"line":231,"column":8},"end":{"line":231,"column":50}},"102":{"start":{"line":232,"column":8},"end":{"line":232,"column":15}},"103":{"start":{"line":236,"column":6},"end":{"line":236,"column":41}},"104":{"start":{"line":237,"column":6},"end":{"line":237,"column":44}},"105":{"start":{"line":238,"column":6},"end":{"line":238,"column":38}},"106":{"start":{"line":241,"column":6},"end":{"line":241,"column":47}},"107":{"start":{"line":243,"column":6},"end":{"line":243,"column":32}},"108":{"start":{"line":244,"column":6},"end":{"line":244,"column":88}},"109":{"start":{"line":246,"column":6},"end":{"line":246,"column":58}},"110":{"start":{"line":247,"column":6},"end":{"line":247,"column":67}},"111":{"start":{"line":249,"column":6},"end":{"line":249,"column":53}},"112":{"start":{"line":250,"column":6},"end":{"line":250,"column":110}},"113":{"start":{"line":251,"column":6},"end":{"line":251,"column":47}},"114":{"start":{"line":259,"column":4},"end":{"line":259,"column":45}},"115":{"start":{"line":262,"column":4},"end":{"line":266,"column":5}},"116":{"start":{"line":263,"column":6},"end":{"line":263,"column":89}},"117":{"start":{"line":264,"column":6},"end":{"line":264,"column":96}},"118":{"start":{"line":265,"column":6},"end":{"line":265,"column":38}},"119":{"start":{"line":268,"column":4},"end":{"line":268,"column":41}},"120":{"start":{"line":275,"column":4},"end":{"line":275,"column":50}},"121":{"start":{"line":276,"column":4},"end":{"line":276,"column":27}},"122":{"start":{"line":277,"column":4},"end":{"line":277,"column":24}},"123":{"start":{"line":279,"column":4},"end":{"line":279,"column":28}},"124":{"start":{"line":287,"column":4},"end":{"line":289,"column":5}},"125":{"start":{"line":288,"column":6},"end":{"line":288,"column":13}},"126":{"start":{"line":291,"column":16},"end":{"line":291,"column":26}},"127":{"start":{"line":292,"column":24},"end":{"line":292,"column":38}},"128":{"start":{"line":293,"column":26},"end":{"line":293,"column":42}},"129":{"start":{"line":294,"column":24},"end":{"line":294,"column":42}},"130":{"start":{"line":296,"column":4},"end":{"line":322,"column":5}},"131":{"start":{"line":298,"column":24},"end":{"line":298,"column":94}},"132":{"start":{"line":299,"column":6},"end":{"line":303,"column":7}},"133":{"start":{"line":300,"column":8},"end":{"line":300,"column":89}},"134":{"start":{"line":301,"column":8},"end":{"line":301,"column":46}},"135":{"start":{"line":302,"column":8},"end":{"line":302,"column":43}},"136":{"start":{"line":306,"column":29},"end":{"line":306,"column":53}},"137":{"start":{"line":307,"column":6},"end":{"line":311,"column":7}},"138":{"start":{"line":308,"column":8},"end":{"line":308,"column":87}},"139":{"start":{"line":309,"column":8},"end":{"line":309,"column":54}},"140":{"start":{"line":310,"column":8},"end":{"line":310,"column":40}},"141":{"start":{"line":314,"column":6},"end":{"line":319,"column":7}},"142":{"start":{"line":315,"column":8},"end":{"line":315,"column":89}},"143":{"start":{"line":316,"column":8},"end":{"line":316,"column":57}},"144":{"start":{"line":317,"column":8},"end":{"line":317,"column":46}},"145":{"start":{"line":318,"column":8},"end":{"line":318,"column":49}},"146":{"start":{"line":321,"column":6},"end":{"line":321,"column":54}},"147":{"start":{"line":329,"column":24},"end":{"line":329,"column":55}},"148":{"start":{"line":330,"column":25},"end":{"line":330,"column":58}},"149":{"start":{"line":331,"column":28},"end":{"line":331,"column":64}},"150":{"start":{"line":334,"column":4},"end":{"line":339,"column":7}},"151":{"start":{"line":341,"column":4},"end":{"line":343,"column":5}},"152":{"start":{"line":342,"column":6},"end":{"line":342,"column":77}},"153":{"start":{"line":345,"column":4},"end":{"line":347,"column":5}},"154":{"start":{"line":346,"column":6},"end":{"line":346,"column":79}},"155":{"start":{"line":349,"column":4},"end":{"line":351,"column":5}},"156":{"start":{"line":350,"column":6},"end":{"line":350,"column":82}},"157":{"start":{"line":353,"column":4},"end":{"line":353,"column":27}},"158":{"start":{"line":360,"column":4},"end":{"line":438,"column":5}},"159":{"start":{"line":361,"column":6},"end":{"line":361,"column":56}},"160":{"start":{"line":362,"column":6},"end":{"line":362,"column":97}},"161":{"start":{"line":364,"column":26},"end":{"line":364,"column":70}},"162":{"start":{"line":365,"column":27},"end":{"line":365,"column":73}},"163":{"start":{"line":367,"column":20},"end":{"line":381,"column":7}},"164":{"start":{"line":383,"column":23},"end":{"line":390,"column":8}},"165":{"start":{"line":392,"column":6},"end":{"line":394,"column":7}},"166":{"start":{"line":393,"column":8},"end":{"line":393,"column":87}},"167":{"start":{"line":396,"column":19},"end":{"line":396,"column":40}},"168":{"start":{"line":399,"column":6},"end":{"line":401,"column":7}},"169":{"start":{"line":400,"column":8},"end":{"line":400,"column":65}},"170":{"start":{"line":403,"column":6},"end":{"line":405,"column":7}},"171":{"start":{"line":404,"column":8},"end":{"line":404,"column":77}},"172":{"start":{"line":407,"column":19},"end":{"line":407,"column":76}},"173":{"start":{"line":407,"column":54},"end":{"line":407,"column":75}},"174":{"start":{"line":409,"column":6},"end":{"line":411,"column":7}},"175":{"start":{"line":410,"column":8},"end":{"line":410,"column":63}},"176":{"start":{"line":413,"column":28},"end":{"line":413,"column":52}},"177":{"start":{"line":414,"column":20},"end":{"line":414,"column":41}},"178":{"start":{"line":415,"column":23},"end":{"line":415,"column":47}},"179":{"start":{"line":417,"column":18},"end":{"line":417,"column":28}},"180":{"start":{"line":420,"column":32},"end":{"line":420,"column":86}},"181":{"start":{"line":422,"column":6},"end":{"line":424,"column":69}},"182":{"start":{"line":423,"column":23},"end":{"line":423,"column":64}},"183":{"start":{"line":424,"column":24},"end":{"line":424,"column":67}},"184":{"start":{"line":426,"column":6},"end":{"line":426,"column":172}},"185":{"start":{"line":428,"column":6},"end":{"line":428,"column":88}},"186":{"start":{"line":429,"column":6},"end":{"line":429,"column":32}},"187":{"start":{"line":431,"column":6},"end":{"line":431,"column":50}},"188":{"start":{"line":432,"column":6},"end":{"line":432,"column":110}},"189":{"start":{"line":435,"column":6},"end":{"line":437,"column":7}},"190":{"start":{"line":436,"column":8},"end":{"line":436,"column":49}},"191":{"start":{"line":446,"column":4},"end":{"line":446,"column":88}},"192":{"start":{"line":448,"column":4},"end":{"line":451,"column":5}},"193":{"start":{"line":449,"column":6},"end":{"line":449,"column":63}},"194":{"start":{"line":450,"column":6},"end":{"line":450,"column":13}},"195":{"start":{"line":453,"column":16},"end":{"line":453,"column":26}},"196":{"start":{"line":454,"column":26},"end":{"line":457,"column":6}},"197":{"start":{"line":455,"column":20},"end":{"line":455,"column":40}},"198":{"start":{"line":456,"column":6},"end":{"line":456,"column":26}},"199":{"start":{"line":459,"column":4},"end":{"line":464,"column":5}},"200":{"start":{"line":460,"column":6},"end":{"line":460,"column":42}},"201":{"start":{"line":461,"column":6},"end":{"line":461,"column":53}},"202":{"start":{"line":462,"column":6},"end":{"line":462,"column":90}},"203":{"start":{"line":463,"column":6},"end":{"line":463,"column":13}},"204":{"start":{"line":467,"column":28},"end":{"line":467,"column":77}},"205":{"start":{"line":468,"column":26},"end":{"line":468,"column":85}},"206":{"start":{"line":470,"column":4},"end":{"line":474,"column":5}},"207":{"start":{"line":471,"column":6},"end":{"line":471,"column":73}},"208":{"start":{"line":472,"column":6},"end":{"line":472,"column":98}},"209":{"start":{"line":473,"column":6},"end":{"line":473,"column":13}},"210":{"start":{"line":476,"column":21},"end":{"line":476,"column":22}},"211":{"start":{"line":477,"column":21},"end":{"line":477,"column":77}},"212":{"start":{"line":478,"column":4},"end":{"line":482,"column":5}},"213":{"start":{"line":479,"column":6},"end":{"line":479,"column":34}},"214":{"start":{"line":481,"column":6},"end":{"line":481,"column":74}},"215":{"start":{"line":484,"column":28},"end":{"line":484,"column":116}},"216":{"start":{"line":485,"column":26},"end":{"line":485,"column":54}},"217":{"start":{"line":486,"column":30},"end":{"line":486,"column":60}},"218":{"start":{"line":487,"column":25},"end":{"line":487,"column":49}},"219":{"start":{"line":488,"column":36},"end":{"line":488,"column":65}},"220":{"start":{"line":489,"column":26},"end":{"line":489,"column":71}},"221":{"start":{"line":491,"column":4},"end":{"line":491,"column":41}},"222":{"start":{"line":492,"column":4},"end":{"line":492,"column":112}},"223":{"start":{"line":493,"column":4},"end":{"line":493,"column":159}},"224":{"start":{"line":494,"column":4},"end":{"line":494,"column":101}},"225":{"start":{"line":495,"column":4},"end":{"line":495,"column":88}},"226":{"start":{"line":498,"column":24},"end":{"line":502,"column":7}},"227":{"start":{"line":498,"column":57},"end":{"line":502,"column":5}},"228":{"start":{"line":504,"column":21},"end":{"line":504,"column":90}},"229":{"start":{"line":504,"column":52},"end":{"line":504,"column":65}},"230":{"start":{"line":505,"column":4},"end":{"line":505,"column":60}},"231":{"start":{"line":508,"column":21},"end":{"line":527,"column":5}},"232":{"start":{"line":529,"column":4},"end":{"line":587,"column":5}},"233":{"start":{"line":536,"column":10},"end":{"line":536,"column":18}},"234":{"start":{"line":539,"column":30},"end":{"line":539,"column":63}},"235":{"start":{"line":541,"column":6},"end":{"line":555,"column":8}},"236":{"start":{"line":557,"column":6},"end":{"line":557,"column":44}},"237":{"start":{"line":559,"column":6},"end":{"line":583,"column":7}},"238":{"start":{"line":560,"column":28},"end":{"line":560,"column":65}},"239":{"start":{"line":561,"column":30},"end":{"line":568,"column":10}},"240":{"start":{"line":570,"column":8},"end":{"line":570,"column":74}},"241":{"start":{"line":571,"column":8},"end":{"line":571,"column":92}},"242":{"start":{"line":573,"column":8},"end":{"line":573,"column":50}},"243":{"start":{"line":574,"column":8},"end":{"line":574,"column":64}},"244":{"start":{"line":575,"column":8},"end":{"line":575,"column":70}},"245":{"start":{"line":576,"column":8},"end":{"line":576,"column":66}},"246":{"start":{"line":577,"column":8},"end":{"line":577,"column":67}},"247":{"start":{"line":578,"column":8},"end":{"line":578,"column":62}},"248":{"start":{"line":579,"column":8},"end":{"line":579,"column":45}},"249":{"start":{"line":581,"column":8},"end":{"line":581,"column":99}},"250":{"start":{"line":582,"column":8},"end":{"line":582,"column":62}},"251":{"start":{"line":585,"column":6},"end":{"line":585,"column":88}},"252":{"start":{"line":586,"column":6},"end":{"line":586,"column":13}},"253":{"start":{"line":590,"column":4},"end":{"line":590,"column":74}},"254":{"start":{"line":593,"column":19},"end":{"line":602,"column":5}},"255":{"start":{"line":605,"column":20},"end":{"line":609,"column":5}},"256":{"start":{"line":612,"column":21},"end":{"line":612,"column":93}},"257":{"start":{"line":623,"column":8},"end":{"line":623,"column":16}},"258":{"start":{"line":625,"column":4},"end":{"line":625,"column":46}},"259":{"start":{"line":626,"column":4},"end":{"line":626,"column":76}},"260":{"start":{"line":627,"column":4},"end":{"line":627,"column":82}},"261":{"start":{"line":628,"column":4},"end":{"line":628,"column":63}},"262":{"start":{"line":629,"column":4},"end":{"line":629,"column":69}},"263":{"start":{"line":632,"column":4},"end":{"line":642,"column":5}},"264":{"start":{"line":633,"column":6},"end":{"line":633,"column":50}},"265":{"start":{"line":634,"column":6},"end":{"line":637,"column":9}},"266":{"start":{"line":635,"column":21},"end":{"line":635,"column":48}},"267":{"start":{"line":636,"column":8},"end":{"line":636,"column":126}},"268":{"start":{"line":638,"column":6},"end":{"line":640,"column":7}},"269":{"start":{"line":639,"column":8},"end":{"line":639,"column":83}},"270":{"start":{"line":641,"column":6},"end":{"line":641,"column":48}},"271":{"start":{"line":645,"column":28},"end":{"line":645,"column":61}},"272":{"start":{"line":647,"column":4},"end":{"line":661,"column":6}},"273":{"start":{"line":664,"column":4},"end":{"line":664,"column":42}},"274":{"start":{"line":666,"column":4},"end":{"line":700,"column":5}},"275":{"start":{"line":667,"column":26},"end":{"line":667,"column":71}},"276":{"start":{"line":669,"column":28},"end":{"line":676,"column":8}},"277":{"start":{"line":678,"column":6},"end":{"line":678,"column":67}},"278":{"start":{"line":679,"column":6},"end":{"line":679,"column":75}},"279":{"start":{"line":680,"column":6},"end":{"line":680,"column":63}},"280":{"start":{"line":681,"column":6},"end":{"line":681,"column":64}},"281":{"start":{"line":682,"column":6},"end":{"line":682,"column":73}},"282":{"start":{"line":684,"column":6},"end":{"line":684,"column":72}},"283":{"start":{"line":685,"column":6},"end":{"line":685,"column":108}},"284":{"start":{"line":687,"column":29},"end":{"line":687,"column":122}},"285":{"start":{"line":687,"column":72},"end":{"line":687,"column":85}},"286":{"start":{"line":688,"column":32},"end":{"line":688,"column":78}},"287":{"start":{"line":690,"column":6},"end":{"line":690,"column":45}},"288":{"start":{"line":691,"column":6},"end":{"line":691,"column":70}},"289":{"start":{"line":692,"column":6},"end":{"line":692,"column":64}},"290":{"start":{"line":693,"column":6},"end":{"line":693,"column":122}},"291":{"start":{"line":694,"column":6},"end":{"line":694,"column":65}},"292":{"start":{"line":695,"column":6},"end":{"line":695,"column":43}},"293":{"start":{"line":697,"column":6},"end":{"line":697,"column":61}},"294":{"start":{"line":698,"column":6},"end":{"line":698,"column":97}},"295":{"start":{"line":699,"column":6},"end":{"line":699,"column":60}},"296":{"start":{"line":707,"column":4},"end":{"line":707,"column":37}},"297":{"start":{"line":707,"column":27},"end":{"line":707,"column":37}},"298":{"start":{"line":709,"column":19},"end":{"line":709,"column":21}},"299":{"start":{"line":710,"column":23},"end":{"line":710,"column":52}},"300":{"start":{"line":712,"column":4},"end":{"line":721,"column":5}},"301":{"start":{"line":712,"column":17},"end":{"line":712,"column":18}},"302":{"start":{"line":714,"column":6},"end":{"line":720,"column":7}},"303":{"start":{"line":715,"column":8},"end":{"line":715,"column":50}},"304":{"start":{"line":718,"column":8},"end":{"line":718,"column":34}},"305":{"start":{"line":719,"column":8},"end":{"line":719,"column":53}},"306":{"start":{"line":724,"column":4},"end":{"line":724,"column":30}},"307":{"start":{"line":726,"column":4},"end":{"line":726,"column":18}},"308":{"start":{"line":733,"column":33},"end":{"line":733,"column":73}},"309":{"start":{"line":734,"column":4},"end":{"line":734,"column":49}},"310":{"start":{"line":741,"column":4},"end":{"line":769,"column":5}},"311":{"start":{"line":742,"column":30},"end":{"line":742,"column":79}},"312":{"start":{"line":743,"column":28},"end":{"line":743,"column":87}},"313":{"start":{"line":745,"column":6},"end":{"line":745,"column":39}},"314":{"start":{"line":745,"column":26},"end":{"line":745,"column":39}},"315":{"start":{"line":747,"column":23},"end":{"line":747,"column":79}},"316":{"start":{"line":748,"column":6},"end":{"line":748,"column":42}},"317":{"start":{"line":748,"column":29},"end":{"line":748,"column":42}},"318":{"start":{"line":750,"column":25},"end":{"line":750,"column":39}},"319":{"start":{"line":753,"column":6},"end":{"line":756,"column":7}},"320":{"start":{"line":754,"column":8},"end":{"line":754,"column":46}},"321":{"start":{"line":755,"column":8},"end":{"line":755,"column":21}},"322":{"start":{"line":759,"column":24},"end":{"line":759,"column":71}},"323":{"start":{"line":760,"column":30},"end":{"line":760,"column":61}},"324":{"start":{"line":761,"column":6},"end":{"line":764,"column":7}},"325":{"start":{"line":762,"column":8},"end":{"line":762,"column":46}},"326":{"start":{"line":763,"column":8},"end":{"line":763,"column":20}},"327":{"start":{"line":766,"column":6},"end":{"line":766,"column":19}},"328":{"start":{"line":768,"column":6},"end":{"line":768,"column":19}},"329":{"start":{"line":776,"column":4},"end":{"line":776,"column":61}},"330":{"start":{"line":777,"column":4},"end":{"line":777,"column":96}},"331":{"start":{"line":779,"column":4},"end":{"line":782,"column":5}},"332":{"start":{"line":780,"column":6},"end":{"line":780,"column":63}},"333":{"start":{"line":781,"column":6},"end":{"line":781,"column":13}},"334":{"start":{"line":784,"column":4},"end":{"line":787,"column":5}},"335":{"start":{"line":785,"column":6},"end":{"line":785,"column":63}},"336":{"start":{"line":786,"column":6},"end":{"line":786,"column":13}},"337":{"start":{"line":791,"column":4},"end":{"line":791,"column":178}},"338":{"start":{"line":793,"column":16},"end":{"line":793,"column":26}},"339":{"start":{"line":794,"column":4},"end":{"line":794,"column":92}},"340":{"start":{"line":797,"column":31},"end":{"line":797,"column":33}},"341":{"start":{"line":798,"column":4},"end":{"line":806,"column":5}},"342":{"start":{"line":798,"column":17},"end":{"line":798,"column":18}},"343":{"start":{"line":799,"column":20},"end":{"line":799,"column":57}},"344":{"start":{"line":800,"column":18},"end":{"line":800,"column":74}},"345":{"start":{"line":802,"column":6},"end":{"line":805,"column":7}},"346":{"start":{"line":803,"column":8},"end":{"line":803,"column":33}},"347":{"start":{"line":804,"column":8},"end":{"line":804,"column":14}},"348":{"start":{"line":808,"column":4},"end":{"line":816,"column":5}},"349":{"start":{"line":809,"column":6},"end":{"line":809,"column":60}},"350":{"start":{"line":810,"column":6},"end":{"line":810,"column":67}},"351":{"start":{"line":811,"column":6},"end":{"line":814,"column":7}},"352":{"start":{"line":812,"column":8},"end":{"line":812,"column":135}},"353":{"start":{"line":813,"column":8},"end":{"line":813,"column":159}},"354":{"start":{"line":815,"column":6},"end":{"line":815,"column":13}},"355":{"start":{"line":818,"column":4},"end":{"line":818,"column":184}},"356":{"start":{"line":819,"column":4},"end":{"line":819,"column":90}},"357":{"start":{"line":822,"column":25},"end":{"line":825,"column":7}},"358":{"start":{"line":824,"column":15},"end":{"line":824,"column":47}},"359":{"start":{"line":828,"column":28},"end":{"line":831,"column":7}},"360":{"start":{"line":830,"column":15},"end":{"line":830,"column":47}},"361":{"start":{"line":833,"column":4},"end":{"line":833,"column":41}},"362":{"start":{"line":834,"column":4},"end":{"line":834,"column":49}},"363":{"start":{"line":835,"column":4},"end":{"line":835,"column":55}},"364":{"start":{"line":837,"column":4},"end":{"line":964,"column":5}},"365":{"start":{"line":838,"column":30},"end":{"line":838,"column":79}},"366":{"start":{"line":839,"column":28},"end":{"line":839,"column":87}},"367":{"start":{"line":841,"column":6},"end":{"line":845,"column":7}},"368":{"start":{"line":842,"column":8},"end":{"line":842,"column":75}},"369":{"start":{"line":843,"column":8},"end":{"line":843,"column":100}},"370":{"start":{"line":844,"column":8},"end":{"line":844,"column":15}},"371":{"start":{"line":848,"column":23},"end":{"line":848,"column":43}},"372":{"start":{"line":849,"column":24},"end":{"line":849,"column":28}},"373":{"start":{"line":851,"column":6},"end":{"line":957,"column":7}},"374":{"start":{"line":852,"column":8},"end":{"line":852,"column":77}},"375":{"start":{"line":853,"column":8},"end":{"line":853,"column":72}},"376":{"start":{"line":856,"column":8},"end":{"line":869,"column":9}},"377":{"start":{"line":857,"column":10},"end":{"line":857,"column":51}},"378":{"start":{"line":858,"column":10},"end":{"line":858,"column":71}},"379":{"start":{"line":859,"column":10},"end":{"line":859,"column":94}},"380":{"start":{"line":860,"column":10},"end":{"line":860,"column":33}},"381":{"start":{"line":863,"column":10},"end":{"line":866,"column":11}},"382":{"start":{"line":864,"column":30},"end":{"line":864,"column":97}},"383":{"start":{"line":865,"column":12},"end":{"line":865,"column":68}},"384":{"start":{"line":868,"column":10},"end":{"line":868,"column":81}},"385":{"start":{"line":870,"column":13},"end":{"line":957,"column":7}},"386":{"start":{"line":871,"column":8},"end":{"line":871,"column":80}},"387":{"start":{"line":872,"column":8},"end":{"line":872,"column":80}},"388":{"start":{"line":875,"column":8},"end":{"line":888,"column":9}},"389":{"start":{"line":876,"column":10},"end":{"line":876,"column":59}},"390":{"start":{"line":877,"column":10},"end":{"line":877,"column":79}},"391":{"start":{"line":878,"column":10},"end":{"line":878,"column":97}},"392":{"start":{"line":879,"column":10},"end":{"line":879,"column":36}},"393":{"start":{"line":882,"column":10},"end":{"line":885,"column":11}},"394":{"start":{"line":883,"column":30},"end":{"line":883,"column":97}},"395":{"start":{"line":884,"column":12},"end":{"line":884,"column":68}},"396":{"start":{"line":887,"column":10},"end":{"line":887,"column":89}},"397":{"start":{"line":890,"column":8},"end":{"line":890,"column":71}},"398":{"start":{"line":893,"column":29},"end":{"line":893,"column":62}},"399":{"start":{"line":894,"column":24},"end":{"line":894,"column":25}},"400":{"start":{"line":896,"column":8},"end":{"line":908,"column":9}},"401":{"start":{"line":897,"column":10},"end":{"line":907,"column":11}},"402":{"start":{"line":898,"column":31},"end":{"line":898,"column":73}},"403":{"start":{"line":899,"column":32},"end":{"line":899,"column":55}},"404":{"start":{"line":900,"column":31},"end":{"line":900,"column":97}},"405":{"start":{"line":900,"column":60},"end":{"line":900,"column":96}},"406":{"start":{"line":901,"column":12},"end":{"line":904,"column":13}},"407":{"start":{"line":902,"column":14},"end":{"line":902,"column":78}},"408":{"start":{"line":903,"column":14},"end":{"line":903,"column":67}},"409":{"start":{"line":906,"column":12},"end":{"line":906,"column":95}},"410":{"start":{"line":911,"column":8},"end":{"line":956,"column":9}},"411":{"start":{"line":913,"column":10},"end":{"line":913,"column":145}},"412":{"start":{"line":914,"column":10},"end":{"line":927,"column":11}},"413":{"start":{"line":915,"column":12},"end":{"line":915,"column":61}},"414":{"start":{"line":916,"column":12},"end":{"line":916,"column":81}},"415":{"start":{"line":917,"column":12},"end":{"line":917,"column":111}},"416":{"start":{"line":918,"column":12},"end":{"line":918,"column":41}},"417":{"start":{"line":921,"column":12},"end":{"line":924,"column":13}},"418":{"start":{"line":922,"column":32},"end":{"line":922,"column":71}},"419":{"start":{"line":923,"column":14},"end":{"line":923,"column":70}},"420":{"start":{"line":926,"column":12},"end":{"line":926,"column":91}},"421":{"start":{"line":928,"column":15},"end":{"line":956,"column":9}},"422":{"start":{"line":930,"column":10},"end":{"line":930,"column":143}},"423":{"start":{"line":931,"column":10},"end":{"line":943,"column":11}},"424":{"start":{"line":932,"column":12},"end":{"line":932,"column":58}},"425":{"start":{"line":933,"column":12},"end":{"line":933,"column":78}},"426":{"start":{"line":934,"column":12},"end":{"line":934,"column":98}},"427":{"start":{"line":935,"column":12},"end":{"line":935,"column":40}},"428":{"start":{"line":938,"column":12},"end":{"line":940,"column":13}},"429":{"start":{"line":939,"column":14},"end":{"line":939,"column":59}},"430":{"start":{"line":942,"column":12},"end":{"line":942,"column":88}},"431":{"start":{"line":946,"column":10},"end":{"line":946,"column":156}},"432":{"start":{"line":947,"column":10},"end":{"line":947,"column":96}},"433":{"start":{"line":948,"column":10},"end":{"line":948,"column":50}},"434":{"start":{"line":951,"column":10},"end":{"line":955,"column":11}},"435":{"start":{"line":952,"column":12},"end":{"line":952,"column":111}},"436":{"start":{"line":954,"column":12},"end":{"line":954,"column":98}},"437":{"start":{"line":960,"column":6},"end":{"line":960,"column":41}},"438":{"start":{"line":962,"column":6},"end":{"line":962,"column":66}},"439":{"start":{"line":963,"column":6},"end":{"line":963,"column":110}},"440":{"start":{"line":971,"column":4},"end":{"line":1006,"column":5}},"441":{"start":{"line":972,"column":20},"end":{"line":972,"column":22}},"442":{"start":{"line":973,"column":17},"end":{"line":973,"column":19}},"443":{"start":{"line":975,"column":6},"end":{"line":995,"column":7}},"444":{"start":{"line":977,"column":10},"end":{"line":977,"column":55}},"445":{"start":{"line":978,"column":10},"end":{"line":978,"column":21}},"446":{"start":{"line":979,"column":10},"end":{"line":979,"column":16}},"447":{"start":{"line":981,"column":10},"end":{"line":981,"column":58}},"448":{"start":{"line":982,"column":10},"end":{"line":982,"column":22}},"449":{"start":{"line":983,"column":10},"end":{"line":983,"column":16}},"450":{"start":{"line":985,"column":10},"end":{"line":985,"column":59}},"451":{"start":{"line":986,"column":10},"end":{"line":986,"column":22}},"452":{"start":{"line":987,"column":10},"end":{"line":987,"column":16}},"453":{"start":{"line":989,"column":10},"end":{"line":989,"column":58}},"454":{"start":{"line":990,"column":10},"end":{"line":990,"column":22}},"455":{"start":{"line":991,"column":10},"end":{"line":991,"column":16}},"456":{"start":{"line":993,"column":10},"end":{"line":993,"column":52}},"457":{"start":{"line":994,"column":10},"end":{"line":994,"column":17}},"458":{"start":{"line":997,"column":26},"end":{"line":997,"column":90}},"459":{"start":{"line":999,"column":6},"end":{"line":1001,"column":9}},"460":{"start":{"line":1003,"column":6},"end":{"line":1003,"column":59}},"461":{"start":{"line":1005,"column":6},"end":{"line":1005,"column":65}},"462":{"start":{"line":1013,"column":4},"end":{"line":1015,"column":5}},"463":{"start":{"line":1014,"column":6},"end":{"line":1014,"column":13}},"464":{"start":{"line":1017,"column":4},"end":{"line":1117,"column":5}},"465":{"start":{"line":1018,"column":18},"end":{"line":1018,"column":28}},"466":{"start":{"line":1019,"column":35},"end":{"line":1019,"column":73}},"467":{"start":{"line":1020,"column":28},"end":{"line":1020,"column":79}},"468":{"start":{"line":1022,"column":27},"end":{"line":1022,"column":91}},"469":{"start":{"line":1025,"column":28},"end":{"line":1025,"column":62}},"470":{"start":{"line":1026,"column":6},"end":{"line":1050,"column":7}},"471":{"start":{"line":1027,"column":8},"end":{"line":1049,"column":9}},"472":{"start":{"line":1028,"column":30},"end":{"line":1028,"column":73}},"473":{"start":{"line":1029,"column":31},"end":{"line":1029,"column":55}},"474":{"start":{"line":1030,"column":30},"end":{"line":1030,"column":98}},"475":{"start":{"line":1030,"column":60},"end":{"line":1030,"column":97}},"476":{"start":{"line":1032,"column":10},"end":{"line":1045,"column":11}},"477":{"start":{"line":1033,"column":31},"end":{"line":1033,"column":83}},"478":{"start":{"line":1035,"column":12},"end":{"line":1037,"column":13}},"479":{"start":{"line":1036,"column":14},"end":{"line":1036,"column":57}},"480":{"start":{"line":1039,"column":12},"end":{"line":1039,"column":67}},"481":{"start":{"line":1042,"column":12},"end":{"line":1044,"column":13}},"482":{"start":{"line":1043,"column":14},"end":{"line":1043,"column":60}},"483":{"start":{"line":1048,"column":10},"end":{"line":1048,"column":66}},"484":{"start":{"line":1053,"column":27},"end":{"line":1053,"column":60}},"485":{"start":{"line":1054,"column":6},"end":{"line":1078,"column":7}},"486":{"start":{"line":1055,"column":8},"end":{"line":1077,"column":9}},"487":{"start":{"line":1056,"column":29},"end":{"line":1056,"column":71}},"488":{"start":{"line":1057,"column":30},"end":{"line":1057,"column":53}},"489":{"start":{"line":1058,"column":29},"end":{"line":1058,"column":95}},"490":{"start":{"line":1058,"column":58},"end":{"line":1058,"column":94}},"491":{"start":{"line":1060,"column":10},"end":{"line":1073,"column":11}},"492":{"start":{"line":1061,"column":30},"end":{"line":1061,"column":81}},"493":{"start":{"line":1063,"column":12},"end":{"line":1065,"column":13}},"494":{"start":{"line":1064,"column":14},"end":{"line":1064,"column":58}},"495":{"start":{"line":1067,"column":12},"end":{"line":1067,"column":77}},"496":{"start":{"line":1070,"column":12},"end":{"line":1072,"column":13}},"497":{"start":{"line":1071,"column":14},"end":{"line":1071,"column":61}},"498":{"start":{"line":1076,"column":10},"end":{"line":1076,"column":65}},"499":{"start":{"line":1081,"column":30},"end":{"line":1081,"column":66}},"500":{"start":{"line":1082,"column":6},"end":{"line":1109,"column":7}},"501":{"start":{"line":1083,"column":8},"end":{"line":1108,"column":9}},"502":{"start":{"line":1084,"column":32},"end":{"line":1084,"column":84}},"503":{"start":{"line":1085,"column":33},"end":{"line":1085,"column":59}},"504":{"start":{"line":1086,"column":32},"end":{"line":1086,"column":104}},"505":{"start":{"line":1086,"column":64},"end":{"line":1086,"column":103}},"506":{"start":{"line":1088,"column":10},"end":{"line":1104,"column":11}},"507":{"start":{"line":1089,"column":33},"end":{"line":1089,"column":95}},"508":{"start":{"line":1091,"column":12},"end":{"line":1093,"column":13}},"509":{"start":{"line":1092,"column":14},"end":{"line":1092,"column":54}},"510":{"start":{"line":1095,"column":12},"end":{"line":1095,"column":66}},"511":{"start":{"line":1098,"column":12},"end":{"line":1100,"column":13}},"512":{"start":{"line":1099,"column":14},"end":{"line":1099,"column":57}},"513":{"start":{"line":1103,"column":12},"end":{"line":1103,"column":73}},"514":{"start":{"line":1107,"column":10},"end":{"line":1107,"column":68}},"515":{"start":{"line":1112,"column":6},"end":{"line":1114,"column":7}},"516":{"start":{"line":1113,"column":8},"end":{"line":1113,"column":40}},"517":{"start":{"line":1116,"column":6},"end":{"line":1116,"column":50}},"518":{"start":{"line":1124,"column":4},"end":{"line":1133,"column":5}},"519":{"start":{"line":1125,"column":6},"end":{"line":1125,"column":77}},"520":{"start":{"line":1126,"column":6},"end":{"line":1126,"column":79}},"521":{"start":{"line":1127,"column":6},"end":{"line":1127,"column":65}},"522":{"start":{"line":1128,"column":6},"end":{"line":1128,"column":71}},"523":{"start":{"line":1129,"column":6},"end":{"line":1129,"column":76}},"524":{"start":{"line":1130,"column":6},"end":{"line":1130,"column":40}},"525":{"start":{"line":1132,"column":6},"end":{"line":1132,"column":57}},"526":{"start":{"line":1141,"column":4},"end":{"line":1300,"column":5}},"527":{"start":{"line":1143,"column":6},"end":{"line":1143,"column":47}},"528":{"start":{"line":1143,"column":40},"end":{"line":1143,"column":47}},"529":{"start":{"line":1146,"column":18},"end":{"line":1146,"column":28}},"530":{"start":{"line":1147,"column":27},"end":{"line":1147,"column":60}},"531":{"start":{"line":1150,"column":28},"end":{"line":1150,"column":62}},"532":{"start":{"line":1151,"column":27},"end":{"line":1151,"column":60}},"533":{"start":{"line":1152,"column":30},"end":{"line":1152,"column":66}},"534":{"start":{"line":1154,"column":26},"end":{"line":1154,"column":27}},"535":{"start":{"line":1155,"column":25},"end":{"line":1155,"column":26}},"536":{"start":{"line":1156,"column":28},"end":{"line":1156,"column":29}},"537":{"start":{"line":1157,"column":38},"end":{"line":1157,"column":39}},"538":{"start":{"line":1158,"column":23},"end":{"line":1158,"column":24}},"539":{"start":{"line":1161,"column":6},"end":{"line":1172,"column":7}},"540":{"start":{"line":1162,"column":8},"end":{"line":1171,"column":9}},"541":{"start":{"line":1163,"column":30},"end":{"line":1163,"column":73}},"542":{"start":{"line":1164,"column":31},"end":{"line":1164,"column":55}},"543":{"start":{"line":1165,"column":30},"end":{"line":1165,"column":98}},"544":{"start":{"line":1165,"column":60},"end":{"line":1165,"column":97}},"545":{"start":{"line":1166,"column":10},"end":{"line":1168,"column":11}},"546":{"start":{"line":1167,"column":12},"end":{"line":1167,"column":79}},"547":{"start":{"line":1175,"column":6},"end":{"line":1186,"column":7}},"548":{"start":{"line":1176,"column":8},"end":{"line":1185,"column":9}},"549":{"start":{"line":1177,"column":29},"end":{"line":1177,"column":71}},"550":{"start":{"line":1178,"column":30},"end":{"line":1178,"column":53}},"551":{"start":{"line":1179,"column":29},"end":{"line":1179,"column":95}},"552":{"start":{"line":1179,"column":58},"end":{"line":1179,"column":94}},"553":{"start":{"line":1180,"column":10},"end":{"line":1182,"column":11}},"554":{"start":{"line":1181,"column":12},"end":{"line":1181,"column":77}},"555":{"start":{"line":1189,"column":6},"end":{"line":1208,"column":7}},"556":{"start":{"line":1190,"column":8},"end":{"line":1207,"column":9}},"557":{"start":{"line":1191,"column":32},"end":{"line":1191,"column":84}},"558":{"start":{"line":1192,"column":33},"end":{"line":1192,"column":59}},"559":{"start":{"line":1193,"column":32},"end":{"line":1193,"column":104}},"560":{"start":{"line":1193,"column":64},"end":{"line":1193,"column":103}},"561":{"start":{"line":1194,"column":10},"end":{"line":1204,"column":11}},"562":{"start":{"line":1195,"column":12},"end":{"line":1197,"column":13}},"563":{"start":{"line":1196,"column":14},"end":{"line":1196,"column":93}},"564":{"start":{"line":1198,"column":12},"end":{"line":1200,"column":13}},"565":{"start":{"line":1199,"column":14},"end":{"line":1199,"column":106}},"566":{"start":{"line":1201,"column":12},"end":{"line":1203,"column":13}},"567":{"start":{"line":1202,"column":14},"end":{"line":1202,"column":84}},"568":{"start":{"line":1211,"column":30},"end":{"line":1211,"column":71}},"569":{"start":{"line":1212,"column":6},"end":{"line":1226,"column":7}},"570":{"start":{"line":1213,"column":8},"end":{"line":1213,"column":148}},"571":{"start":{"line":1214,"column":8},"end":{"line":1214,"column":35}},"572":{"start":{"line":1215,"column":8},"end":{"line":1215,"column":78}},"573":{"start":{"line":1218,"column":8},"end":{"line":1224,"column":10}},"574":{"start":{"line":1225,"column":8},"end":{"line":1225,"column":15}},"575":{"start":{"line":1229,"column":26},"end":{"line":1229,"column":53}},"576":{"start":{"line":1230,"column":23},"end":{"line":1230,"column":88}},"577":{"start":{"line":1231,"column":32},"end":{"line":1231,"column":103}},"578":{"start":{"line":1232,"column":35},"end":{"line":1232,"column":136}},"579":{"start":{"line":1235,"column":6},"end":{"line":1241,"column":8}},"580":{"start":{"line":1244,"column":6},"end":{"line":1266,"column":7}},"581":{"start":{"line":1246,"column":32},"end":{"line":1246,"column":69}},"582":{"start":{"line":1247,"column":31},"end":{"line":1247,"column":79}},"583":{"start":{"line":1249,"column":28},"end":{"line":1249,"column":58}},"584":{"start":{"line":1250,"column":24},"end":{"line":1250,"column":45}},"585":{"start":{"line":1251,"column":8},"end":{"line":1251,"column":189}},"586":{"start":{"line":1254,"column":8},"end":{"line":1262,"column":11}},"587":{"start":{"line":1265,"column":8},"end":{"line":1265,"column":78}},"588":{"start":{"line":1269,"column":6},"end":{"line":1290,"column":7}},"589":{"start":{"line":1271,"column":43},"end":{"line":1271,"column":76}},"590":{"start":{"line":1272,"column":32},"end":{"line":1272,"column":100}},"591":{"start":{"line":1274,"column":8},"end":{"line":1274,"column":112}},"592":{"start":{"line":1275,"column":8},"end":{"line":1275,"column":93}},"593":{"start":{"line":1276,"column":8},"end":{"line":1276,"column":82}},"594":{"start":{"line":1279,"column":8},"end":{"line":1286,"column":11}},"595":{"start":{"line":1289,"column":8},"end":{"line":1289,"column":78}},"596":{"start":{"line":1293,"column":6},"end":{"line":1297,"column":7}},"597":{"start":{"line":1294,"column":8},"end":{"line":1294,"column":101}},"598":{"start":{"line":1295,"column":8},"end":{"line":1295,"column":86}},"599":{"start":{"line":1296,"column":8},"end":{"line":1296,"column":78}},"600":{"start":{"line":1299,"column":6},"end":{"line":1299,"column":60}},"601":{"start":{"line":1307,"column":4},"end":{"line":1307,"column":70}},"602":{"start":{"line":1307,"column":58},"end":{"line":1307,"column":70}},"603":{"start":{"line":1309,"column":23},"end":{"line":1309,"column":42}},"604":{"start":{"line":1310,"column":26},"end":{"line":1310,"column":78}},"605":{"start":{"line":1311,"column":27},"end":{"line":1311,"column":71}},"606":{"start":{"line":1313,"column":4},"end":{"line":1323,"column":5}},"607":{"start":{"line":1314,"column":24},"end":{"line":1314,"column":53}},"608":{"start":{"line":1315,"column":27},"end":{"line":1315,"column":77}},"609":{"start":{"line":1316,"column":28},"end":{"line":1316,"column":71}},"610":{"start":{"line":1318,"column":6},"end":{"line":1322,"column":7}},"611":{"start":{"line":1321,"column":8},"end":{"line":1321,"column":32}},"612":{"start":{"line":1325,"column":4},"end":{"line":1325,"column":16}},"613":{"start":{"line":1333,"column":4},"end":{"line":1404,"column":5}},"614":{"start":{"line":1334,"column":6},"end":{"line":1337,"column":7}},"615":{"start":{"line":1335,"column":8},"end":{"line":1335,"column":57}},"616":{"start":{"line":1336,"column":8},"end":{"line":1336,"column":20}},"617":{"start":{"line":1340,"column":24},"end":{"line":1340,"column":25}},"618":{"start":{"line":1341,"column":23},"end":{"line":1341,"column":24}},"619":{"start":{"line":1342,"column":26},"end":{"line":1342,"column":27}},"620":{"start":{"line":1344,"column":6},"end":{"line":1372,"column":7}},"621":{"start":{"line":1345,"column":8},"end":{"line":1371,"column":9}},"622":{"start":{"line":1347,"column":10},"end":{"line":1347,"column":45}},"623":{"start":{"line":1348,"column":10},"end":{"line":1348,"column":43}},"624":{"start":{"line":1349,"column":10},"end":{"line":1349,"column":73}},"625":{"start":{"line":1350,"column":15},"end":{"line":1371,"column":9}},"626":{"start":{"line":1352,"column":32},"end":{"line":1352,"column":61}},"627":{"start":{"line":1353,"column":39},"end":{"line":1353,"column":63}},"628":{"start":{"line":1355,"column":10},"end":{"line":1370,"column":11}},"629":{"start":{"line":1357,"column":31},"end":{"line":1357,"column":65}},"630":{"start":{"line":1358,"column":30},"end":{"line":1358,"column":63}},"631":{"start":{"line":1361,"column":36},"end":{"line":1361,"column":62}},"632":{"start":{"line":1362,"column":35},"end":{"line":1362,"column":60}},"633":{"start":{"line":1364,"column":12},"end":{"line":1364,"column":69}},"634":{"start":{"line":1365,"column":12},"end":{"line":1365,"column":66}},"635":{"start":{"line":1368,"column":43},"end":{"line":1368,"column":79}},"636":{"start":{"line":1369,"column":12},"end":{"line":1369,"column":98}},"637":{"start":{"line":1374,"column":26},"end":{"line":1374,"column":50}},"638":{"start":{"line":1376,"column":6},"end":{"line":1376,"column":95}},"639":{"start":{"line":1377,"column":6},"end":{"line":1377,"column":131}},"640":{"start":{"line":1379,"column":6},"end":{"line":1382,"column":7}},"641":{"start":{"line":1380,"column":8},"end":{"line":1380,"column":61}},"642":{"start":{"line":1381,"column":8},"end":{"line":1381,"column":20}},"643":{"start":{"line":1385,"column":23},"end":{"line":1385,"column":50}},"644":{"start":{"line":1387,"column":6},"end":{"line":1387,"column":68}},"645":{"start":{"line":1388,"column":6},"end":{"line":1388,"column":66}},"646":{"start":{"line":1389,"column":6},"end":{"line":1389,"column":85}},"647":{"start":{"line":1390,"column":6},"end":{"line":1390,"column":127}},"648":{"start":{"line":1392,"column":6},"end":{"line":1400,"column":8}},"649":{"start":{"line":1402,"column":6},"end":{"line":1402,"column":66}},"650":{"start":{"line":1403,"column":6},"end":{"line":1403,"column":18}},"651":{"start":{"line":1411,"column":4},"end":{"line":1411,"column":55}},"652":{"start":{"line":1412,"column":4},"end":{"line":1412,"column":54}},"653":{"start":{"line":1419,"column":4},"end":{"line":1419,"column":55}},"654":{"start":{"line":1420,"column":4},"end":{"line":1420,"column":43}},"655":{"start":{"line":1423,"column":4},"end":{"line":1423,"column":36}},"656":{"start":{"line":1426,"column":29},"end":{"line":1431,"column":5}},"657":{"start":{"line":1433,"column":25},"end":{"line":1433,"column":82}},"658":{"start":{"line":1433,"column":51},"end":{"line":1433,"column":81}},"659":{"start":{"line":1435,"column":4},"end":{"line":1452,"column":5}},"660":{"start":{"line":1436,"column":6},"end":{"line":1436,"column":69}},"661":{"start":{"line":1437,"column":6},"end":{"line":1437,"column":33}},"662":{"start":{"line":1438,"column":6},"end":{"line":1438,"column":34}},"663":{"start":{"line":1439,"column":11},"end":{"line":1452,"column":5}},"664":{"start":{"line":1439,"column":41},"end":{"line":1446,"column":19}},"665":{"start":{"line":1448,"column":6},"end":{"line":1448,"column":77}},"666":{"start":{"line":1449,"column":6},"end":{"line":1451,"column":7}},"667":{"start":{"line":1450,"column":8},"end":{"line":1450,"column":46}},"668":{"start":{"line":1459,"column":4},"end":{"line":1459,"column":62}},"669":{"start":{"line":1464,"column":0},"end":{"line":1464,"column":39}}},"fnMap":{"0":{"name":"(anonymous_0)","decl":{"start":{"line":40,"column":2},"end":{"line":40,"column":3}},"loc":{"start":{"line":40,"column":27},"end":{"line":43,"column":3}},"line":40},"1":{"name":"(anonymous_1)","decl":{"start":{"line":48,"column":2},"end":{"line":48,"column":3}},"loc":{"start":{"line":48,"column":37},"end":{"line":51,"column":3}},"line":48},"2":{"name":"(anonymous_2)","decl":{"start":{"line":56,"column":2},"end":{"line":56,"column":3}},"loc":{"start":{"line":56,"column":20},"end":{"line":63,"column":3}},"line":56},"3":{"name":"(anonymous_3)","decl":{"start":{"line":68,"column":2},"end":{"line":68,"column":3}},"loc":{"start":{"line":68,"column":36},"end":{"line":74,"column":3}},"line":68},"4":{"name":"(anonymous_4)","decl":{"start":{"line":73,"column":24},"end":{"line":73,"column":25}},"loc":{"start":{"line":73,"column":36},"end":{"line":73,"column":68}},"line":73},"5":{"name":"(anonymous_5)","decl":{"start":{"line":79,"column":2},"end":{"line":79,"column":3}},"loc":{"start":{"line":79,"column":42},"end":{"line":88,"column":3}},"line":79},"6":{"name":"(anonymous_6)","decl":{"start":{"line":93,"column":2},"end":{"line":93,"column":3}},"loc":{"start":{"line":93,"column":28},"end":{"line":102,"column":3}},"line":93},"7":{"name":"(anonymous_7)","decl":{"start":{"line":107,"column":2},"end":{"line":107,"column":3}},"loc":{"start":{"line":107,"column":19},"end":{"line":109,"column":3}},"line":107},"8":{"name":"(anonymous_8)","decl":{"start":{"line":114,"column":2},"end":{"line":114,"column":3}},"loc":{"start":{"line":114,"column":17},"end":{"line":116,"column":3}},"line":114},"9":{"name":"(anonymous_9)","decl":{"start":{"line":121,"column":2},"end":{"line":121,"column":3}},"loc":{"start":{"line":121,"column":29},"end":{"line":136,"column":3}},"line":121},"10":{"name":"(anonymous_10)","decl":{"start":{"line":138,"column":2},"end":{"line":138,"column":3}},"loc":{"start":{"line":138,"column":17},"end":{"line":184,"column":3}},"line":138},"11":{"name":"(anonymous_11)","decl":{"start":{"line":189,"column":2},"end":{"line":189,"column":3}},"loc":{"start":{"line":189,"column":33},"end":{"line":198,"column":3}},"line":189},"12":{"name":"(anonymous_12)","decl":{"start":{"line":203,"column":2},"end":{"line":203,"column":3}},"loc":{"start":{"line":203,"column":33},"end":{"line":215,"column":3}},"line":203},"13":{"name":"(anonymous_13)","decl":{"start":{"line":220,"column":2},"end":{"line":220,"column":3}},"loc":{"start":{"line":220,"column":25},"end":{"line":253,"column":3}},"line":220},"14":{"name":"(anonymous_14)","decl":{"start":{"line":258,"column":2},"end":{"line":258,"column":3}},"loc":{"start":{"line":258,"column":24},"end":{"line":269,"column":3}},"line":258},"15":{"name":"(anonymous_15)","decl":{"start":{"line":274,"column":2},"end":{"line":274,"column":3}},"loc":{"start":{"line":274,"column":20},"end":{"line":280,"column":3}},"line":274},"16":{"name":"(anonymous_16)","decl":{"start":{"line":286,"column":2},"end":{"line":286,"column":3}},"loc":{"start":{"line":286,"column":27},"end":{"line":323,"column":3}},"line":286},"17":{"name":"(anonymous_17)","decl":{"start":{"line":328,"column":2},"end":{"line":328,"column":3}},"loc":{"start":{"line":328,"column":26},"end":{"line":354,"column":3}},"line":328},"18":{"name":"(anonymous_18)","decl":{"start":{"line":359,"column":2},"end":{"line":359,"column":3}},"loc":{"start":{"line":359,"column":32},"end":{"line":439,"column":3}},"line":359},"19":{"name":"(anonymous_19)","decl":{"start":{"line":407,"column":47},"end":{"line":407,"column":48}},"loc":{"start":{"line":407,"column":54},"end":{"line":407,"column":75}},"line":407},"20":{"name":"(anonymous_20)","decl":{"start":{"line":423,"column":16},"end":{"line":423,"column":17}},"loc":{"start":{"line":423,"column":23},"end":{"line":423,"column":64}},"line":423},"21":{"name":"(anonymous_21)","decl":{"start":{"line":424,"column":14},"end":{"line":424,"column":15}},"loc":{"start":{"line":424,"column":24},"end":{"line":424,"column":67}},"line":424},"22":{"name":"(anonymous_22)","decl":{"start":{"line":445,"column":2},"end":{"line":445,"column":3}},"loc":{"start":{"line":445,"column":35},"end":{"line":701,"column":3}},"line":445},"23":{"name":"(anonymous_23)","decl":{"start":{"line":454,"column":49},"end":{"line":454,"column":50}},"loc":{"start":{"line":454,"column":56},"end":{"line":457,"column":5}},"line":454},"24":{"name":"(anonymous_24)","decl":{"start":{"line":498,"column":42},"end":{"line":498,"column":43}},"loc":{"start":{"line":498,"column":57},"end":{"line":502,"column":5}},"line":498},"25":{"name":"(anonymous_25)","decl":{"start":{"line":504,"column":40},"end":{"line":504,"column":41}},"loc":{"start":{"line":504,"column":52},"end":{"line":504,"column":65}},"line":504},"26":{"name":"(anonymous_26)","decl":{"start":{"line":634,"column":50},"end":{"line":634,"column":51}},"loc":{"start":{"line":634,"column":69},"end":{"line":637,"column":7}},"line":634},"27":{"name":"(anonymous_27)","decl":{"start":{"line":687,"column":60},"end":{"line":687,"column":61}},"loc":{"start":{"line":687,"column":72},"end":{"line":687,"column":85}},"line":687},"28":{"name":"(anonymous_28)","decl":{"start":{"line":706,"column":2},"end":{"line":706,"column":3}},"loc":{"start":{"line":706,"column":29},"end":{"line":727,"column":3}},"line":706},"29":{"name":"(anonymous_29)","decl":{"start":{"line":732,"column":2},"end":{"line":732,"column":3}},"loc":{"start":{"line":732,"column":25},"end":{"line":735,"column":3}},"line":732},"30":{"name":"(anonymous_30)","decl":{"start":{"line":740,"column":2},"end":{"line":740,"column":3}},"loc":{"start":{"line":740,"column":32},"end":{"line":770,"column":3}},"line":740},"31":{"name":"(anonymous_31)","decl":{"start":{"line":775,"column":2},"end":{"line":775,"column":3}},"loc":{"start":{"line":775,"column":38},"end":{"line":965,"column":3}},"line":775},"32":{"name":"(anonymous_32)","decl":{"start":{"line":824,"column":8},"end":{"line":824,"column":9}},"loc":{"start":{"line":824,"column":15},"end":{"line":824,"column":47}},"line":824},"33":{"name":"(anonymous_33)","decl":{"start":{"line":830,"column":8},"end":{"line":830,"column":9}},"loc":{"start":{"line":830,"column":15},"end":{"line":830,"column":47}},"line":830},"34":{"name":"(anonymous_34)","decl":{"start":{"line":900,"column":48},"end":{"line":900,"column":49}},"loc":{"start":{"line":900,"column":60},"end":{"line":900,"column":96}},"line":900},"35":{"name":"(anonymous_35)","decl":{"start":{"line":970,"column":2},"end":{"line":970,"column":3}},"loc":{"start":{"line":970,"column":49},"end":{"line":1007,"column":3}},"line":970},"36":{"name":"(anonymous_36)","decl":{"start":{"line":1012,"column":2},"end":{"line":1012,"column":3}},"loc":{"start":{"line":1012,"column":29},"end":{"line":1118,"column":3}},"line":1012},"37":{"name":"(anonymous_37)","decl":{"start":{"line":1030,"column":48},"end":{"line":1030,"column":49}},"loc":{"start":{"line":1030,"column":60},"end":{"line":1030,"column":97}},"line":1030},"38":{"name":"(anonymous_38)","decl":{"start":{"line":1058,"column":46},"end":{"line":1058,"column":47}},"loc":{"start":{"line":1058,"column":58},"end":{"line":1058,"column":94}},"line":1058},"39":{"name":"(anonymous_39)","decl":{"start":{"line":1086,"column":52},"end":{"line":1086,"column":53}},"loc":{"start":{"line":1086,"column":64},"end":{"line":1086,"column":103}},"line":1086},"40":{"name":"(anonymous_40)","decl":{"start":{"line":1123,"column":2},"end":{"line":1123,"column":3}},"loc":{"start":{"line":1123,"column":29},"end":{"line":1134,"column":3}},"line":1123},"41":{"name":"(anonymous_41)","decl":{"start":{"line":1140,"column":2},"end":{"line":1140,"column":3}},"loc":{"start":{"line":1140,"column":58},"end":{"line":1301,"column":3}},"line":1140},"42":{"name":"(anonymous_42)","decl":{"start":{"line":1165,"column":48},"end":{"line":1165,"column":49}},"loc":{"start":{"line":1165,"column":60},"end":{"line":1165,"column":97}},"line":1165},"43":{"name":"(anonymous_43)","decl":{"start":{"line":1179,"column":46},"end":{"line":1179,"column":47}},"loc":{"start":{"line":1179,"column":58},"end":{"line":1179,"column":94}},"line":1179},"44":{"name":"(anonymous_44)","decl":{"start":{"line":1193,"column":52},"end":{"line":1193,"column":53}},"loc":{"start":{"line":1193,"column":64},"end":{"line":1193,"column":103}},"line":1193},"45":{"name":"(anonymous_45)","decl":{"start":{"line":1306,"column":2},"end":{"line":1306,"column":3}},"loc":{"start":{"line":1306,"column":37},"end":{"line":1326,"column":3}},"line":1306},"46":{"name":"(anonymous_46)","decl":{"start":{"line":1332,"column":2},"end":{"line":1332,"column":3}},"loc":{"start":{"line":1332,"column":31},"end":{"line":1405,"column":3}},"line":1332},"47":{"name":"(anonymous_47)","decl":{"start":{"line":1410,"column":2},"end":{"line":1410,"column":3}},"loc":{"start":{"line":1410,"column":18},"end":{"line":1413,"column":3}},"line":1410},"48":{"name":"(anonymous_48)","decl":{"start":{"line":1418,"column":2},"end":{"line":1418,"column":3}},"loc":{"start":{"line":1418,"column":62},"end":{"line":1453,"column":3}},"line":1418},"49":{"name":"(anonymous_49)","decl":{"start":{"line":1433,"column":42},"end":{"line":1433,"column":43}},"loc":{"start":{"line":1433,"column":51},"end":{"line":1433,"column":81}},"line":1433},"50":{"name":"(anonymous_50)","decl":{"start":{"line":1439,"column":32},"end":{"line":1439,"column":33}},"loc":{"start":{"line":1439,"column":41},"end":{"line":1446,"column":19}},"line":1439},"51":{"name":"(anonymous_51)","decl":{"start":{"line":1458,"column":2},"end":{"line":1458,"column":3}},"loc":{"start":{"line":1458,"column":24},"end":{"line":1460,"column":3}},"line":1458}},"branchMap":{"0":{"loc":{"start":{"line":50,"column":11},"end":{"line":50,"column":85}},"type":"cond-expr","locations":[{"start":{"line":50,"column":69},"end":{"line":50,"column":77}},{"start":{"line":50,"column":80},"end":{"line":50,"column":85}}],"line":50},"1":{"loc":{"start":{"line":50,"column":12},"end":{"line":50,"column":65}},"type":"binary-expr","locations":[{"start":{"line":50,"column":12},"end":{"line":50,"column":26}},{"start":{"line":50,"column":30},"end":{"line":50,"column":49}},{"start":{"line":50,"column":53},"end":{"line":50,"column":65}}],"line":50},"2":{"loc":{"start":{"line":69,"column":4},"end":{"line":69,"column":51}},"type":"if","locations":[{"start":{"line":69,"column":4},"end":{"line":69,"column":51}},{"start":{},"end":{}}],"line":69},"3":{"loc":{"start":{"line":69,"column":8},"end":{"line":69,"column":37}},"type":"binary-expr","locations":[{"start":{"line":69,"column":8},"end":{"line":69,"column":17}},{"start":{"line":69,"column":21},"end":{"line":69,"column":37}}],"line":69},"4":{"loc":{"start":{"line":71,"column":4},"end":{"line":71,"column":29}},"type":"if","locations":[{"start":{"line":71,"column":4},"end":{"line":71,"column":29}},{"start":{},"end":{}}],"line":71},"5":{"loc":{"start":{"line":80,"column":4},"end":{"line":80,"column":84}},"type":"if","locations":[{"start":{"line":80,"column":4},"end":{"line":80,"column":84}},{"start":{},"end":{}}],"line":80},"6":{"loc":{"start":{"line":80,"column":8},"end":{"line":80,"column":70}},"type":"binary-expr","locations":[{"start":{"line":80,"column":8},"end":{"line":80,"column":15}},{"start":{"line":80,"column":19},"end":{"line":80,"column":40}},{"start":{"line":80,"column":44},"end":{"line":80,"column":70}}],"line":80},"7":{"loc":{"start":{"line":81,"column":4},"end":{"line":81,"column":57}},"type":"if","locations":[{"start":{"line":81,"column":4},"end":{"line":81,"column":57}},{"start":{},"end":{}}],"line":81},"8":{"loc":{"start":{"line":115,"column":4},"end":{"line":115,"column":49}},"type":"if","locations":[{"start":{"line":115,"column":4},"end":{"line":115,"column":49}},{"start":{},"end":{}}],"line":115},"9":{"loc":{"start":{"line":126,"column":35},"end":{"line":126,"column":94}},"type":"cond-expr","locations":[{"start":{"line":126,"column":55},"end":{"line":126,"column":68}},{"start":{"line":126,"column":71},"end":{"line":126,"column":94}}],"line":126},"10":{"loc":{"start":{"line":135,"column":42},"end":{"line":135,"column":122}},"type":"cond-expr","locations":[{"start":{"line":135,"column":69},"end":{"line":135,"column":89}},{"start":{"line":135,"column":92},"end":{"line":135,"column":122}}],"line":135},"11":{"loc":{"start":{"line":160,"column":29},"end":{"line":160,"column":75}},"type":"binary-expr","locations":[{"start":{"line":160,"column":29},"end":{"line":160,"column":69}},{"start":{"line":160,"column":73},"end":{"line":160,"column":75}}],"line":160},"12":{"loc":{"start":{"line":161,"column":30},"end":{"line":161,"column":77}},"type":"binary-expr","locations":[{"start":{"line":161,"column":30},"end":{"line":161,"column":71}},{"start":{"line":161,"column":75},"end":{"line":161,"column":77}}],"line":161},"13":{"loc":{"start":{"line":162,"column":26},"end":{"line":162,"column":69}},"type":"binary-expr","locations":[{"start":{"line":162,"column":26},"end":{"line":162,"column":63}},{"start":{"line":162,"column":67},"end":{"line":162,"column":69}}],"line":162},"14":{"loc":{"start":{"line":163,"column":23},"end":{"line":163,"column":63}},"type":"binary-expr","locations":[{"start":{"line":163,"column":23},"end":{"line":163,"column":57}},{"start":{"line":163,"column":61},"end":{"line":163,"column":63}}],"line":163},"15":{"loc":{"start":{"line":164,"column":28},"end":{"line":164,"column":74}},"type":"binary-expr","locations":[{"start":{"line":164,"column":28},"end":{"line":164,"column":68}},{"start":{"line":164,"column":72},"end":{"line":164,"column":74}}],"line":164},"16":{"loc":{"start":{"line":176,"column":4},"end":{"line":180,"column":5}},"type":"if","locations":[{"start":{"line":176,"column":4},"end":{"line":180,"column":5}},{"start":{"line":178,"column":11},"end":{"line":180,"column":5}}],"line":176},"17":{"loc":{"start":{"line":193,"column":6},"end":{"line":196,"column":7}},"type":"if","locations":[{"start":{"line":193,"column":6},"end":{"line":196,"column":7}},{"start":{},"end":{}}],"line":193},"18":{"loc":{"start":{"line":208,"column":4},"end":{"line":212,"column":5}},"type":"if","locations":[{"start":{"line":208,"column":4},"end":{"line":212,"column":5}},{"start":{"line":210,"column":11},"end":{"line":212,"column":5}}],"line":208},"19":{"loc":{"start":{"line":228,"column":6},"end":{"line":233,"column":7}},"type":"if","locations":[{"start":{"line":228,"column":6},"end":{"line":233,"column":7}},{"start":{},"end":{}}],"line":228},"20":{"loc":{"start":{"line":262,"column":4},"end":{"line":266,"column":5}},"type":"if","locations":[{"start":{"line":262,"column":4},"end":{"line":266,"column":5}},{"start":{},"end":{}}],"line":262},"21":{"loc":{"start":{"line":287,"column":4},"end":{"line":289,"column":5}},"type":"if","locations":[{"start":{"line":287,"column":4},"end":{"line":289,"column":5}},{"start":{},"end":{}}],"line":287},"22":{"loc":{"start":{"line":299,"column":6},"end":{"line":303,"column":7}},"type":"if","locations":[{"start":{"line":299,"column":6},"end":{"line":303,"column":7}},{"start":{},"end":{}}],"line":299},"23":{"loc":{"start":{"line":299,"column":10},"end":{"line":299,"column":101}},"type":"binary-expr","locations":[{"start":{"line":299,"column":10},"end":{"line":299,"column":35}},{"start":{"line":299,"column":39},"end":{"line":299,"column":58}},{"start":{"line":299,"column":62},"end":{"line":299,"column":101}}],"line":299},"24":{"loc":{"start":{"line":307,"column":6},"end":{"line":311,"column":7}},"type":"if","locations":[{"start":{"line":307,"column":6},"end":{"line":311,"column":7}},{"start":{},"end":{}}],"line":307},"25":{"loc":{"start":{"line":307,"column":10},"end":{"line":307,"column":74}},"type":"binary-expr","locations":[{"start":{"line":307,"column":10},"end":{"line":307,"column":23}},{"start":{"line":307,"column":27},"end":{"line":307,"column":74}}],"line":307},"26":{"loc":{"start":{"line":314,"column":6},"end":{"line":319,"column":7}},"type":"if","locations":[{"start":{"line":314,"column":6},"end":{"line":319,"column":7}},{"start":{},"end":{}}],"line":314},"27":{"loc":{"start":{"line":314,"column":10},"end":{"line":314,"column":77}},"type":"binary-expr","locations":[{"start":{"line":314,"column":10},"end":{"line":314,"column":23}},{"start":{"line":314,"column":27},"end":{"line":314,"column":77}}],"line":314},"28":{"loc":{"start":{"line":336,"column":19},"end":{"line":336,"column":55}},"type":"cond-expr","locations":[{"start":{"line":336,"column":33},"end":{"line":336,"column":51}},{"start":{"line":336,"column":54},"end":{"line":336,"column":55}}],"line":336},"29":{"loc":{"start":{"line":341,"column":4},"end":{"line":343,"column":5}},"type":"if","locations":[{"start":{"line":341,"column":4},"end":{"line":343,"column":5}},{"start":{},"end":{}}],"line":341},"30":{"loc":{"start":{"line":341,"column":8},"end":{"line":341,"column":49}},"type":"binary-expr","locations":[{"start":{"line":341,"column":8},"end":{"line":341,"column":20}},{"start":{"line":341,"column":24},"end":{"line":341,"column":49}}],"line":341},"31":{"loc":{"start":{"line":345,"column":4},"end":{"line":347,"column":5}},"type":"if","locations":[{"start":{"line":345,"column":4},"end":{"line":347,"column":5}},{"start":{},"end":{}}],"line":345},"32":{"loc":{"start":{"line":345,"column":8},"end":{"line":345,"column":51}},"type":"binary-expr","locations":[{"start":{"line":345,"column":8},"end":{"line":345,"column":21}},{"start":{"line":345,"column":25},"end":{"line":345,"column":51}}],"line":345},"33":{"loc":{"start":{"line":349,"column":4},"end":{"line":351,"column":5}},"type":"if","locations":[{"start":{"line":349,"column":4},"end":{"line":351,"column":5}},{"start":{},"end":{}}],"line":349},"34":{"loc":{"start":{"line":349,"column":8},"end":{"line":349,"column":57}},"type":"binary-expr","locations":[{"start":{"line":349,"column":8},"end":{"line":349,"column":24}},{"start":{"line":349,"column":28},"end":{"line":349,"column":57}}],"line":349},"35":{"loc":{"start":{"line":392,"column":6},"end":{"line":394,"column":7}},"type":"if","locations":[{"start":{"line":392,"column":6},"end":{"line":394,"column":7}},{"start":{},"end":{}}],"line":392},"36":{"loc":{"start":{"line":399,"column":6},"end":{"line":401,"column":7}},"type":"if","locations":[{"start":{"line":399,"column":6},"end":{"line":401,"column":7}},{"start":{},"end":{}}],"line":399},"37":{"loc":{"start":{"line":399,"column":10},"end":{"line":399,"column":92}},"type":"binary-expr","locations":[{"start":{"line":399,"column":10},"end":{"line":399,"column":15}},{"start":{"line":399,"column":19},"end":{"line":399,"column":29}},{"start":{"line":399,"column":33},"end":{"line":399,"column":50}},{"start":{"line":399,"column":54},"end":{"line":399,"column":92}}],"line":399},"38":{"loc":{"start":{"line":403,"column":6},"end":{"line":405,"column":7}},"type":"if","locations":[{"start":{"line":403,"column":6},"end":{"line":405,"column":7}},{"start":{},"end":{}}],"line":403},"39":{"loc":{"start":{"line":409,"column":6},"end":{"line":411,"column":7}},"type":"if","locations":[{"start":{"line":409,"column":6},"end":{"line":411,"column":7}},{"start":{},"end":{}}],"line":409},"40":{"loc":{"start":{"line":414,"column":20},"end":{"line":414,"column":41}},"type":"binary-expr","locations":[{"start":{"line":414,"column":20},"end":{"line":414,"column":35}},{"start":{"line":414,"column":39},"end":{"line":414,"column":41}}],"line":414},"41":{"loc":{"start":{"line":415,"column":23},"end":{"line":415,"column":47}},"type":"binary-expr","locations":[{"start":{"line":415,"column":23},"end":{"line":415,"column":41}},{"start":{"line":415,"column":45},"end":{"line":415,"column":47}}],"line":415},"42":{"loc":{"start":{"line":426,"column":76},"end":{"line":426,"column":167}},"type":"cond-expr","locations":[{"start":{"line":426,"column":105},"end":{"line":426,"column":159}},{"start":{"line":426,"column":162},"end":{"line":426,"column":167}}],"line":426},"43":{"loc":{"start":{"line":435,"column":6},"end":{"line":437,"column":7}},"type":"if","locations":[{"start":{"line":435,"column":6},"end":{"line":437,"column":7}},{"start":{},"end":{}}],"line":435},"44":{"loc":{"start":{"line":448,"column":4},"end":{"line":451,"column":5}},"type":"if","locations":[{"start":{"line":448,"column":4},"end":{"line":451,"column":5}},{"start":{},"end":{}}],"line":448},"45":{"loc":{"start":{"line":459,"column":4},"end":{"line":464,"column":5}},"type":"if","locations":[{"start":{"line":459,"column":4},"end":{"line":464,"column":5}},{"start":{},"end":{}}],"line":459},"46":{"loc":{"start":{"line":470,"column":4},"end":{"line":474,"column":5}},"type":"if","locations":[{"start":{"line":470,"column":4},"end":{"line":474,"column":5}},{"start":{},"end":{}}],"line":470},"47":{"loc":{"start":{"line":478,"column":4},"end":{"line":482,"column":5}},"type":"if","locations":[{"start":{"line":478,"column":4},"end":{"line":482,"column":5}},{"start":{"line":480,"column":11},"end":{"line":482,"column":5}}],"line":478},"48":{"loc":{"start":{"line":484,"column":28},"end":{"line":484,"column":116}},"type":"binary-expr","locations":[{"start":{"line":484,"column":28},"end":{"line":484,"column":84}},{"start":{"line":484,"column":88},"end":{"line":484,"column":116}}],"line":484},"49":{"loc":{"start":{"line":519,"column":27},"end":{"line":519,"column":55}},"type":"binary-expr","locations":[{"start":{"line":519,"column":27},"end":{"line":519,"column":49}},{"start":{"line":519,"column":53},"end":{"line":519,"column":55}}],"line":519},"50":{"loc":{"start":{"line":520,"column":28},"end":{"line":520,"column":50}},"type":"binary-expr","locations":[{"start":{"line":520,"column":28},"end":{"line":520,"column":44}},{"start":{"line":520,"column":48},"end":{"line":520,"column":50}}],"line":520},"51":{"loc":{"start":{"line":521,"column":24},"end":{"line":521,"column":49}},"type":"binary-expr","locations":[{"start":{"line":521,"column":24},"end":{"line":521,"column":43}},{"start":{"line":521,"column":47},"end":{"line":521,"column":49}}],"line":521},"52":{"loc":{"start":{"line":529,"column":4},"end":{"line":587,"column":5}},"type":"if","locations":[{"start":{"line":529,"column":4},"end":{"line":587,"column":5}},{"start":{},"end":{}}],"line":529},"53":{"loc":{"start":{"line":559,"column":6},"end":{"line":583,"column":7}},"type":"if","locations":[{"start":{"line":559,"column":6},"end":{"line":583,"column":7}},{"start":{"line":580,"column":13},"end":{"line":583,"column":7}}],"line":559},"54":{"loc":{"start":{"line":601,"column":27},"end":{"line":601,"column":74}},"type":"binary-expr","locations":[{"start":{"line":601,"column":27},"end":{"line":601,"column":69}},{"start":{"line":601,"column":73},"end":{"line":601,"column":74}}],"line":601},"55":{"loc":{"start":{"line":606,"column":25},"end":{"line":606,"column":53}},"type":"binary-expr","locations":[{"start":{"line":606,"column":25},"end":{"line":606,"column":47}},{"start":{"line":606,"column":51},"end":{"line":606,"column":53}}],"line":606},"56":{"loc":{"start":{"line":607,"column":26},"end":{"line":607,"column":48}},"type":"binary-expr","locations":[{"start":{"line":607,"column":26},"end":{"line":607,"column":42}},{"start":{"line":607,"column":46},"end":{"line":607,"column":48}}],"line":607},"57":{"loc":{"start":{"line":608,"column":22},"end":{"line":608,"column":47}},"type":"binary-expr","locations":[{"start":{"line":608,"column":22},"end":{"line":608,"column":41}},{"start":{"line":608,"column":45},"end":{"line":608,"column":47}}],"line":608},"58":{"loc":{"start":{"line":632,"column":4},"end":{"line":642,"column":5}},"type":"if","locations":[{"start":{"line":632,"column":4},"end":{"line":642,"column":5}},{"start":{},"end":{}}],"line":632},"59":{"loc":{"start":{"line":638,"column":6},"end":{"line":640,"column":7}},"type":"if","locations":[{"start":{"line":638,"column":6},"end":{"line":640,"column":7}},{"start":{},"end":{}}],"line":638},"60":{"loc":{"start":{"line":666,"column":4},"end":{"line":700,"column":5}},"type":"if","locations":[{"start":{"line":666,"column":4},"end":{"line":700,"column":5}},{"start":{"line":696,"column":11},"end":{"line":700,"column":5}}],"line":666},"61":{"loc":{"start":{"line":707,"column":4},"end":{"line":707,"column":37}},"type":"if","locations":[{"start":{"line":707,"column":4},"end":{"line":707,"column":37}},{"start":{},"end":{}}],"line":707},"62":{"loc":{"start":{"line":714,"column":6},"end":{"line":720,"column":7}},"type":"if","locations":[{"start":{"line":714,"column":6},"end":{"line":720,"column":7}},{"start":{"line":716,"column":13},"end":{"line":720,"column":7}}],"line":714},"63":{"loc":{"start":{"line":745,"column":6},"end":{"line":745,"column":39}},"type":"if","locations":[{"start":{"line":745,"column":6},"end":{"line":745,"column":39}},{"start":{},"end":{}}],"line":745},"64":{"loc":{"start":{"line":748,"column":6},"end":{"line":748,"column":42}},"type":"if","locations":[{"start":{"line":748,"column":6},"end":{"line":748,"column":42}},{"start":{},"end":{}}],"line":748},"65":{"loc":{"start":{"line":753,"column":6},"end":{"line":756,"column":7}},"type":"if","locations":[{"start":{"line":753,"column":6},"end":{"line":756,"column":7}},{"start":{},"end":{}}],"line":753},"66":{"loc":{"start":{"line":761,"column":6},"end":{"line":764,"column":7}},"type":"if","locations":[{"start":{"line":761,"column":6},"end":{"line":764,"column":7}},{"start":{},"end":{}}],"line":761},"67":{"loc":{"start":{"line":779,"column":4},"end":{"line":782,"column":5}},"type":"if","locations":[{"start":{"line":779,"column":4},"end":{"line":782,"column":5}},{"start":{},"end":{}}],"line":779},"68":{"loc":{"start":{"line":784,"column":4},"end":{"line":787,"column":5}},"type":"if","locations":[{"start":{"line":784,"column":4},"end":{"line":787,"column":5}},{"start":{},"end":{}}],"line":784},"69":{"loc":{"start":{"line":791,"column":31},"end":{"line":791,"column":80}},"type":"binary-expr","locations":[{"start":{"line":791,"column":31},"end":{"line":791,"column":75}},{"start":{"line":791,"column":79},"end":{"line":791,"column":80}}],"line":791},"70":{"loc":{"start":{"line":791,"column":102},"end":{"line":791,"column":154}},"type":"binary-expr","locations":[{"start":{"line":791,"column":102},"end":{"line":791,"column":149}},{"start":{"line":791,"column":153},"end":{"line":791,"column":154}}],"line":791},"71":{"loc":{"start":{"line":802,"column":6},"end":{"line":805,"column":7}},"type":"if","locations":[{"start":{"line":802,"column":6},"end":{"line":805,"column":7}},{"start":{},"end":{}}],"line":802},"72":{"loc":{"start":{"line":802,"column":10},"end":{"line":802,"column":35}},"type":"binary-expr","locations":[{"start":{"line":802,"column":10},"end":{"line":802,"column":22}},{"start":{"line":802,"column":26},"end":{"line":802,"column":35}}],"line":802},"73":{"loc":{"start":{"line":808,"column":4},"end":{"line":816,"column":5}},"type":"if","locations":[{"start":{"line":808,"column":4},"end":{"line":816,"column":5}},{"start":{},"end":{}}],"line":808},"74":{"loc":{"start":{"line":811,"column":6},"end":{"line":814,"column":7}},"type":"if","locations":[{"start":{"line":811,"column":6},"end":{"line":814,"column":7}},{"start":{},"end":{}}],"line":811},"75":{"loc":{"start":{"line":822,"column":25},"end":{"line":825,"column":7}},"type":"binary-expr","locations":[{"start":{"line":822,"column":25},"end":{"line":822,"column":61}},{"start":{"line":823,"column":9},"end":{"line":825,"column":7}}],"line":822},"76":{"loc":{"start":{"line":828,"column":28},"end":{"line":831,"column":7}},"type":"binary-expr","locations":[{"start":{"line":828,"column":28},"end":{"line":828,"column":67}},{"start":{"line":829,"column":9},"end":{"line":831,"column":7}}],"line":828},"77":{"loc":{"start":{"line":841,"column":6},"end":{"line":845,"column":7}},"type":"if","locations":[{"start":{"line":841,"column":6},"end":{"line":845,"column":7}},{"start":{},"end":{}}],"line":841},"78":{"loc":{"start":{"line":851,"column":6},"end":{"line":957,"column":7}},"type":"if","locations":[{"start":{"line":851,"column":6},"end":{"line":957,"column":7}},{"start":{"line":870,"column":13},"end":{"line":957,"column":7}}],"line":851},"79":{"loc":{"start":{"line":856,"column":8},"end":{"line":869,"column":9}},"type":"if","locations":[{"start":{"line":856,"column":8},"end":{"line":869,"column":9}},{"start":{"line":867,"column":15},"end":{"line":869,"column":9}}],"line":856},"80":{"loc":{"start":{"line":863,"column":10},"end":{"line":866,"column":11}},"type":"if","locations":[{"start":{"line":863,"column":10},"end":{"line":866,"column":11}},{"start":{},"end":{}}],"line":863},"81":{"loc":{"start":{"line":870,"column":13},"end":{"line":957,"column":7}},"type":"if","locations":[{"start":{"line":870,"column":13},"end":{"line":957,"column":7}},{"start":{"line":889,"column":13},"end":{"line":957,"column":7}}],"line":870},"82":{"loc":{"start":{"line":875,"column":8},"end":{"line":888,"column":9}},"type":"if","locations":[{"start":{"line":875,"column":8},"end":{"line":888,"column":9}},{"start":{"line":886,"column":15},"end":{"line":888,"column":9}}],"line":875},"83":{"loc":{"start":{"line":882,"column":10},"end":{"line":885,"column":11}},"type":"if","locations":[{"start":{"line":882,"column":10},"end":{"line":885,"column":11}},{"start":{},"end":{}}],"line":882},"84":{"loc":{"start":{"line":896,"column":8},"end":{"line":908,"column":9}},"type":"if","locations":[{"start":{"line":896,"column":8},"end":{"line":908,"column":9}},{"start":{},"end":{}}],"line":896},"85":{"loc":{"start":{"line":896,"column":12},"end":{"line":896,"column":54}},"type":"binary-expr","locations":[{"start":{"line":896,"column":12},"end":{"line":896,"column":24}},{"start":{"line":896,"column":28},"end":{"line":896,"column":54}}],"line":896},"86":{"loc":{"start":{"line":901,"column":12},"end":{"line":904,"column":13}},"type":"if","locations":[{"start":{"line":901,"column":12},"end":{"line":904,"column":13}},{"start":{},"end":{}}],"line":901},"87":{"loc":{"start":{"line":901,"column":16},"end":{"line":901,"column":71}},"type":"binary-expr","locations":[{"start":{"line":901,"column":16},"end":{"line":901,"column":26}},{"start":{"line":901,"column":30},"end":{"line":901,"column":71}}],"line":901},"88":{"loc":{"start":{"line":902,"column":26},"end":{"line":902,"column":77}},"type":"binary-expr","locations":[{"start":{"line":902,"column":26},"end":{"line":902,"column":72}},{"start":{"line":902,"column":76},"end":{"line":902,"column":77}}],"line":902},"89":{"loc":{"start":{"line":911,"column":8},"end":{"line":956,"column":9}},"type":"if","locations":[{"start":{"line":911,"column":8},"end":{"line":956,"column":9}},{"start":{"line":928,"column":15},"end":{"line":956,"column":9}}],"line":911},"90":{"loc":{"start":{"line":914,"column":10},"end":{"line":927,"column":11}},"type":"if","locations":[{"start":{"line":914,"column":10},"end":{"line":927,"column":11}},{"start":{"line":925,"column":17},"end":{"line":927,"column":11}}],"line":914},"91":{"loc":{"start":{"line":921,"column":12},"end":{"line":924,"column":13}},"type":"if","locations":[{"start":{"line":921,"column":12},"end":{"line":924,"column":13}},{"start":{},"end":{}}],"line":921},"92":{"loc":{"start":{"line":928,"column":15},"end":{"line":956,"column":9}},"type":"if","locations":[{"start":{"line":928,"column":15},"end":{"line":956,"column":9}},{"start":{"line":944,"column":15},"end":{"line":956,"column":9}}],"line":928},"93":{"loc":{"start":{"line":931,"column":10},"end":{"line":943,"column":11}},"type":"if","locations":[{"start":{"line":931,"column":10},"end":{"line":943,"column":11}},{"start":{"line":941,"column":17},"end":{"line":943,"column":11}}],"line":931},"94":{"loc":{"start":{"line":938,"column":12},"end":{"line":940,"column":13}},"type":"if","locations":[{"start":{"line":938,"column":12},"end":{"line":940,"column":13}},{"start":{},"end":{}}],"line":938},"95":{"loc":{"start":{"
[...]
decl":{"start":{"line":156,"column":128},"end":{"line":156,"column":129}},"loc":{"start":{"line":156,"column":137},"end":{"line":156,"column":161}},"line":156},"12":{"name":"(anonymous_12)","decl":{"start":{"line":191,"column":4},"end":{"line":191,"column":5}},"loc":{"start":{"line":191,"column":23},"end":{"line":193,"column":5}},"line":191},"13":{"name":"(anonymous_13)","decl":{"start":{"line":192,"column":40},"end":{"line":192,"column":41}},"loc":{"start":{"line":192,"column":49},"end":{"line":192,"column":65}},"line":192},"14":{"name":"(anonymous_14)","decl":{"start":{"line":195,"column":4},"end":{"line":195,"column":5}},"loc":{"start":{"line":195,"column":23},"end":{"line":197,"column":5}},"line":195},"15":{"name":"(anonymous_15)","decl":{"start":{"line":199,"column":4},"end":{"line":199,"column":5}},"loc":{"start":{"line":199,"column":30},"end":{"line":201,"column":5}},"line":199},"16":{"name":"(anonymous_16)","decl":{"start":{"line":203,"column":4},"end":{"line":203,"column":5}},"loc":{"start":{"line":203,"column":24},"end":{"line":205,"column":5}},"line":203},"17":{"name":"(anonymous_17)","decl":{"start":{"line":210,"column":4},"end":{"line":210,"column":5}},"loc":{"start":{"line":210,"column":31},"end":{"line":214,"column":5}},"line":210},"18":{"name":"(anonymous_18)","decl":{"start":{"line":216,"column":4},"end":{"line":216,"column":5}},"loc":{"start":{"line":216,"column":15},"end":{"line":221,"column":5}},"line":216},"19":{"name":"(anonymous_19)","decl":{"start":{"line":219,"column":38},"end":{"line":219,"column":39}},"loc":{"start":{"line":219,"column":43},"end":{"line":219,"column":88}},"line":219},"20":{"name":"(anonymous_20)","decl":{"start":{"line":223,"column":4},"end":{"line":223,"column":5}},"loc":{"start":{"line":223,"column":14},"end":{"line":231,"column":5}},"line":223},"21":{"name":"(anonymous_21)","decl":{"start":{"line":229,"column":26},"end":{"line":229,"column":27}},"loc":{"start":{"line":229,"column":36},"end":{"line":229,"column":55}},"line":229},"22":{"name":"(anonymous_22)","decl":{"start":{"line":233,"column":4},"end":{"line":233,"column":5}},"loc":{"start":{"line":233,"column":13},"end":{"line":241,"column":5}},"line":233},"23":{"name":"(anonymous_23)","decl":{"start":{"line":239,"column":26},"end":{"line":239,"column":27}},"loc":{"start":{"line":239,"column":36},"end":{"line":239,"column":55}},"line":239},"24":{"name":"(anonymous_24)","decl":{"start":{"line":243,"column":4},"end":{"line":243,"column":5}},"loc":{"start":{"line":243,"column":13},"end":{"line":248,"column":5}},"line":243},"25":{"name":"(anonymous_25)","decl":{"start":{"line":250,"column":4},"end":{"line":250,"column":5}},"loc":{"start":{"line":250,"column":12},"end":{"line":255,"column":5}},"line":250}},"branchMap":{"0":{"loc":{"start":{"line":27,"column":8},"end":{"line":29,"column":9}},"type":"if","locations":[{"start":{"line":27,"column":8},"end":{"line":29,"column":9}},{"start":{},"end":{}}],"line":27},"1":{"loc":{"start":{"line":30,"column":8},"end":{"line":32,"column":9}},"type":"if","locations":[{"start":{"line":30,"column":8},"end":{"line":32,"column":9}},{"start":{},"end":{}}],"line":30},"2":{"loc":{"start":{"line":55,"column":15},"end":{"line":55,"column":44}},"type":"binary-expr","locations":[{"start":{"line":55,"column":15},"end":{"line":55,"column":30}},{"start":{"line":55,"column":34},"end":{"line":55,"column":44}}],"line":55},"3":{"loc":{"start":{"line":92,"column":15},"end":{"line":92,"column":42}},"type":"binary-expr","locations":[{"start":{"line":92,"column":15},"end":{"line":92,"column":28}},{"start":{"line":92,"column":32},"end":{"line":92,"column":42}}],"line":92},"4":{"loc":{"start":{"line":108,"column":15},"end":{"line":108,"column":71}},"type":"binary-expr","locations":[{"start":{"line":108,"column":15},"end":{"line":108,"column":40}},{"start":{"line":108,"column":44},"end":{"line":108,"column":71}}],"line":108},"5":{"loc":{"start":{"line":142,"column":156},"end":{"line":142,"column":180}},"type":"binary-expr","locations":[{"start":{"line":142,"column":156},"end":{"line":142,"column":166}},{"start":{"line":142,"column":170},"end":{"line":142,"column":180}}],"line":142},"6":{"loc":{"start":{"line":143,"column":176},"end":{"line":143,"column":207}},"type":"binary-expr","locations":[{"start":{"line":143,"column":176},"end":{"line":143,"column":190}},{"start":{"line":143,"column":194},"end":{"line":143,"column":207}}],"line":143},"7":{"loc":{"start":{"line":144,"column":142},"end":{"line":144,"column":166}},"type":"binary-expr","locations":[{"start":{"line":144,"column":142},"end":{"line":144,"column":152}},{"start":{"line":144,"column":156},"end":{"line":144,"column":166}}],"line":144},"8":{"loc":{"start":{"line":145,"column":142},"end":{"line":145,"column":166}},"type":"binary-expr","locations":[{"start":{"line":145,"column":142},"end":{"line":145,"column":152}},{"start":{"line":145,"column":156},"end":{"line":145,"column":166}}],"line":145},"9":{"loc":{"start":{"line":147,"column":148},"end":{"line":147,"column":172}},"type":"binary-expr","locations":[{"start":{"line":147,"column":148},"end":{"line":147,"column":158}},{"start":{"line":147,"column":162},"end":{"line":147,"column":172}}],"line":147},"10":{"loc":{"start":{"line":149,"column":168},"end":{"line":149,"column":194}},"type":"binary-expr","locations":[{"start":{"line":149,"column":168},"end":{"line":149,"column":179}},{"start":{"line":149,"column":183},"end":{"line":149,"column":194}}],"line":149},"11":{"loc":{"start":{"line":156,"column":137},"end":{"line":156,"column":161}},"type":"binary-expr","locations":[{"start":{"line":156,"column":137},"end":{"line":156,"column":147}},{"start":{"line":156,"column":151},"end":{"line":156,"column":161}}],"line":156},"12":{"loc":{"start":{"line":192,"column":15},"end":{"line":192,"column":74}},"type":"binary-expr","locations":[{"start":{"line":192,"column":15},"end":{"line":192,"column":66}},{"start":{"line":192,"column":70},"end":{"line":192,"column":74}}],"line":192},"13":{"loc":{"start":{"line":224,"column":8},"end":{"line":226,"column":9}},"type":"if","locations":[{"start":{"line":224,"column":8},"end":{"line":226,"column":9}},{"start":{},"end":{}}],"line":224},"14":{"loc":{"start":{"line":234,"column":8},"end":{"line":236,"column":9}},"type":"if","locations":[{"start":{"line":234,"column":8},"end":{"line":236,"column":9}},{"start":{},"end":{}}],"line":234},"15":{"loc":{"start":{"line":244,"column":8},"end":{"line":246,"column":9}},"type":"if","locations":[{"start":{"line":244,"column":8},"end":{"line":246,"column":9}},{"start":{},"end":{}}],"line":244},"16":{"loc":{"start":{"line":251,"column":8},"end":{"line":253,"column":9}},"type":"if","locations":[{"start":{"line":251,"column":8},"end":{"line":253,"column":9}},{"start":{},"end":{}}],"line":251}},"s":{"0":0,"1":0,"2":0,"3":0,"4":0,"5":0,"6":0,"7":0,"8":0,"9":0,"10":0,"11":0,"12":0,"13":0,"14":0,"15":0,"16":0,"17":0,"18":0,"19":0,"20":0,"21":0,"22":0,"23":0,"24":0,"25":0,"26":0,"27":0,"28":0,"29":0,"30":0,"31":0,"32":0,"33":0,"34":0,"35":0,"36":0,"37":0,"38":0,"39":0,"40":0,"41":0,"42":0,"43":0,"44":0,"45":0,"46":0,"47":0,"48":0,"49":0,"50":0,"51":0,"52":0,"53":0,"54":0,"55":0,"56":0,"57":0,"58":0,"59":0,"60":0,"61":0,"62":0,"63":0,"64":0,"65":0,"66":0,"67":0,"68":0,"69":0,"70":0,"71":0,"72":0,"73":0,"74":0,"75":0,"76":0,"77":0,"78":0,"79":0,"80":0,"81":0,"82":0,"83":0,"84":0,"85":0,"86":0,"87":0,"88":0,"89":0,"90":0,"91":0,"92":0,"93":0,"94":0,"95":0,"96":0,"97":0,"98":0,"99":0,"100":0,"101":0,"102":0,"103":0,"104":0,"105":0,"106":0,"107":0,"108":0,"109":0,"110":0,"111":0,"112":0,"113":0,"114":0,"115":0,"116":0,"117":0,"118":0,"119":0,"120":0,"121":0,"122":0,"123":0,"124":0,"125":0,"126":0,"127":0,"128":0,"129":0,"130":0,"131":0,"132":0,"133":0,"134":0,"135":0,"136":0,"137":0,"138":0,"139":0,"140":0,"141":0,"142":0,"143":0,"144":0},"f":{"0":0,"1":0,"2":0,"3":0,"4":0,"5":0,"6":0,"7":0,"8":0,"9":0,"10":0,"11":0,"12":0,"13":0,"14":0,"15":0,"16":0,"17":0,"18":0,"19":0,"20":0,"21":0,"22":0,"23":0,"24":0,"25":0},"b":{"0":[0,0],"1":[0,0],"2":[0,0],"3":[0,0],"4":[0,0],"5":[0,0],"6":[0,0],"7":[0,0],"8":[0,0],"9":[0,0],"10":[0,0],"11":[0,0],"12":[0,0],"13":[0,0],"14":[0,0],"15":[0,0],"16":[0,0]}}
,"C:\\Users\\robin\\com.baumus.rctpowerstorage\\lib\\rctjavalib\\parse.js": {"path":"C:\\Users\\robin\\com.baumus.rctpowerstorage\\lib\\rctjavalib\\parse.js","statementMap":{"0":{"start":{"line":2,"column":12},"end":{"line":2,"column":31}},"1":{"start":{"line":3,"column":21},"end":{"line":3,"column":45}},"2":{"start":{"line":6,"column":19},"end":{"line":6,"column":23}},"3":{"start":{"line":7,"column":20},"end":{"line":7,"column":24}},"4":{"start":{"line":19,"column":4},"end":{"line":19,"column":34}},"5":{"start":{"line":27,"column":16},"end":{"line":27,"column":27}},"6":{"start":{"line":28,"column":4},"end":{"line":28,"column":46}},"7":{"start":{"line":28,"column":34},"end":{"line":28,"column":46}},"8":{"start":{"line":31,"column":23},"end":{"line":31,"column":48}},"9":{"start":{"line":32,"column":4},"end":{"line":36,"column":5}},"10":{"start":{"line":35,"column":6},"end":{"line":35,"column":59}},"11":{"start":{"line":38,"column":4},"end":{"line":40,"column":5}},"12":{"start":{"line":39,"column":6},"end":{"line":39,"column":59}},"13":{"start":{"line":43,"column":16},"end":{"line":43,"column":18}},"14":{"start":{"line":44,"column":12},"end":{"line":44,"column":26}},"15":{"start":{"line":45,"column":19},"end":{"line":45,"column":23}},"16":{"start":{"line":47,"column":4},"end":{"line":72,"column":5}},"17":{"start":{"line":48,"column":16},"end":{"line":48,"column":22}},"18":{"start":{"line":50,"column":6},"end":{"line":63,"column":7}},"19":{"start":{"line":51,"column":8},"end":{"line":54,"column":9}},"20":{"start":{"line":53,"column":10},"end":{"line":53,"column":22}},"21":{"start":{"line":55,"column":8},"end":{"line":55,"column":29}},"22":{"start":{"line":56,"column":8},"end":{"line":56,"column":15}},"23":{"start":{"line":57,"column":13},"end":{"line":63,"column":7}},"24":{"start":{"line":59,"column":8},"end":{"line":59,"column":52}},"25":{"start":{"line":61,"column":8},"end":{"line":61,"column":20}},"26":{"start":{"line":62,"column":8},"end":{"line":62,"column":12}},"27":{"start":{"line":65,"column":6},"end":{"line":68,"column":7}},"28":{"start":{"line":66,"column":20},"end":{"line":66,"column":26}},"29":{"start":{"line":67,"column":8},"end":{"line":67,"column":31}},"30":{"start":{"line":69,"column":6},"end":{"line":71,"column":7}},"31":{"start":{"line":70,"column":8},"end":{"line":70,"column":14}},"32":{"start":{"line":74,"column":4},"end":{"line":77,"column":5}},"33":{"start":{"line":76,"column":6},"end":{"line":76,"column":18}},"34":{"start":{"line":80,"column":16},"end":{"line":80,"column":22}},"35":{"start":{"line":81,"column":19},"end":{"line":81,"column":25}},"36":{"start":{"line":84,"column":4},"end":{"line":86,"column":5}},"37":{"start":{"line":85,"column":6},"end":{"line":85,"column":65}},"38":{"start":{"line":89,"column":14},"end":{"line":89,"column":15}},"39":{"start":{"line":90,"column":13},"end":{"line":90,"column":14}},"40":{"start":{"line":91,"column":4},"end":{"line":93,"column":5}},"41":{"start":{"line":91,"column":17},"end":{"line":91,"column":18}},"42":{"start":{"line":92,"column":6},"end":{"line":92,"column":36}},"43":{"start":{"line":94,"column":4},"end":{"line":94,"column":14}},"44":{"start":{"line":95,"column":4},"end":{"line":95,"column":13}},"45":{"start":{"line":98,"column":20},"end":{"line":98,"column":30}},"46":{"start":{"line":99,"column":22},"end":{"line":99,"column":51}},"47":{"start":{"line":102,"column":20},"end":{"line":102,"column":35}},"48":{"start":{"line":103,"column":20},"end":{"line":103,"column":39}},"49":{"start":{"line":104,"column":24},"end":{"line":104,"column":55}},"50":{"start":{"line":106,"column":20},"end":{"line":106,"column":65}},"51":{"start":{"line":107,"column":4},"end":{"line":110,"column":5}},"52":{"start":{"line":109,"column":6},"end":{"line":109,"column":65}},"53":{"start":{"line":113,"column":15},"end":{"line":113,"column":59}},"54":{"start":{"line":114,"column":4},"end":{"line":114,"column":61}},"55":{"start":{"line":118,"column":4},"end":{"line":124,"column":5}},"56":{"start":{"line":118,"column":17},"end":{"line":118,"column":18}},"57":{"start":{"line":119,"column":6},"end":{"line":123,"column":7}},"58":{"start":{"line":121,"column":25},"end":{"line":121,"column":63}},"59":{"start":{"line":122,"column":8},"end":{"line":122,"column":31}},"60":{"start":{"line":122,"column":22},"end":{"line":122,"column":31}},"61":{"start":{"line":125,"column":4},"end":{"line":125,"column":14}},"62":{"start":{"line":132,"column":16},"end":{"line":132,"column":25}},"63":{"start":{"line":133,"column":4},"end":{"line":133,"column":39}},"64":{"start":{"line":133,"column":25},"end":{"line":133,"column":39}},"65":{"start":{"line":134,"column":4},"end":{"line":134,"column":48}},"66":{"start":{"line":134,"column":34},"end":{"line":134,"column":48}},"67":{"start":{"line":135,"column":4},"end":{"line":135,"column":21}},"68":{"start":{"line":139,"column":0},"end":{"line":139,"column":32}}},"fnMap":{"0":{"name":"(anonymous_0)","decl":{"start":{"line":18,"column":2},"end":{"line":18,"column":3}},"loc":{"start":{"line":18,"column":16},"end":{"line":20,"column":3}},"line":18},"1":{"name":"(anonymous_1)","decl":{"start":{"line":22,"column":2},"end":{"line":22,"column":3}},"loc":{"start":{"line":22,"column":10},"end":{"line":24,"column":3}},"line":22},"2":{"name":"(anonymous_2)","decl":{"start":{"line":26,"column":2},"end":{"line":26,"column":3}},"loc":{"start":{"line":26,"column":10},"end":{"line":115,"column":3}},"line":26},"3":{"name":"(anonymous_3)","decl":{"start":{"line":117,"column":2},"end":{"line":117,"column":3}},"loc":{"start":{"line":117,"column":26},"end":{"line":126,"column":3}},"line":117},"4":{"name":"(anonymous_4)","decl":{"start":{"line":131,"column":2},"end":{"line":131,"column":3}},"loc":{"start":{"line":131,"column":24},"end":{"line":136,"column":3}},"line":131}},"branchMap":{"0":{"loc":{"start":{"line":28,"column":4},"end":{"line":28,"column":46}},"type":"if","locations":[{"start":{"line":28,"column":4},"end":{"line":28,"column":46}},{"start":{},"end":{}}],"line":28},"1":{"loc":{"start":{"line":28,"column":8},"end":{"line":28,"column":32}},"type":"binary-expr","locations":[{"start":{"line":28,"column":8},"end":{"line":28,"column":12}},{"start":{"line":28,"column":16},"end":{"line":28,"column":32}}],"line":28},"2":{"loc":{"start":{"line":32,"column":4},"end":{"line":36,"column":5}},"type":"if","locations":[{"start":{"line":32,"column":4},"end":{"line":36,"column":5}},{"start":{},"end":{}}],"line":32},"3":{"loc":{"start":{"line":38,"column":4},"end":{"line":40,"column":5}},"type":"if","locations":[{"start":{"line":38,"column":4},"end":{"line":40,"column":5}},{"start":{},"end":{}}],"line":38},"4":{"loc":{"start":{"line":50,"column":6},"end":{"line":63,"column":7}},"type":"if","locations":[{"start":{"line":50,"column":6},"end":{"line":63,"column":7}},{"start":{"line":57,"column":13},"end":{"line":63,"column":7}}],"line":50},"5":{"loc":{"start":{"line":51,"column":8},"end":{"line":54,"column":9}},"type":"if","locations":[{"start":{"line":51,"column":8},"end":{"line":54,"column":9}},{"start":{},"end":{}}],"line":51},"6":{"loc":{"start":{"line":57,"column":13},"end":{"line":63,"column":7}},"type":"if","locations":[{"start":{"line":57,"column":13},"end":{"line":63,"column":7}},{"start":{"line":60,"column":13},"end":{"line":63,"column":7}}],"line":57},"7":{"loc":{"start":{"line":57,"column":17},"end":{"line":57,"column":54}},"type":"binary-expr","locations":[{"start":{"line":57,"column":17},"end":{"line":57,"column":33}},{"start":{"line":57,"column":37},"end":{"line":57,"column":54}}],"line":57},"8":{"loc":{"start":{"line":65,"column":6},"end":{"line":68,"column":7}},"type":"if","locations":[{"start":{"line":65,"column":6},"end":{"line":68,"column":7}},{"start":{},"end":{}}],"line":65},"9":{"loc":{"start":{"line":65,"column":10},"end":{"line":65,"column":46}},"type":"binary-expr","locations":[{"start":{"line":65,"column":10},"end":{"line":65,"column":27}},{"start":{"line":65,"column":31},"end":{"line":65,"column":46}}],"line":65},"10":{"loc":{"start":{"line":69,"column":6},"end":{"line":71,"column":7}},"type":"if","locations":[{"start":{"line":69,"column":6},"end":{"line":71,"column":7}},{"start":{},"end":{}}],"line":69},"11":{"loc":{"start":{"line":69,"column":10},"end":{"line":69,"column":53}},"type":"binary-expr","locations":[{"start":{"line":69,"column":10},"end":{"line":69,"column":27}},{"start":{"line":69,"column":31},"end":{"line":69,"column":53}}],"line":69},"12":{"loc":{"start":{"line":74,"column":4},"end":{"line":77,"column":5}},"type":"if","locations":[{"start":{"line":74,"column":4},"end":{"line":77,"column":5}},{"start":{},"end":{}}],"line":74},"13":{"loc":{"start":{"line":74,"column":8},"end":{"line":74,"column":50}},"type":"binary-expr","locations":[{"start":{"line":74,"column":8},"end":{"line":74,"column":25}},{"start":{"line":74,"column":29},"end":{"line":74,"column":50}}],"line":74},"14":{"loc":{"start":{"line":84,"column":4},"end":{"line":86,"column":5}},"type":"if","locations":[{"start":{"line":84,"column":4},"end":{"line":86,"column":5}},{"start":{},"end":{}}],"line":84},"15":{"loc":{"start":{"line":107,"column":4},"end":{"line":110,"column":5}},"type":"if","locations":[{"start":{"line":107,"column":4},"end":{"line":110,"column":5}},{"start":{},"end":{}}],"line":107},"16":{"loc":{"start":{"line":119,"column":6},"end":{"line":123,"column":7}},"type":"if","locations":[{"start":{"line":119,"column":6},"end":{"line":123,"column":7}},{"start":{},"end":{}}],"line":119},"17":{"loc":{"start":{"line":121,"column":25},"end":{"line":121,"column":63}},"type":"binary-expr","locations":[{"start":{"line":121,"column":25},"end":{"line":121,"column":30}},{"start":{"line":121,"column":34},"end":{"line":121,"column":63}}],"line":121},"18":{"loc":{"start":{"line":122,"column":8},"end":{"line":122,"column":31}},"type":"if","locations":[{"start":{"line":122,"column":8},"end":{"line":122,"column":31}},{"start":{},"end":{}}],"line":122},"19":{"loc":{"start":{"line":134,"column":4},"end":{"line":134,"column":48}},"type":"if","locations":[{"start":{"line":134,"column":4},"end":{"line":134,"column":48}},{"start":{},"end":{}}],"line":134}},"s":{"0":0,"1":0,"2":0,"3":0,"4":0,"5":0,"6":0,"7":0,"8":0,"9":0,"10":0,"11":0,"12":0,"13":0,"14":0,"15":0,"16":0,"17":0,"18":0,"19":0,"20":0,"21":0,"22":0,"23":0,"24":0,"25":0,"26":0,"27":0,"28":0,"29":0,"30":0,"31":0,"32":0,"33":0,"34":0,"35":0,"36":0,"37":0,"38":0,"39":0,"40":0,"41":0,"42":0,"43":0,"44":0,"45":0,"46":0,"47":0,"48":0,"49":0,"50":0,"51":0,"52":0,"53":0,"54":0,"55":0,"56":0,"57":0,"58":0,"59":0,"60":0,"61":0,"62":0,"63":0,"64":0,"65":0,"66":0,"67":0,"68":0},"f":{"0":0,"1":0,"2":0,"3":0,"4":0},"b":{"0":[0,0],"1":[0,0],"2":[0,0],"3":[0,0],"4":[0,0],"5":[0,0],"6":[0,0],"7":[0,0],"8":[0,0],"9":[0,0],"10":[0,0],"11":[0,0],"12":[0,0],"13":[0,0],"14":[0,0],"15":[0,0],"16":[0,0],"17":[0,0],"18":[0,0],"19":[0,0]}}
,"C:\\Users\\robin\\com.baumus.rctpowerstorage\\lib\\rctjavalib\\recoverable.js": {"path":"C:\\Users\\robin\\com.baumus.rctpowerstorage\\lib\\rctjavalib\\recoverable.js","statementMap":{"0":{"start":{"line":4,"column":8},"end":{"line":4,"column":23}},"1":{"start":{"line":5,"column":8},"end":{"line":5,"column":39}},"2":{"start":{"line":11,"column":4},"end":{"line":11,"column":43}},"3":{"start":{"line":14,"column":0},"end":{"line":17,"column":2}}},"fnMap":{"0":{"name":"(anonymous_0)","decl":{"start":{"line":3,"column":4},"end":{"line":3,"column":5}},"loc":{"start":{"line":3,"column":25},"end":{"line":6,"column":5}},"line":3},"1":{"name":"isRecoverableError","decl":{"start":{"line":10,"column":9},"end":{"line":10,"column":27}},"loc":{"start":{"line":10,"column":33},"end":{"line":12,"column":1}},"line":10}},"branchMap":{},"s":{"0":0,"1":0,"2":0,"3":0},"f":{"0":0,"1":0},"b":{}}
}
