TN:
SF:drivers\energy-optimizer\device.js
FN:40,(anonymous_0)
FN:48,(anonymous_1)
FN:56,(anonymous_2)
FN:68,(anonymous_3)
FN:73,(anonymous_4)
FN:79,(anonymous_5)
FN:93,(anonymous_6)
FN:107,(anonymous_7)
FN:114,(anonymous_8)
FN:121,(anonymous_9)
FN:138,(anonymous_10)
FN:189,(anonymous_11)
FN:203,(anonymous_12)
FN:220,(anonymous_13)
FN:258,(anonymous_14)
FN:274,(anonymous_15)
FN:286,(anonymous_16)
FN:328,(anonymous_17)
FN:359,(anonymous_18)
FN:407,(anonymous_19)
FN:423,(anonymous_20)
FN:424,(anonymous_21)
FN:445,(anonymous_22)
FN:454,(anonymous_23)
FN:498,(anonymous_24)
FN:504,(anonymous_25)
FN:634,(anonymous_26)
FN:687,(anonymous_27)
FN:706,(anonymous_28)
FN:732,(anonymous_29)
FN:740,(anonymous_30)
FN:775,(anonymous_31)
FN:824,(anonymous_32)
FN:830,(anonymous_33)
FN:900,(anonymous_34)
FN:970,(anonymous_35)
FN:1012,(anonymous_36)
FN:1030,(anonymous_37)
FN:1058,(anonymous_38)
FN:1086,(anonymous_39)
FN:1123,(anonymous_40)
FN:1140,(anonymous_41)
FN:1165,(anonymous_42)
FN:1179,(anonymous_43)
FN:1193,(anonymous_44)
FN:1306,(anonymous_45)
FN:1332,(anonymous_46)
FN:1410,(anonymous_47)
FN:1418,(anonymous_48)
FN:1433,(anonymous_49)
FN:1439,(anonymous_50)
FN:1458,(anonymous_51)
FNF:52
FNH:0
FNDA:0,(anonymous_0)
FNDA:0,(anonymous_1)
FNDA:0,(anonymous_2)
FNDA:0,(anonymous_3)
FNDA:0,(anonymous_4)
FNDA:0,(anonymous_5)
FNDA:0,(anonymous_6)
FNDA:0,(anonymous_7)
FNDA:0,(anonymous_8)
FNDA:0,(anonymous_9)
FNDA:0,(anonymous_10)
FNDA:0,(anonymous_11)
FNDA:0,(anonymous_12)
FNDA:0,(anonymous_13)
FNDA:0,(anonymous_14)
FNDA:0,(anonymous_15)
FNDA:0,(anonymous_16)
FNDA:0,(anonymous_17)
FNDA:0,(anonymous_18)
FNDA:0,(anonymous_19)
FNDA:0,(anonymous_20)
FNDA:0,(anonymous_21)
FNDA:0,(anonymous_22)
FNDA:0,(anonymous_23)
FNDA:0,(anonymous_24)
FNDA:0,(anonymous_25)
FNDA:0,(anonymous_26)
FNDA:0,(anonymous_27)
FNDA:0,(anonymous_28)
FNDA:0,(anonymous_29)
FNDA:0,(anonymous_30)
FNDA:0,(anonymous_31)
FNDA:0,(anonymous_32)
FNDA:0,(anonymous_33)
FNDA:0,(anonymous_34)
FNDA:0,(anonymous_35)
FNDA:0,(anonymous_36)
FNDA:0,(anonymous_37)
FNDA:0,(anonymous_38)
FNDA:0,(anonymous_39)
FNDA:0,(anonymous_40)
FNDA:0,(anonymous_41)
FNDA:0,(anonymous_42)
FNDA:0,(anonymous_43)
FNDA:0,(anonymous_44)
FNDA:0,(anonymous_45)
FNDA:0,(anonymous_46)
FNDA:0,(anonymous_47)
FNDA:0,(anonymous_48)
FNDA:0,(anonymous_49)
FNDA:0,(anonymous_50)
FNDA:0,(anonymous_51)
DA:3,0
DA:4,0
DA:8,0
DA:10,0
DA:16,0
DA:17,0
DA:18,0
DA:19,0
DA:20,0
DA:21,0
DA:22,0
DA:23,0
DA:24,0
DA:25,0
DA:26,0
DA:27,0
DA:28,0
DA:29,0
DA:30,0
DA:31,0
DA:32,0
DA:42,0
DA:49,0
DA:50,0
DA:57,0
DA:58,0
DA:60,0
DA:61,0
DA:69,0
DA:70,0
DA:71,0
DA:72,0
DA:73,0
DA:80,0
DA:81,0
DA:82,0
DA:83,0
DA:85,0
DA:86,0
DA:94,0
DA:108,0
DA:115,0
DA:122,0
DA:123,0
DA:125,0
DA:126,0
DA:128,0
DA:129,0
DA:131,0
DA:132,0
DA:134,0
DA:135,0
DA:139,0
DA:142,0
DA:143,0
DA:144,0
DA:145,0
DA:148,0
DA:151,0
DA:152,0
DA:153,0
DA:154,0
DA:157,0
DA:160,0
DA:161,0
DA:162,0
DA:163,0
DA:164,0
DA:165,0
DA:166,0
DA:167,0
DA:170,0
DA:173,0
DA:176,0
DA:177,0
DA:179,0
DA:183,0
DA:190,0
DA:192,0
DA:193,0
DA:194,0
DA:195,0
DA:204,0
DA:206,0
DA:208,0
DA:209,0
DA:211,0
DA:214,0
DA:221,0
DA:223,0
DA:224,0
DA:227,0
DA:228,0
DA:229,0
DA:230,0
DA:231,0
DA:232,0
DA:236,0
DA:237,0
DA:238,0
DA:241,0
DA:243,0
DA:244,0
DA:246,0
DA:247,0
DA:249,0
DA:250,0
DA:251,0
DA:259,0
DA:262,0
DA:263,0
DA:264,0
DA:265,0
DA:268,0
DA:275,0
DA:276,0
DA:277,0
DA:279,0
DA:287,0
DA:288,0
DA:291,0
DA:292,0
DA:293,0
DA:294,0
DA:296,0
DA:298,0
DA:299,0
DA:300,0
DA:301,0
DA:302,0
DA:306,0
DA:307,0
DA:308,0
DA:309,0
DA:310,0
DA:314,0
DA:315,0
DA:316,0
DA:317,0
DA:318,0
DA:321,0
DA:329,0
DA:330,0
DA:331,0
DA:334,0
DA:341,0
DA:342,0
DA:345,0
DA:346,0
DA:349,0
DA:350,0
DA:353,0
DA:360,0
DA:361,0
DA:362,0
DA:364,0
DA:365,0
DA:367,0
DA:383,0
DA:392,0
DA:393,0
DA:396,0
DA:399,0
DA:400,0
DA:403,0
DA:404,0
DA:407,0
DA:409,0
DA:410,0
DA:413,0
DA:414,0
DA:415,0
DA:417,0
DA:420,0
DA:422,0
DA:423,0
DA:424,0
DA:426,0
DA:428,0
DA:429,0
DA:431,0
DA:432,0
DA:435,0
DA:436,0
DA:446,0
DA:448,0
DA:449,0
DA:450,0
DA:453,0
DA:454,0
DA:455,0
DA:456,0
DA:459,0
DA:460,0
DA:461,0
DA:462,0
DA:463,0
DA:467,0
DA:468,0
DA:470,0
DA:471,0
DA:472,0
DA:473,0
DA:476,0
DA:477,0
DA:478,0
DA:479,0
DA:481,0
DA:484,0
DA:485,0
DA:486,0
DA:487,0
DA:488,0
DA:489,0
DA:491,0
DA:492,0
DA:493,0
DA:494,0
DA:495,0
DA:498,0
DA:504,0
DA:505,0
DA:508,0
DA:529,0
DA:536,0
DA:539,0
DA:541,0
DA:557,0
DA:559,0
DA:560,0
DA:561,0
DA:570,0
DA:571,0
DA:573,0
DA:574,0
DA:575,0
DA:576,0
DA:577,0
DA:578,0
DA:579,0
DA:581,0
DA:582,0
DA:585,0
DA:586,0
DA:590,0
DA:593,0
DA:605,0
DA:612,0
DA:623,0
DA:625,0
DA:626,0
DA:627,0
DA:628,0
DA:629,0
DA:632,0
DA:633,0
DA:634,0
DA:635,0
DA:636,0
DA:638,0
DA:639,0
DA:641,0
DA:645,0
DA:647,0
DA:664,0
DA:666,0
DA:667,0
DA:669,0
DA:678,0
DA:679,0
DA:680,0
DA:681,0
DA:682,0
DA:684,0
DA:685,0
DA:687,0
DA:688,0
DA:690,0
DA:691,0
DA:692,0
DA:693,0
DA:694,0
DA:695,0
DA:697,0
DA:698,0
DA:699,0
DA:707,0
DA:709,0
DA:710,0
DA:712,0
DA:714,0
DA:715,0
DA:718,0
DA:719,0
DA:724,0
DA:726,0
DA:733,0
DA:734,0
DA:741,0
DA:742,0
DA:743,0
DA:745,0
DA:747,0
DA:748,0
DA:750,0
DA:753,0
DA:754,0
DA:755,0
DA:759,0
DA:760,0
DA:761,0
DA:762,0
DA:763,0
DA:766,0
DA:768,0
DA:776,0
DA:777,0
DA:779,0
DA:780,0
DA:781,0
DA:784,0
DA:785,0
DA:786,0
DA:791,0
DA:793,0
DA:794,0
DA:797,0
DA:798,0
DA:799,0
DA:800,0
DA:802,0
DA:803,0
DA:804,0
DA:808,0
DA:809,0
DA:810,0
DA:811,0
DA:812,0
DA:813,0
DA:815,0
DA:818,0
DA:819,0
DA:822,0
DA:824,0
DA:828,0
DA:830,0
DA:833,0
DA:834,0
DA:835,0
DA:837,0
DA:838,0
DA:839,0
DA:841,0
DA:842,0
DA:843,0
DA:844,0
DA:848,0
DA:849,0
DA:851,0
DA:852,0
DA:853,0
DA:856,0
DA:857,0
DA:858,0
DA:859,0
DA:860,0
DA:863,0
DA:864,0
DA:865,0
DA:868,0
DA:870,0
DA:871,0
DA:872,0
DA:875,0
DA:876,0
DA:877,0
DA:878,0
DA:879,0
DA:882,0
DA:883,0
DA:884,0
DA:887,0
DA:890,0
DA:893,0
DA:894,0
DA:896,0
DA:897,0
DA:898,0
DA:899,0
DA:900,0
DA:901,0
DA:902,0
DA:903,0
DA:906,0
DA:911,0
DA:913,0
DA:914,0
DA:915,0
DA:916,0
DA:917,0
DA:918,0
DA:921,0
DA:922,0
DA:923,0
DA:926,0
DA:928,0
DA:930,0
DA:931,0
DA:932,0
DA:933,0
DA:934,0
DA:935,0
DA:938,0
DA:939,0
DA:942,0
DA:946,0
DA:947,0
DA:948,0
DA:951,0
DA:952,0
DA:954,0
DA:960,0
DA:962,0
DA:963,0
DA:971,0
DA:972,0
DA:973,0
DA:975,0
DA:977,0
DA:978,0
DA:979,0
DA:981,0
DA:982,0
DA:983,0
DA:985,0
DA:986,0
DA:987,0
DA:989,0
DA:990,0
DA:991,0
DA:993,0
DA:994,0
DA:997,0
DA:999,0
DA:1003,0
DA:1005,0
DA:1013,0
DA:1014,0
DA:1017,0
DA:1018,0
DA:1019,0
DA:1020,0
DA:1022,0
DA:1025,0
DA:1026,0
DA:1027,0
DA:1028,0
DA:1029,0
DA:1030,0
DA:1032,0
DA:1033,0
DA:1035,0
DA:1036,0
DA:1039,0
DA:1042,0
DA:1043,0
DA:1048,0
DA:1053,0
DA:1054,0
DA:1055,0
DA:1056,0
DA:1057,0
DA:1058,0
DA:1060,0
DA:1061,0
DA:1063,0
DA:1064,0
DA:1067,0
DA:1070,0
DA:1071,0
DA:1076,0
DA:1081,0
DA:1082,0
DA:1083,0
DA:1084,0
DA:1085,0
DA:1086,0
DA:1088,0
DA:1089,0
DA:1091,0
DA:1092,0
DA:1095,0
DA:1098,0
DA:1099,0
DA:1103,0
DA:1107,0
DA:1112,0
DA:1113,0
DA:1116,0
DA:1124,0
DA:1125,0
DA:1126,0
DA:1127,0
DA:1128,0
DA:1129,0
DA:1130,0
DA:1132,0
DA:1141,0
DA:1143,0
DA:1146,0
DA:1147,0
DA:1150,0
DA:1151,0
DA:1152,0
DA:1154,0
DA:1155,0
DA:1156,0
DA:1157,0
DA:1158,0
DA:1161,0
DA:1162,0
DA:1163,0
DA:1164,0
DA:1165,0
DA:1166,0
DA:1167,0
DA:1175,0
DA:1176,0
DA:1177,0
DA:1178,0
DA:1179,0
DA:1180,0
DA:1181,0
DA:1189,0
DA:1190,0
DA:1191,0
DA:1192,0
DA:1193,0
DA:1194,0
DA:1195,0
DA:1196,0
DA:1198,0
DA:1199,0
DA:1201,0
DA:1202,0
DA:1211,0
DA:1212,0
DA:1213,0
DA:1214,0
DA:1215,0
DA:1218,0
DA:1225,0
DA:1229,0
DA:1230,0
DA:1231,0
DA:1232,0
DA:1235,0
DA:1244,0
DA:1246,0
DA:1247,0
DA:1249,0
DA:1250,0
DA:1251,0
DA:1254,0
DA:1265,0
DA:1269,0
DA:1271,0
DA:1272,0
DA:1274,0
DA:1275,0
DA:1276,0
DA:1279,0
DA:1289,0
DA:1293,0
DA:1294,0
DA:1295,0
DA:1296,0
DA:1299,0
DA:1307,0
DA:1309,0
DA:1310,0
DA:1311,0
DA:1313,0
DA:1314,0
DA:1315,0
DA:1316,0
DA:1318,0
DA:1321,0
DA:1325,0
DA:1333,0
DA:1334,0
DA:1335,0
DA:1336,0
DA:1340,0
DA:1341,0
DA:1342,0
DA:1344,0
DA:1345,0
DA:1347,0
DA:1348,0
DA:1349,0
DA:1350,0
DA:1352,0
DA:1353,0
DA:1355,0
DA:1357,0
DA:1358,0
DA:1361,0
DA:1362,0
DA:1364,0
DA:1365,0
DA:1368,0
DA:1369,0
DA:1374,0
DA:1376,0
DA:1377,0
DA:1379,0
DA:1380,0
DA:1381,0
DA:1385,0
DA:1387,0
DA:1388,0
DA:1389,0
DA:1390,0
DA:1392,0
DA:1402,0
DA:1403,0
DA:1411,0
DA:1412,0
DA:1419,0
DA:1420,0
DA:1423,0
DA:1426,0
DA:1433,0
DA:1435,0
DA:1436,0
DA:1437,0
DA:1438,0
DA:1439,0
DA:1448,0
DA:1449,0
DA:1450,0
DA:1459,0
DA:1464,0
LF:644
LH:0
BRDA:50,0,0,0
BRDA:50,0,1,0
BRDA:50,1,0,0
BRDA:50,1,1,0
BRDA:50,1,2,0
BRDA:69,2,0,0
BRDA:69,2,1,0
BRDA:69,3,0,0
BRDA:69,3,1,0
BRDA:71,4,0,0
BRDA:71,4,1,0
BRDA:80,5,0,0
BRDA:80,5,1,0
BRDA:80,6,0,0
BRDA:80,6,1,0
BRDA:80,6,2,0
BRDA:81,7,0,0
BRDA:81,7,1,0
BRDA:115,8,0,0
BRDA:115,8,1,0
BRDA:126,9,0,0
BRDA:126,9,1,0
BRDA:135,10,0,0
BRDA:135,10,1,0
BRDA:160,11,0,0
BRDA:160,11,1,0
BRDA:161,12,0,0
BRDA:161,12,1,0
BRDA:162,13,0,0
BRDA:162,13,1,0
BRDA:163,14,0,0
BRDA:163,14,1,0
BRDA:164,15,0,0
BRDA:164,15,1,0
BRDA:176,16,0,0
BRDA:176,16,1,0
BRDA:193,17,0,0
BRDA:193,17,1,0
BRDA:208,18,0,0
BRDA:208,18,1,0
BRDA:228,19,0,0
BRDA:228,19,1,0
BRDA:262,20,0,0
BRDA:262,20,1,0
BRDA:287,21,0,0
BRDA:287,21,1,0
BRDA:299,22,0,0
BRDA:299,22,1,0
BRDA:299,23,0,0
BRDA:299,23,1,0
BRDA:299,23,2,0
BRDA:307,24,0,0
BRDA:307,24,1,0
BRDA:307,25,0,0
BRDA:307,25,1,0
BRDA:314,26,0,0
BRDA:314,26,1,0
BRDA:314,27,0,0
BRDA:314,27,1,0
BRDA:336,28,0,0
BRDA:336,28,1,0
BRDA:341,29,0,0
BRDA:341,29,1,0
BRDA:341,30,0,0
BRDA:341,30,1,0
BRDA:345,31,0,0
BRDA:345,31,1,0
BRDA:345,32,0,0
BRDA:345,32,1,0
BRDA:349,33,0,0
BRDA:349,33,1,0
BRDA:349,34,0,0
BRDA:349,34,1,0
BRDA:392,35,0,0
BRDA:392,35,1,0
BRDA:399,36,0,0
BRDA:399,36,1,0
BRDA:399,37,0,0
BRDA:399,37,1,0
BRDA:399,37,2,0
BRDA:399,37,3,0
BRDA:403,38,0,0
BRDA:403,38,1,0
BRDA:409,39,0,0
BRDA:409,39,1,0
BRDA:414,40,0,0
BRDA:414,40,1,0
BRDA:415,41,0,0
BRDA:415,41,1,0
BRDA:426,42,0,0
BRDA:426,42,1,0
BRDA:435,43,0,0
BRDA:435,43,1,0
BRDA:448,44,0,0
BRDA:448,44,1,0
BRDA:459,45,0,0
BRDA:459,45,1,0
BRDA:470,46,0,0
BRDA:470,46,1,0
BRDA:478,47,0,0
BRDA:478,47,1,0
BRDA:484,48,0,0
BRDA:484,48,1,0
BRDA:519,49,0,0
BRDA:519,49,1,0
BRDA:520,50,0,0
BRDA:520,50,1,0
BRDA:521,51,0,0
BRDA:521,51,1,0
BRDA:529,52,0,0
BRDA:529,52,1,0
BRDA:559,53,0,0
BRDA:559,53,1,0
BRDA:601,54,0,0
BRDA:601,54,1,0
BRDA:606,55,0,0
BRDA:606,55,1,0
BRDA:607,56,0,0
BRDA:607,56,1,0
BRDA:608,57,0,0
BRDA:608,57,1,0
BRDA:632,58,0,0
BRDA:632,58,1,0
BRDA:638,59,0,0
BRDA:638,59,1,0
BRDA:666,60,0,0
BRDA:666,60,1,0
BRDA:707,61,0,0
BRDA:707,61,1,0
BRDA:714,62,0,0
BRDA:714,62,1,0
BRDA:745,63,0,0
BRDA:745,63,1,0
BRDA:748,64,0,0
BRDA:748,64,1,0
BRDA:753,65,0,0
BRDA:753,65,1,0
BRDA:761,66,0,0
BRDA:761,66,1,0
BRDA:779,67,0,0
BRDA:779,67,1,0
BRDA:784,68,0,0
BRDA:784,68,1,0
BRDA:791,69,0,0
BRDA:791,69,1,0
BRDA:791,70,0,0
BRDA:791,70,1,0
BRDA:802,71,0,0
BRDA:802,71,1,0
BRDA:802,72,0,0
BRDA:802,72,1,0
BRDA:808,73,0,0
BRDA:808,73,1,0
BRDA:811,74,0,0
BRDA:811,74,1,0
BRDA:822,75,0,0
BRDA:822,75,1,0
BRDA:828,76,0,0
BRDA:828,76,1,0
BRDA:841,77,0,0
BRDA:841,77,1,0
BRDA:851,78,0,0
BRDA:851,78,1,0
BRDA:856,79,0,0
BRDA:856,79,1,0
BRDA:863,80,0,0
BRDA:863,80,1,0
BRDA:870,81,0,0
BRDA:870,81,1,0
BRDA:875,82,0,0
BRDA:875,82,1,0
BRDA:882,83,0,0
BRDA:882,83,1,0
BRDA:896,84,0,0
BRDA:896,84,1,0
BRDA:896,85,0,0
BRDA:896,85,1,0
BRDA:901,86,0,0
BRDA:901,86,1,0
BRDA:901,87,0,0
BRDA:901,87,1,0
BRDA:902,88,0,0
BRDA:902,88,1,0
BRDA:911,89,0,0
BRDA:911,89,1,0
BRDA:914,90,0,0
BRDA:914,90,1,0
BRDA:921,91,0,0
BRDA:921,91,1,0
BRDA:928,92,0,0
BRDA:928,92,1,0
BRDA:931,93,0,0
BRDA:931,93,1,0
BRDA:938,94,0,0
BRDA:938,94,1,0
BRDA:947,95,0,0
BRDA:947,95,1,0
BRDA:948,96,0,0
BRDA:948,96,1,0
BRDA:951,97,0,0
BRDA:951,97,1,0
BRDA:970,98,0,0
BRDA:975,99,0,0
BRDA:975,99,1,0
BRDA:975,99,2,0
BRDA:975,99,3,0
BRDA:975,99,4,0
BRDA:997,100,0,0
BRDA:997,100,1,0
BRDA:1013,101,0,0
BRDA:1013,101,1,0
BRDA:1026,102,0,0
BRDA:1026,102,1,0
BRDA:1026,103,0,0
BRDA:1026,103,1,0
BRDA:1032,104,0,0
BRDA:1032,104,1,0
BRDA:1032,105,0,0
BRDA:1032,105,1,0
BRDA:1033,106,0,0
BRDA:1033,106,1,0
BRDA:1035,107,0,0
BRDA:1035,107,1,0
BRDA:1042,108,0,0
BRDA:1042,108,1,0
BRDA:1054,109,0,0
BRDA:1054,109,1,0
BRDA:1054,110,0,0
BRDA:1054,110,1,0
BRDA:1060,111,0,0
BRDA:1060,111,1,0
BRDA:1060,112,0,0
BRDA:1060,112,1,0
BRDA:1061,113,0,0
BRDA:1061,113,1,0
BRDA:1063,114,0,0
BRDA:1063,114,1,0
BRDA:1070,115,0,0
BRDA:1070,115,1,0
BRDA:1082,116,0,0
BRDA:1082,116,1,0
BRDA:1082,117,0,0
BRDA:1082,117,1,0
BRDA:1088,118,0,0
BRDA:1088,118,1,0
BRDA:1088,119,0,0
BRDA:1088,119,1,0
BRDA:1089,120,0,0
BRDA:1089,120,1,0
BRDA:1091,121,0,0
BRDA:1091,121,1,0
BRDA:1098,122,0,0
BRDA:1098,122,1,0
BRDA:1112,123,0,0
BRDA:1112,123,1,0
BRDA:1143,124,0,0
BRDA:1143,124,1,0
BRDA:1161,125,0,0
BRDA:1161,125,1,0
BRDA:1161,126,0,0
BRDA:1161,126,1,0
BRDA:1166,127,0,0
BRDA:1166,127,1,0
BRDA:1166,128,0,0
BRDA:1166,128,1,0
BRDA:1167,129,0,0
BRDA:1167,129,1,0
BRDA:1175,130,0,0
BRDA:1175,130,1,0
BRDA:1175,131,0,0
BRDA:1175,131,1,0
BRDA:1180,132,0,0
BRDA:1180,132,1,0
BRDA:1180,133,0,0
BRDA:1180,133,1,0
BRDA:1181,134,0,0
BRDA:1181,134,1,0
BRDA:1189,135,0,0
BRDA:1189,135,1,0
BRDA:1189,136,0,0
BRDA:1189,136,1,0
BRDA:1194,137,0,0
BRDA:1194,137,1,0
BRDA:1195,138,0,0
BRDA:1195,138,1,0
BRDA:1196,139,0,0
BRDA:1196,139,1,0
BRDA:1198,140,0,0
BRDA:1198,140,1,0
BRDA:1199,141,0,0
BRDA:1199,141,1,0
BRDA:1201,142,0,0
BRDA:1201,142,1,0
BRDA:1202,143,0,0
BRDA:1202,143,1,0
BRDA:1211,144,0,0
BRDA:1211,144,1,0
BRDA:1212,145,0,0
BRDA:1212,145,1,0
BRDA:1212,146,0,0
BRDA:1212,146,1,0
BRDA:1229,147,0,0
BRDA:1229,147,1,0
BRDA:1230,148,0,0
BRDA:1230,148,1,0
BRDA:1231,149,0,0
BRDA:1231,149,1,0
BRDA:1232,150,0,0
BRDA:1232,150,1,0
BRDA:1244,151,0,0
BRDA:1244,151,1,0
BRDA:1249,152,0,0
BRDA:1249,152,1,0
BRDA:1260,153,0,0
BRDA:1260,153,1,0
BRDA:1269,154,0,0
BRDA:1269,154,1,0
BRDA:1272,155,0,0
BRDA:1272,155,1,0
BRDA:1276,156,0,0
BRDA:1276,156,1,0
BRDA:1283,157,0,0
BRDA:1283,157,1,0
BRDA:1293,158,0,0
BRDA:1293,158,1,0
BRDA:1307,159,0,0
BRDA:1307,159,1,0
BRDA:1307,160,0,0
BRDA:1307,160,1,0
BRDA:1318,161,0,0
BRDA:1318,161,1,0
BRDA:1318,162,0,0
BRDA:1318,162,1,0
BRDA:1318,162,2,0
BRDA:1334,163,0,0
BRDA:1334,163,1,0
BRDA:1334,164,0,0
BRDA:1334,164,1,0
BRDA:1345,165,0,0
BRDA:1345,165,1,0
BRDA:1347,166,0,0
BRDA:1347,166,1,0
BRDA:1348,167,0,0
BRDA:1348,167,1,0
BRDA:1349,168,0,0
BRDA:1349,168,1,0
BRDA:1349,169,0,0
BRDA:1349,169,1,0
BRDA:1350,170,0,0
BRDA:1350,170,1,0
BRDA:1352,171,0,0
BRDA:1352,171,1,0
BRDA:1355,172,0,0
BRDA:1355,172,1,0
BRDA:1379,173,0,0
BRDA:1379,173,1,0
BRDA:1435,174,0,0
BRDA:1435,174,1,0
BRDA:1435,175,0,0
BRDA:1435,175,1,0
BRDA:1439,176,0,0
BRDA:1439,176,1,0
BRDA:1449,177,0,0
BRDA:1449,177,1,0
BRDA:1449,178,0,0
BRDA:1449,178,1,0
BRF:366
BRH:0
end_of_record
TN:
SF:drivers\energy-optimizer\driver.js
FN:10,(anonymous_0)
FN:17,(anonymous_1)
FN:22,(anonymous_2)
FN:87,(anonymous_3)
FN:140,(anonymous_4)
FN:157,(anonymous_5)
FNF:6
FNH:0
FNDA:0,(anonymous_0)
FNDA:0,(anonymous_1)
FNDA:0,(anonymous_2)
FNDA:0,(anonymous_3)
FNDA:0,(anonymous_4)
FNDA:0,(anonymous_5)
DA:3,0
DA:5,0
DA:11,0
DA:18,0
DA:19,0
DA:22,0
DA:23,0
DA:25,0
DA:26,0
DA:33,0
DA:34,0
DA:37,0
DA:38,0
DA:39,0
DA:41,0
DA:43,0
DA:44,0
DA:47,0
DA:48,0
DA:52,0
DA:56,0
DA:57,0
DA:61,0
DA:65,0
DA:66,0
DA:70,0
DA:75,0
DA:76,0
DA:78,0
DA:79,0
DA:87,0
DA:88,0
DA:91,0
DA:92,0
DA:96,0
DA:97,0
DA:98,0
DA:100,0
DA:101,0
DA:103,0
DA:104,0
DA:105,0
DA:106,0
DA:107,0
DA:111,0
DA:114,0
DA:115,0
DA:119,0
DA:124,0
DA:136,0
DA:137,0
DA:140,0
DA:141,0
DA:143,0
DA:158,0
DA:161,0
LF:56
LH:0
BRDA:47,0,0,0
BRDA:47,0,1,0
BRDA:56,1,0,0
BRDA:56,1,1,0
BRDA:65,2,0,0
BRDA:65,2,1,0
BRDA:91,3,0,0
BRDA:91,3,1,0
BRDA:91,4,0,0
BRDA:91,4,1,0
BRDA:104,5,0,0
BRDA:104,5,1,0
BRDA:111,6,0,0
BRDA:111,6,1,0
BRDA:114,7,0,0
BRDA:114,7,1,0
BRDA:131,8,0,0
BRDA:131,8,1,0
BRDA:132,9,0,0
BRDA:132,9,1,0
BRDA:141,10,0,0
BRDA:141,10,1,0
BRF:22
BRH:0
end_of_record
TN:
SF:drivers\energy-optimizer\optimizer-core.js
FN:12,getPercentile
FN:30,forecastEnergyDemand
FN:71,(anonymous_2)
FN:84,(anonymous_3)
FN:93,(anonymous_4)
FN:116,computeHeuristicStrategy
FN:129,(anonymous_6)
FN:130,(anonymous_7)
FN:136,(anonymous_8)
FN:139,(anonymous_9)
FN:139,(anonymous_10)
FN:146,(anonymous_11)
FN:164,(anonymous_12)
FN:169,(anonymous_13)
FN:190,(anonymous_14)
FN:261,(anonymous_15)
FN:263,(anonymous_16)
FN:264,(anonymous_17)
FN:266,(anonymous_18)
FN:268,(anonymous_19)
FN:269,(anonymous_20)
FN:272,(anonymous_21)
FN:273,(anonymous_22)
FN:299,optimizeStrategyWithLp
FN:337,(anonymous_24)
FN:375,(anonymous_25)
FNF:26
FNH:24
FNDA:11,getPercentile
FNDA:127,forecastEnergyDemand
FNDA:54,(anonymous_2)
FNDA:0,(anonymous_3)
FNDA:0,(anonymous_4)
FNDA:7,computeHeuristicStrategy
FNDA:49,(anonymous_6)
FNDA:7,(anonymous_7)
FNDA:55,(anonymous_8)
FNDA:55,(anonymous_9)
FNDA:76,(anonymous_10)
FNDA:55,(anonymous_11)
FNDA:55,(anonymous_12)
FNDA:29,(anonymous_13)
FNDA:8,(anonymous_14)
FNDA:55,(anonymous_15)
FNDA:10,(anonymous_16)
FNDA:10,(anonymous_17)
FNDA:4,(anonymous_18)
FNDA:10,(anonymous_19)
FNDA:10,(anonymous_20)
FNDA:1,(anonymous_21)
FNDA:5,(anonymous_22)
FNDA:20,optimizeStrategyWithLp
FNDA:112,(anonymous_24)
FNDA:111,(anonymous_25)
DA:13,11
DA:14,10
DA:15,10
DA:16,10
DA:17,10
DA:18,9
DA:20,1
DA:31,127
DA:32,1
DA:36,126
DA:38,0
DA:42,126
DA:45,126
DA:48,126
DA:52,126
DA:54,126
DA:55,127
DA:58,127
DA:60,1
DA:61,1
DA:65,126
DA:67,126
DA:69,126
DA:71,54
DA:72,18
DA:76,108
DA:80,126
DA:81,126
DA:83,126
DA:84,0
DA:85,0
DA:89,126
DA:90,126
DA:92,126
DA:93,0
DA:94,0
DA:99,126
DA:100,126
DA:102,126
DA:105,126
DA:126,7
DA:128,7
DA:134,7
DA:135,7
DA:136,55
DA:139,76
DA:140,7
DA:141,7
DA:143,7
DA:146,55
DA:148,7
DA:151,7
DA:152,7
DA:153,7
DA:155,7
DA:156,10
DA:157,10
DA:161,7
DA:164,55
DA:169,29
DA:171,7
DA:174,7
DA:175,7
DA:178,7
DA:179,7
DA:180,7
DA:182,7
DA:183,7
DA:184,6
DA:186,1
DA:190,8
DA:193,7
DA:194,10
DA:195,10
DA:198,10
DA:199,8
DA:200,8
DA:201,8
DA:203,8
DA:204,5
DA:205,5
DA:210,5
DA:212,5
DA:213,0
DA:216,5
DA:217,0
DA:220,5
DA:221,6
DA:223,6
DA:224,6
DA:226,6
DA:227,0
DA:230,6
DA:231,6
DA:233,6
DA:235,6
DA:236,6
DA:238,6
DA:239,6
DA:240,0
DA:243,6
DA:244,6
DA:245,6
DA:246,6
DA:248,6
DA:249,6
DA:251,6
DA:252,1
DA:255,5
DA:256,5
DA:261,55
DA:262,7
DA:263,10
DA:264,10
DA:266,7
DA:267,7
DA:268,10
DA:269,10
DA:272,7
DA:273,7
DA:275,7
DA:276,7
DA:277,7
DA:279,7
DA:300,20
DA:302,20
DA:303,1
DA:304,0
DA:306,1
DA:316,19
DA:319,19
DA:320,1
DA:321,1
DA:324,18
DA:325,2
DA:326,2
DA:329,16
DA:330,4
DA:331,4
DA:334,12
DA:337,112
DA:339,12
DA:340,12
DA:341,12
DA:343,12
DA:344,1
DA:345,0
DA:347,1
DA:350,11
DA:351,11
DA:353,11
DA:354,11
DA:356,11
DA:357,1
DA:358,1
DA:359,1
DA:363,11
DA:370,11
DA:371,11
DA:374,11
DA:375,111
DA:380,11
DA:381,111
DA:382,111
DA:384,111
DA:385,111
DA:386,111
DA:391,111
DA:394,111
DA:397,111
DA:402,111
DA:403,111
DA:404,111
DA:407,111
DA:408,111
DA:409,111
DA:412,111
DA:413,111
DA:414,111
DA:418,111
DA:419,111
DA:420,111
DA:421,111
DA:424,111
DA:425,111
DA:426,111
DA:432,11
DA:433,11
DA:434,11
DA:436,11
DA:437,11
DA:439,11
DA:440,11
DA:441,11
DA:442,11
DA:444,11
DA:445,11
DA:446,11
DA:447,11
DA:451,11
DA:452,100
DA:453,100
DA:454,100
DA:455,100
DA:457,100
DA:458,100
DA:460,100
DA:461,100
DA:462,100
DA:463,100
DA:464,100
DA:466,100
DA:467,100
DA:468,100
DA:469,100
DA:470,100
DA:475,11
DA:476,11
DA:478,1
DA:479,0
DA:481,1
DA:484,10
DA:485,3
DA:486,0
DA:488,3
DA:492,7
DA:493,7
DA:494,7
DA:495,7
DA:497,7
DA:499,7
DA:500,106
DA:501,106
DA:502,106
DA:503,106
DA:505,106
DA:506,53
DA:507,53
DA:508,53
DA:511,106
DA:512,2
DA:513,2
DA:514,2
DA:519,7
DA:521,7
DA:522,7
DA:524,7
DA:525,1
DA:526,1
DA:527,1
DA:530,7
DA:539,2
LF:252
LH:239
BRDA:13,0,0,1
BRDA:13,0,1,10
BRDA:17,1,0,9
BRDA:17,1,1,1
BRDA:30,2,0,0
BRDA:31,3,0,1
BRDA:31,3,1,126
BRDA:36,4,0,0
BRDA:36,4,1,126
BRDA:36,5,0,126
BRDA:36,5,1,126
BRDA:42,6,0,26
BRDA:42,6,1,100
BRDA:42,7,0,126
BRDA:42,7,1,26
BRDA:45,8,0,26
BRDA:45,8,1,100
BRDA:45,9,0,126
BRDA:45,9,1,26
BRDA:48,10,0,27
BRDA:48,10,1,99
BRDA:48,11,0,126
BRDA:48,11,1,27
BRDA:58,12,0,1
BRDA:58,12,1,126
BRDA:58,13,0,127
BRDA:58,13,1,126
BRDA:65,14,0,126
BRDA:65,14,1,108
BRDA:69,15,0,18
BRDA:69,15,1,108
BRDA:80,16,0,126
BRDA:80,16,1,126
BRDA:83,17,0,0
BRDA:83,17,1,126
BRDA:89,18,0,126
BRDA:89,18,1,126
BRDA:92,19,0,0
BRDA:92,19,1,126
BRDA:116,20,0,7
BRDA:122,21,0,0
BRDA:128,22,0,7
BRDA:128,22,1,7
BRDA:161,23,0,5
BRDA:161,23,1,2
BRDA:164,24,0,55
BRDA:164,24,1,31
BRDA:164,24,2,26
BRDA:183,25,0,6
BRDA:183,25,1,1
BRDA:198,26,0,8
BRDA:198,26,1,2
BRDA:203,27,0,5
BRDA:203,27,1,3
BRDA:212,28,0,0
BRDA:212,28,1,5
BRDA:216,29,0,0
BRDA:216,29,1,5
BRDA:221,30,0,0
BRDA:221,30,1,6
BRDA:226,31,0,0
BRDA:226,31,1,6
BRDA:230,32,0,6
BRDA:230,32,1,4
BRDA:233,33,0,0
BRDA:233,33,1,6
BRDA:236,34,0,0
BRDA:236,34,1,6
BRDA:239,35,0,0
BRDA:239,35,1,6
BRDA:251,36,0,5
BRDA:251,36,1,1
BRDA:252,37,0,0
BRDA:252,37,1,1
BRDA:255,38,0,5
BRDA:255,38,1,0
BRDA:299,39,0,0
BRDA:302,40,0,1
BRDA:302,40,1,19
BRDA:303,41,0,0
BRDA:303,41,1,1
BRDA:314,42,0,0
BRDA:319,43,0,1
BRDA:319,43,1,18
BRDA:319,44,0,19
BRDA:319,44,1,19
BRDA:320,45,0,0
BRDA:320,45,1,1
BRDA:324,46,0,2
BRDA:324,46,1,16
BRDA:324,47,0,18
BRDA:324,47,1,17
BRDA:325,48,0,0
BRDA:325,48,1,2
BRDA:329,49,0,4
BRDA:329,49,1,12
BRDA:329,50,0,16
BRDA:329,50,1,15
BRDA:329,50,2,14
BRDA:329,50,3,13
BRDA:330,51,0,0
BRDA:330,51,1,4
BRDA:343,52,0,1
BRDA:343,52,1,11
BRDA:343,53,0,12
BRDA:343,53,1,1
BRDA:344,54,0,0
BRDA:344,54,1,1
BRDA:356,55,0,1
BRDA:356,55,1,10
BRDA:478,56,0,0
BRDA:478,56,1,1
BRDA:484,57,0,3
BRDA:484,57,1,7
BRDA:484,58,0,10
BRDA:484,58,1,9
BRDA:484,58,2,8
BRDA:485,59,0,0
BRDA:485,59,1,3
BRDA:502,60,0,106
BRDA:502,60,1,52
BRDA:503,61,0,106
BRDA:503,61,1,103
BRDA:505,62,0,53
BRDA:505,62,1,53
BRDA:511,63,0,2
BRDA:511,63,1,104
BRDA:519,64,0,7
BRDA:519,64,1,3
BRDA:524,65,0,1
BRDA:524,65,1,6
BRF:131
BRH:108
end_of_record
TN:
SF:drivers\grid-meter\device.js
FN:8,(anonymous_0)
FN:28,(anonymous_1)
FN:32,(anonymous_2)
FN:36,(anonymous_3)
FN:40,(anonymous_4)
FN:44,(anonymous_5)
FNF:6
FNH:0
FNDA:0,(anonymous_0)
FNDA:0,(anonymous_1)
FNDA:0,(anonymous_2)
FNDA:0,(anonymous_3)
FNDA:0,(anonymous_4)
FNDA:0,(anonymous_5)
DA:3,0
DA:4,0
DA:6,0
DA:9,0
DA:12,0
DA:13,0
DA:14,0
DA:16,0
DA:17,0
DA:18,0
DA:22,0
DA:23,0
DA:25,0
DA:29,0
DA:33,0
DA:37,0
DA:41,0
DA:45,0
DA:46,0
DA:47,0
DA:48,0
DA:49,0
DA:52,0
DA:54,0
DA:55,0
DA:58,0
DA:61,0
DA:64,0
DA:65,0
DA:66,0
DA:68,0
DA:70,0
DA:71,0
DA:72,0
DA:73,0
DA:74,0
DA:76,0
DA:77,0
DA:78,0
DA:79,0
DA:84,0
DA:85,0
DA:87,0
DA:89,0
DA:90,0
DA:91,0
DA:92,0
DA:94,0
DA:97,0
DA:98,0
DA:100,0
LF:51
LH:0
BRDA:12,0,0,0
BRDA:12,0,1,0
BRDA:16,1,0,0
BRDA:16,1,1,0
BRDA:45,2,0,0
BRDA:45,2,1,0
BRDA:47,3,0,0
BRDA:47,3,1,0
BRDA:64,4,0,0
BRDA:64,4,1,0
BRDA:68,5,0,0
BRDA:68,5,1,0
BRDA:70,6,0,0
BRDA:70,6,1,0
BRDA:74,7,0,0
BRDA:74,7,1,0
BRDA:76,8,0,0
BRDA:76,8,1,0
BRDA:90,9,0,0
BRDA:90,9,1,0
BRDA:97,10,0,0
BRDA:97,10,1,0
BRF:22
BRH:0
end_of_record
TN:
SF:drivers\grid-meter\driver.js
FN:9,(anonymous_0)
FN:14,(anonymous_1)
FN:17,(anonymous_2)
FN:44,(anonymous_3)
FNF:4
FNH:0
FNDA:0,(anonymous_0)
FNDA:0,(anonymous_1)
FNDA:0,(anonymous_2)
FNDA:0,(anonymous_3)
DA:3,0
DA:4,0
DA:5,0
DA:7,0
DA:10,0
DA:11,0
DA:15,0
DA:17,0
DA:18,0
DA:20,0
DA:21,0
DA:22,0
DA:23,0
DA:25,0
DA:26,0
DA:27,0
DA:29,0
DA:35,0
DA:36,0
DA:37,0
DA:39,0
DA:40,0
DA:44,0
DA:45,0
DA:47,0
LF:25
LH:0
BRDA:45,0,0,0
BRDA:45,0,1,0
BRF:2
BRH:0
end_of_record
TN:
SF:drivers\rct-power-storage-dc\device.js
FN:11,(anonymous_0)
FN:106,(anonymous_1)
FN:108,(anonymous_2)
FN:113,(anonymous_3)
FN:118,(anonymous_4)
FN:126,(anonymous_5)
FN:133,(anonymous_6)
FN:226,(anonymous_7)
FN:243,(anonymous_8)
FN:253,(anonymous_9)
FN:263,(anonymous_10)
FN:275,(anonymous_11)
FN:279,(anonymous_12)
FN:285,(anonymous_13)
FN:318,(anonymous_14)
FN:331,(anonymous_15)
FN:354,(anonymous_16)
FNF:17
FNH:0
FNDA:0,(anonymous_0)
FNDA:0,(anonymous_1)
FNDA:0,(anonymous_2)
FNDA:0,(anonymous_3)
FNDA:0,(anonymous_4)
FNDA:0,(anonymous_5)
FNDA:0,(anonymous_6)
FNDA:0,(anonymous_7)
FNDA:0,(anonymous_8)
FNDA:0,(anonymous_9)
FNDA:0,(anonymous_10)
FNDA:0,(anonymous_11)
FNDA:0,(anonymous_12)
FNDA:0,(anonymous_13)
FNDA:0,(anonymous_14)
FNDA:0,(anonymous_15)
FNDA:0,(anonymous_16)
DA:3,0
DA:4,0
DA:12,0
DA:13,0
DA:16,0
DA:17,0
DA:18,0
DA:22,0
DA:23,0
DA:24,0
DA:26,0
DA:27,0
DA:28,0
DA:29,0
DA:31,0
DA:34,0
DA:35,0
DA:36,0
DA:37,0
DA:38,0
DA:42,0
DA:43,0
DA:44,0
DA:48,0
DA:49,0
DA:53,0
DA:54,0
DA:57,0
DA:60,0
DA:62,0
DA:63,0
DA:64,0
DA:66,0
DA:76,0
DA:83,0
DA:84,0
DA:85,0
DA:86,0
DA:87,0
DA:89,0
DA:90,0
DA:92,0
DA:96,0
DA:98,0
DA:99,0
DA:107,0
DA:109,0
DA:112,0
DA:114,0
DA:117,0
DA:119,0
DA:127,0
DA:134,0
DA:135,0
DA:136,0
DA:137,0
DA:138,0
DA:141,0
DA:143,0
DA:144,0
DA:150,0
DA:151,0
DA:154,0
DA:157,0
DA:160,0
DA:161,0
DA:162,0
DA:165,0
DA:167,0
DA:168,0
DA:169,0
DA:170,0
DA:171,0
DA:173,0
DA:174,0
DA:175,0
DA:176,0
DA:181,0
DA:182,0
DA:185,0
DA:186,0
DA:187,0
DA:190,0
DA:191,0
DA:194,0
DA:195,0
DA:198,0
DA:199,0
DA:202,0
DA:203,0
DA:206,0
DA:207,0
DA:208,0
DA:209,0
DA:211,0
DA:215,0
DA:216,0
DA:217,0
DA:218,0
DA:220,0
DA:222,0
DA:227,0
DA:228,0
DA:229,0
DA:230,0
DA:232,0
DA:235,0
DA:236,0
DA:238,0
DA:244,0
DA:245,0
DA:246,0
DA:247,0
DA:248,0
DA:254,0
DA:255,0
DA:256,0
DA:257,0
DA:258,0
DA:264,0
DA:265,0
DA:266,0
DA:268,0
DA:269,0
DA:270,0
DA:276,0
DA:277,0
DA:279,0
DA:280,0
DA:286,0
DA:287,0
DA:288,0
DA:289,0
DA:292,0
DA:293,0
DA:295,0
DA:296,0
DA:297,0
DA:298,0
DA:300,0
DA:301,0
DA:302,0
DA:303,0
DA:305,0
DA:309,0
DA:310,0
DA:312,0
DA:319,0
DA:320,0
DA:321,0
DA:322,0
DA:324,0
DA:325,0
DA:326,0
DA:328,0
DA:329,0
DA:331,0
DA:332,0
DA:333,0
DA:334,0
DA:336,0
DA:337,0
DA:338,0
DA:339,0
DA:341,0
DA:345,0
DA:346,0
DA:348,0
DA:355,0
DA:356,0
DA:357,0
DA:358,0
DA:360,0
DA:362,0
DA:363,0
DA:365,0
DA:366,0
DA:367,0
DA:368,0
DA:370,0
DA:371,0
DA:372,0
DA:373,0
DA:375,0
DA:379,0
DA:380,0
DA:382,0
DA:389,0
LF:188
LH:0
BRDA:16,0,0,0
BRDA:16,0,1,0
BRDA:22,1,0,0
BRDA:22,1,1,0
BRDA:26,2,0,0
BRDA:26,2,1,0
BRDA:27,3,0,0
BRDA:27,3,1,0
BRDA:34,4,0,0
BRDA:34,4,1,0
BRDA:37,5,0,0
BRDA:37,5,1,0
BRDA:42,6,0,0
BRDA:42,6,1,0
BRDA:48,7,0,0
BRDA:48,7,1,0
BRDA:89,8,0,0
BRDA:89,8,1,0
BRDA:92,9,0,0
BRDA:92,9,1,0
BRDA:92,10,0,0
BRDA:92,10,1,0
BRDA:134,11,0,0
BRDA:134,11,1,0
BRDA:136,12,0,0
BRDA:136,12,1,0
BRDA:160,13,0,0
BRDA:160,13,1,0
BRDA:165,14,0,0
BRDA:165,14,1,0
BRDA:167,15,0,0
BRDA:167,15,1,0
BRDA:171,16,0,0
BRDA:171,16,1,0
BRDA:173,17,0,0
BRDA:173,17,1,0
BRDA:206,18,0,0
BRDA:206,18,1,0
BRDA:208,19,0,0
BRDA:208,19,1,0
BRDA:228,20,0,0
BRDA:228,20,1,0
BRDA:235,21,0,0
BRDA:235,21,1,0
BRDA:244,22,0,0
BRDA:244,22,1,0
BRDA:254,23,0,0
BRDA:254,23,1,0
BRDA:264,24,0,0
BRDA:264,24,1,0
BRDA:288,25,0,0
BRDA:288,25,1,0
BRDA:301,26,0,0
BRDA:301,26,1,0
BRDA:309,27,0,0
BRDA:309,27,1,0
BRDA:321,28,0,0
BRDA:321,28,1,0
BRDA:331,29,0,0
BRDA:331,29,1,0
BRDA:337,30,0,0
BRDA:337,30,1,0
BRDA:345,31,0,0
BRDA:345,31,1,0
BRDA:357,32,0,0
BRDA:357,32,1,0
BRDA:371,33,0,0
BRDA:371,33,1,0
BRDA:379,34,0,0
BRDA:379,34,1,0
BRF:70
BRH:0
end_of_record
TN:
SF:drivers\rct-power-storage-dc\driver.js
FN:12,(anonymous_0)
FN:19,(anonymous_1)
FN:25,(anonymous_2)
FN:31,(anonymous_3)
FN:37,(anonymous_4)
FN:43,(anonymous_5)
FN:49,(anonymous_6)
FN:55,(anonymous_7)
FN:61,(anonymous_8)
FN:67,(anonymous_9)
FN:72,(anonymous_10)
FN:79,(anonymous_11)
FN:82,(anonymous_12)
FN:109,(anonymous_13)
FNF:14
FNH:0
FNDA:0,(anonymous_0)
FNDA:0,(anonymous_1)
FNDA:0,(anonymous_2)
FNDA:0,(anonymous_3)
FNDA:0,(anonymous_4)
FNDA:0,(anonymous_5)
FNDA:0,(anonymous_6)
FNDA:0,(anonymous_7)
FNDA:0,(anonymous_8)
FNDA:0,(anonymous_9)
FNDA:0,(anonymous_10)
FNDA:0,(anonymous_11)
FNDA:0,(anonymous_12)
FNDA:0,(anonymous_13)
DA:3,0
DA:4,0
DA:5,0
DA:13,0
DA:14,0
DA:15,0
DA:18,0
DA:20,0
DA:24,0
DA:26,0
DA:30,0
DA:32,0
DA:36,0
DA:38,0
DA:42,0
DA:44,0
DA:48,0
DA:50,0
DA:54,0
DA:56,0
DA:60,0
DA:62,0
DA:66,0
DA:68,0
DA:73,0
DA:80,0
DA:82,0
DA:83,0
DA:85,0
DA:86,0
DA:87,0
DA:88,0
DA:90,0
DA:91,0
DA:92,0
DA:94,0
DA:100,0
DA:101,0
DA:102,0
DA:104,0
DA:105,0
DA:109,0
DA:110,0
DA:112,0
DA:124,0
LF:45
LH:0
BRDA:110,0,0,0
BRDA:110,0,1,0
BRF:2
BRH:0
end_of_record
TN:
SF:drivers\solar-panel\device.js
FN:11,(anonymous_0)
FN:32,(anonymous_1)
FN:44,(anonymous_2)
FN:53,(anonymous_3)
FN:60,(anonymous_4)
FN:64,(anonymous_5)
FNF:6
FNH:0
FNDA:0,(anonymous_0)
FNDA:0,(anonymous_1)
FNDA:0,(anonymous_2)
FNDA:0,(anonymous_3)
FNDA:0,(anonymous_4)
FNDA:0,(anonymous_5)
DA:3,0
DA:4,0
DA:6,0
DA:12,0
DA:15,0
DA:16,0
DA:18,0
DA:19,0
DA:23,0
DA:24,0
DA:26,0
DA:33,0
DA:45,0
DA:54,0
DA:61,0
DA:65,0
DA:66,0
DA:67,0
DA:68,0
DA:69,0
DA:72,0
DA:73,0
DA:74,0
DA:75,0
DA:78,0
DA:79,0
DA:83,0
DA:84,0
DA:87,0
DA:88,0
DA:89,0
DA:90,0
DA:91,0
DA:95,0
DA:96,0
DA:99,0
DA:100,0
DA:103,0
DA:105,0
DA:106,0
DA:107,0
DA:108,0
DA:110,0
DA:113,0
DA:114,0
DA:116,0
LF:46
LH:0
BRDA:15,0,0,0
BRDA:15,0,1,0
BRDA:18,1,0,0
BRDA:18,1,1,0
BRDA:65,2,0,0
BRDA:65,2,1,0
BRDA:67,3,0,0
BRDA:67,3,1,0
BRDA:87,4,0,0
BRDA:87,4,1,0
BRDA:88,5,0,0
BRDA:88,5,1,0
BRDA:99,6,0,0
BRDA:99,6,1,0
BRDA:106,7,0,0
BRDA:106,7,1,0
BRDA:113,8,0,0
BRDA:113,8,1,0
BRF:18
BRH:0
end_of_record
TN:
SF:drivers\solar-panel\driver.js
FN:12,(anonymous_0)
FN:17,(anonymous_1)
FN:20,(anonymous_2)
FN:47,(anonymous_3)
FNF:4
FNH:0
FNDA:0,(anonymous_0)
FNDA:0,(anonymous_1)
FNDA:0,(anonymous_2)
FNDA:0,(anonymous_3)
DA:3,0
DA:4,0
DA:5,0
DA:7,0
DA:13,0
DA:14,0
DA:18,0
DA:20,0
DA:21,0
DA:23,0
DA:24,0
DA:25,0
DA:26,0
DA:28,0
DA:29,0
DA:30,0
DA:32,0
DA:38,0
DA:39,0
DA:40,0
DA:42,0
DA:43,0
DA:47,0
DA:48,0
DA:50,0
LF:25
LH:0
BRDA:48,0,0,0
BRDA:48,0,1,0
BRF:2
BRH:0
end_of_record
TN:
SF:lib\rct-device.js
FN:8,(anonymous_0)
FN:19,(anonymous_1)
FN:29,(anonymous_2)
FN:52,(anonymous_3)
FN:57,(anonymous_4)
FN:60,(anonymous_5)
FN:65,(anonymous_6)
FN:73,(anonymous_7)
FNF:8
FNH:0
FNDA:0,(anonymous_0)
FNDA:0,(anonymous_1)
FNDA:0,(anonymous_2)
FNDA:0,(anonymous_3)
FNDA:0,(anonymous_4)
FNDA:0,(anonymous_5)
FNDA:0,(anonymous_6)
FNDA:0,(anonymous_7)
DA:3,0
DA:4,0
DA:9,0
DA:10,0
DA:11,0
DA:12,0
DA:13,0
DA:20,0
DA:21,0
DA:22,0
DA:23,0
DA:24,0
DA:25,0
DA:30,0
DA:31,0
DA:32,0
DA:33,0
DA:34,0
DA:35,0
DA:37,0
DA:38,0
DA:39,0
DA:41,0
DA:42,0
DA:43,0
DA:44,0
DA:45,0
DA:46,0
DA:49,0
DA:53,0
DA:54,0
DA:57,0
DA:60,0
DA:61,0
DA:66,0
DA:67,0
DA:68,0
DA:74,0
DA:79,0
LF:39
LH:0
BRDA:23,0,0,0
BRDA:23,0,1,0
BRDA:29,1,0,0
BRDA:29,2,0,0
BRDA:30,3,0,0
BRDA:30,3,1,0
BRDA:32,4,0,0
BRDA:32,4,1,0
BRDA:32,5,0,0
BRDA:32,5,1,0
BRDA:34,6,0,0
BRDA:34,6,1,0
BRDA:45,7,0,0
BRDA:45,7,1,0
BRDA:53,8,0,0
BRDA:53,8,1,0
BRDA:66,9,0,0
BRDA:66,9,1,0
BRF:18
BRH:0
end_of_record
TN:
SF:lib\rct-driver.js
FN:9,(anonymous_0)
FN:13,(anonymous_1)
FN:16,(anonymous_2)
FN:43,(anonymous_3)
FNF:4
FNH:0
FNDA:0,(anonymous_0)
FNDA:0,(anonymous_1)
FNDA:0,(anonymous_2)
FNDA:0,(anonymous_3)
DA:3,0
DA:4,0
DA:5,0
DA:7,0
DA:10,0
DA:14,0
DA:16,0
DA:17,0
DA:19,0
DA:20,0
DA:21,0
DA:22,0
DA:24,0
DA:25,0
DA:26,0
DA:28,0
DA:34,0
DA:35,0
DA:36,0
DA:38,0
DA:39,0
DA:43,0
DA:44,0
DA:46,0
LF:24
LH:0
BRDA:44,0,0,0
BRDA:44,0,1,0
BRF:2
BRH:0
end_of_record
TN:
SF:lib\javascript-lp-solver\gruntfile.js
FN:13,(anonymous_0)
FNF:1
FNH:0
FNDA:0,(anonymous_0)
DA:13,0
DA:14,0
DA:62,0
DA:63,0
DA:64,0
DA:65,0
DA:66,0
DA:71,0
DA:72,0
DA:73,0
DA:75,0
LF:11
LH:0
BRF:0
BRH:0
end_of_record
TN:
SF:lib\javascript-lp-solver\server.js
FN:20,(anonymous_0)
FN:46,(anonymous_1)
FN:60,(anonymous_2)
FN:61,(anonymous_3)
FN:77,(anonymous_4)
FNF:5
FNH:0
FNDA:0,(anonymous_0)
FNDA:0,(anonymous_1)
FNDA:0,(anonymous_2)
FNDA:0,(anonymous_3)
FNDA:0,(anonymous_4)
DA:14,0
DA:15,0
DA:16,0
DA:17,0
DA:18,0
DA:20,0
DA:21,0
DA:24,0
DA:27,0
DA:29,0
DA:31,0
DA:46,0
DA:47,0
DA:49,0
DA:50,0
DA:51,0
DA:55,0
DA:58,0
DA:60,0
DA:61,0
DA:62,0
DA:66,0
DA:67,0
DA:68,0
DA:77,0
DA:78,0
DA:79,0
DA:80,0
DA:83,0
DA:84,0
DA:92,0
LF:31
LH:0
BRDA:18,0,0,0
BRDA:18,0,1,0
BRDA:47,1,0,0
BRDA:47,1,1,0
BRDA:55,2,0,0
BRDA:55,2,1,0
BRDA:66,3,0,0
BRDA:66,3,1,0
BRDA:78,4,0,0
BRDA:78,4,1,0
BRDA:83,5,0,0
BRDA:83,5,1,0
BRF:12
BRH:0
end_of_record
TN:
SF:lib\javascript-lp-solver\src\Model.js
FN:21,Model
FN:57,(anonymous_1)
FN:62,(anonymous_2)
FN:74,(anonymous_3)
FN:84,(anonymous_4)
FN:94,(anonymous_5)
FN:100,(anonymous_6)
FN:106,(anonymous_7)
FN:116,(anonymous_8)
FN:174,(anonymous_9)
FN:196,(anonymous_10)
FN:207,(anonymous_11)
FN:222,(anonymous_12)
FN:229,(anonymous_13)
FN:237,(anonymous_14)
FN:250,(anonymous_15)
FN:427,(anonymous_16)
FN:431,(anonymous_17)
FN:441,(anonymous_18)
FN:445,(anonymous_19)
FN:449,(anonymous_20)
FN:453,(anonymous_21)
FN:457,(anonymous_22)
FN:461,(anonymous_23)
FNF:24
FNH:0
FNDA:0,Model
FNDA:0,(anonymous_1)
FNDA:0,(anonymous_2)
FNDA:0,(anonymous_3)
FNDA:0,(anonymous_4)
FNDA:0,(anonymous_5)
FNDA:0,(anonymous_6)
FNDA:0,(anonymous_7)
FNDA:0,(anonymous_8)
FNDA:0,(anonymous_9)
FNDA:0,(anonymous_10)
FNDA:0,(anonymous_11)
FNDA:0,(anonymous_12)
FNDA:0,(anonymous_13)
FNDA:0,(anonymous_14)
FNDA:0,(anonymous_15)
FNDA:0,(anonymous_16)
FNDA:0,(anonymous_17)
FNDA:0,(anonymous_18)
FNDA:0,(anonymous_19)
FNDA:0,(anonymous_20)
FNDA:0,(anonymous_21)
FNDA:0,(anonymous_22)
FNDA:0,(anonymous_23)
DA:8,0
DA:9,0
DA:10,0
DA:11,0
DA:12,0
DA:13,0
DA:14,0
DA:15,0
DA:22,0
DA:24,0
DA:26,0
DA:28,0
DA:30,0
DA:32,0
DA:34,0
DA:36,0
DA:38,0
DA:40,0
DA:42,0
DA:44,0
DA:46,0
DA:53,0
DA:55,0
DA:57,0
DA:58,0
DA:59,0
DA:62,0
DA:63,0
DA:64,0
DA:74,0
DA:75,0
DA:76,0
DA:79,0
DA:80,0
DA:81,0
DA:84,0
DA:85,0
DA:86,0
DA:87,0
DA:88,0
DA:89,0
DA:90,0
DA:94,0
DA:95,0
DA:96,0
DA:97,0
DA:100,0
DA:101,0
DA:102,0
DA:103,0
DA:106,0
DA:107,0
DA:108,0
DA:110,0
DA:111,0
DA:113,0
DA:116,0
DA:117,0
DA:118,0
DA:120,0
DA:121,0
DA:123,0
DA:124,0
DA:126,0
DA:127,0
DA:129,0
DA:130,0
DA:132,0
DA:133,0
DA:137,0
DA:138,0
DA:139,0
DA:142,0
DA:143,0
DA:146,0
DA:147,0
DA:151,0
DA:152,0
DA:153,0
DA:155,0
DA:158,0
DA:159,0
DA:161,0
DA:162,0
DA:165,0
DA:167,0
DA:168,0
DA:171,0
DA:174,0
DA:175,0
DA:176,0
DA:177,0
DA:178,0
DA:181,0
DA:182,0
DA:184,0
DA:185,0
DA:188,0
DA:189,0
DA:196,0
DA:197,0
DA:198,0
DA:199,0
DA:201,0
DA:204,0
DA:207,0
DA:208,0
DA:209,0
DA:210,0
DA:211,0
DA:213,0
DA:215,0
DA:216,0
DA:219,0
DA:222,0
DA:223,0
DA:224,0
DA:226,0
DA:229,0
DA:230,0
DA:231,0
DA:233,0
DA:237,0
DA:238,0
DA:239,0
DA:240,0
DA:243,0
DA:244,0
DA:245,0
DA:250,0
DA:251,0
DA:253,0
DA:254,0
DA:256,0
DA:257,0
DA:260,0
DA:261,0
DA:263,0
DA:264,0
DA:265,0
DA:266,0
DA:268,0
DA:269,0
DA:270,0
DA:273,0
DA:274,0
DA:275,0
DA:276,0
DA:277,0
DA:278,0
DA:281,0
DA:282,0
DA:283,0
DA:284,0
DA:285,0
DA:288,0
DA:289,0
DA:291,0
DA:292,0
DA:294,0
DA:295,0
DA:299,0
DA:300,0
DA:310,0
DA:312,0
DA:313,0
DA:326,0
DA:331,0
DA:332,0
DA:338,0
DA:339,0
DA:345,0
DA:346,0
DA:355,0
DA:356,0
DA:358,0
DA:364,0
DA:365,0
DA:367,0
DA:380,0
DA:381,0
DA:382,0
DA:385,0
DA:386,0
DA:388,0
DA:389,0
DA:390,0
DA:391,0
DA:392,0
DA:393,0
DA:394,0
DA:396,0
DA:398,0
DA:401,0
DA:402,0
DA:403,0
DA:404,0
DA:405,0
DA:408,0
DA:410,0
DA:411,0
DA:412,0
DA:415,0
DA:416,0
DA:417,0
DA:422,0
DA:427,0
DA:428,0
DA:431,0
DA:433,0
DA:434,0
DA:435,0
DA:438,0
DA:441,0
DA:442,0
DA:445,0
DA:446,0
DA:449,0
DA:450,0
DA:453,0
DA:454,0
DA:457,0
DA:458,0
DA:461,0
DA:462,0
LF:225
LH:0
BRDA:75,0,0,0
BRDA:75,0,1,0
BRDA:89,1,0,0
BRDA:89,1,1,0
BRDA:117,2,0,0
BRDA:117,2,1,0
BRDA:118,3,0,0
BRDA:118,3,1,0
BRDA:118,3,2,0
BRDA:118,3,3,0
BRDA:118,3,4,0
BRDA:138,4,0,0
BRDA:138,4,1,0
BRDA:138,5,0,0
BRDA:138,5,1,0
BRDA:142,6,0,0
BRDA:142,6,1,0
BRDA:142,7,0,0
BRDA:142,7,1,0
BRDA:146,8,0,0
BRDA:146,8,1,0
BRDA:146,9,0,0
BRDA:146,9,1,0
BRDA:151,10,0,0
BRDA:151,10,1,0
BRDA:161,11,0,0
BRDA:161,11,1,0
BRDA:167,12,0,0
BRDA:167,12,1,0
BRDA:176,13,0,0
BRDA:176,13,1,0
BRDA:184,14,0,0
BRDA:184,14,1,0
BRDA:188,15,0,0
BRDA:188,15,1,0
BRDA:197,16,0,0
BRDA:197,16,1,0
BRDA:209,17,0,0
BRDA:209,17,1,0
BRDA:215,18,0,0
BRDA:215,18,1,0
BRDA:223,19,0,0
BRDA:223,19,1,0
BRDA:230,20,0,0
BRDA:230,20,1,0
BRDA:239,21,0,0
BRDA:239,21,1,0
BRDA:270,22,0,0
BRDA:270,22,1,0
BRDA:273,23,0,0
BRDA:273,23,1,0
BRDA:275,24,0,0
BRDA:275,24,1,0
BRDA:278,25,0,0
BRDA:278,25,1,0
BRDA:282,26,0,0
BRDA:282,26,1,0
BRDA:285,27,0,0
BRDA:285,27,1,0
BRDA:295,28,0,0
BRDA:295,28,1,0
BRDA:310,29,0,0
BRDA:310,29,1,0
BRDA:312,30,0,0
BRDA:312,30,1,0
BRDA:326,31,0,0
BRDA:326,31,1,0
BRDA:331,32,0,0
BRDA:331,32,1,0
BRDA:338,33,0,0
BRDA:338,33,1,0
BRDA:339,34,0,0
BRDA:339,34,1,0
BRDA:345,35,0,0
BRDA:345,35,1,0
BRDA:355,36,0,0
BRDA:355,36,1,0
BRDA:364,37,0,0
BRDA:364,37,1,0
BRDA:380,38,0,0
BRDA:380,38,1,0
BRDA:381,39,0,0
BRDA:381,39,1,0
BRDA:382,40,0,0
BRDA:382,40,1,0
BRDA:390,41,0,0
BRDA:390,41,1,0
BRDA:392,42,0,0
BRDA:392,42,1,0
BRDA:396,43,0,0
BRDA:396,43,1,0
BRDA:404,44,0,0
BRDA:404,44,1,0
BRDA:411,45,0,0
BRDA:411,45,1,0
BRDA:416,46,0,0
BRDA:416,46,1,0
BRDA:433,47,0,0
BRDA:433,47,1,0
BRF:99
BRH:0
end_of_record
TN:
SF:lib\javascript-lp-solver\src\Polyopt.js
FN:38,(anonymous_0)
FNF:1
FNH:0
FNDA:0,(anonymous_0)
DA:38,0
DA:52,0
DA:53,0
DA:54,0
DA:56,0
DA:57,0
DA:58,0
DA:59,0
DA:60,0
DA:64,0
DA:67,0
DA:69,0
DA:73,0
DA:76,0
DA:77,0
DA:80,0
DA:90,0
DA:92,0
DA:94,0
DA:96,0
DA:98,0
DA:100,0
DA:107,0
DA:112,0
DA:113,0
DA:114,0
DA:116,0
DA:121,0
DA:123,0
DA:124,0
DA:128,0
DA:129,0
DA:130,0
DA:138,0
DA:139,0
DA:140,0
DA:149,0
DA:150,0
DA:154,0
DA:155,0
DA:159,0
DA:160,0
DA:164,0
DA:165,0
DA:166,0
DA:173,0
DA:174,0
DA:175,0
DA:176,0
DA:177,0
DA:179,0
DA:180,0
DA:183,0
DA:184,0
DA:189,0
DA:191,0
LF:56
LH:0
BRDA:92,0,0,0
BRDA:92,0,1,0
BRDA:94,1,0,0
BRDA:94,1,1,0
BRDA:98,2,0,0
BRDA:98,2,1,0
BRDA:98,3,0,0
BRDA:98,3,1,0
BRDA:113,4,0,0
BRDA:113,4,1,0
BRDA:121,5,0,0
BRDA:121,5,1,0
BRDA:129,6,0,0
BRDA:129,6,1,0
BRDA:166,7,0,0
BRDA:166,7,1,0
BRDA:175,8,0,0
BRDA:175,8,1,0
BRDA:176,9,0,0
BRDA:176,9,1,0
BRDA:179,10,0,0
BRDA:179,10,1,0
BRF:22
BRH:0
end_of_record
TN:
SF:lib\javascript-lp-solver\src\Validation.js
FN:15,(anonymous_0)
FNF:1
FNH:0
FNDA:0,(anonymous_0)
DA:15,0
DA:24,0
DA:25,0
DA:27,0
DA:30,0
DA:32,0
DA:33,0
DA:39,0
DA:40,0
DA:41,0
DA:43,0
DA:47,0
DA:48,0
DA:52,0
DA:55,0
DA:59,0
DA:62,0
DA:64,0
DA:65,0
DA:70,0
DA:71,0
DA:75,0
LF:22
LH:0
BRDA:24,0,0,0
BRDA:24,0,1,0
BRDA:25,1,0,0
BRDA:25,1,1,0
BRDA:32,2,0,0
BRDA:32,2,1,0
BRDA:48,3,0,0
BRDA:48,3,1,0
BRDA:52,4,0,0
BRDA:52,4,1,0
BRDA:64,5,0,0
BRDA:64,5,1,0
BRF:12
BRH:0
end_of_record
TN:
SF:lib\javascript-lp-solver\src\expressions.js
FN:10,Variable
FN:18,IntegerVariable
FN:23,SlackVariable
FN:30,Term
FN:35,createRelaxationVariable
FN:52,Constraint
FN:66,(anonymous_6)
FN:88,(anonymous_7)
FN:93,(anonymous_8)
FN:107,(anonymous_9)
FN:135,(anonymous_10)
FN:140,(anonymous_11)
FN:155,Equality
FN:165,(anonymous_13)
FN:171,(anonymous_14)
FN:177,(anonymous_15)
FN:183,(anonymous_16)
FNF:17
FNH:0
FNDA:0,Variable
FNDA:0,IntegerVariable
FNDA:0,SlackVariable
FNDA:0,Term
FNDA:0,createRelaxationVariable
FNDA:0,Constraint
FNDA:0,(anonymous_6)
FNDA:0,(anonymous_7)
FNDA:0,(anonymous_8)
FNDA:0,(anonymous_9)
FNDA:0,(anonymous_10)
FNDA:0,(anonymous_11)
FNDA:0,Equality
FNDA:0,(anonymous_13)
FNDA:0,(anonymous_14)
FNDA:0,(anonymous_15)
FNDA:0,(anonymous_16)
DA:11,0
DA:12,0
DA:13,0
DA:14,0
DA:15,0
DA:19,0
DA:21,0
DA:24,0
DA:26,0
DA:31,0
DA:32,0
DA:36,0
DA:37,0
DA:40,0
DA:41,0
DA:43,0
DA:44,0
DA:47,0
DA:53,0
DA:54,0
DA:55,0
DA:56,0
DA:57,0
DA:59,0
DA:60,0
DA:63,0
DA:66,0
DA:67,0
DA:68,0
DA:69,0
DA:71,0
DA:72,0
DA:73,0
DA:74,0
DA:75,0
DA:77,0
DA:81,0
DA:82,0
DA:85,0
DA:88,0
DA:90,0
DA:93,0
DA:94,0
DA:95,0
DA:96,0
DA:97,0
DA:100,0
DA:101,0
DA:104,0
DA:107,0
DA:108,0
DA:109,0
DA:110,0
DA:111,0
DA:114,0
DA:115,0
DA:117,0
DA:121,0
DA:122,0
DA:123,0
DA:124,0
DA:127,0
DA:128,0
DA:132,0
DA:135,0
DA:136,0
DA:137,0
DA:140,0
DA:141,0
DA:143,0
DA:146,0
DA:147,0
DA:149,0
DA:156,0
DA:157,0
DA:158,0
DA:159,0
DA:160,0
DA:163,0
DA:165,0
DA:166,0
DA:167,0
DA:168,0
DA:171,0
DA:172,0
DA:173,0
DA:174,0
DA:177,0
DA:178,0
DA:179,0
DA:180,0
DA:183,0
DA:184,0
DA:185,0
DA:186,0
DA:187,0
DA:188,0
DA:192,0
LF:98
LH:0
BRDA:36,0,0,0
BRDA:36,0,1,0
BRDA:36,1,0,0
BRDA:36,1,1,0
BRDA:40,2,0,0
BRDA:40,2,1,0
BRDA:41,3,0,0
BRDA:41,3,1,0
BRDA:43,4,0,0
BRDA:43,4,1,0
BRDA:69,5,0,0
BRDA:69,5,1,0
BRDA:74,6,0,0
BRDA:74,6,1,0
BRDA:94,7,0,0
BRDA:94,7,1,0
BRDA:96,8,0,0
BRDA:96,8,1,0
BRDA:109,9,0,0
BRDA:109,9,1,0
BRDA:115,10,0,0
BRDA:115,10,1,0
BRDA:121,11,0,0
BRDA:121,11,1,0
BRDA:123,12,0,0
BRDA:123,12,1,0
BRDA:141,13,0,0
BRDA:141,13,1,0
BRDA:146,14,0,0
BRDA:146,14,1,0
BRF:30
BRH:0
end_of_record
TN:
SF:lib\javascript-lp-solver\src\main.js
FN:32,(anonymous_0)
FN:61,(anonymous_1)
FN:162,(anonymous_2)
FN:226,(anonymous_3)
FN:236,(anonymous_4)
FNF:5
FNH:0
FNDA:0,(anonymous_0)
FNDA:0,(anonymous_1)
FNDA:0,(anonymous_2)
FNDA:0,(anonymous_3)
FNDA:0,(anonymous_4)
DA:20,0
DA:21,0
DA:22,0
DA:23,0
DA:24,0
DA:25,0
DA:26,0
DA:27,0
DA:28,0
DA:29,0
DA:32,0
DA:36,0
DA:37,0
DA:38,0
DA:39,0
DA:40,0
DA:41,0
DA:42,0
DA:43,0
DA:45,0
DA:61,0
DA:67,0
DA:68,0
DA:69,0
DA:74,0
DA:75,0
DA:82,0
DA:83,0
DA:84,0
DA:95,0
DA:97,0
DA:98,0
DA:104,0
DA:105,0
DA:112,0
DA:113,0
DA:116,0
DA:129,0
DA:130,0
DA:133,0
DA:134,0
DA:135,0
DA:140,0
DA:141,0
DA:146,0
DA:149,0
DA:152,0
DA:154,0
DA:156,0
DA:157,0
DA:161,0
DA:167,0
DA:168,0
DA:173,0
DA:188,0
DA:226,0
DA:227,0
DA:235,0
DA:236,0
DA:237,0
DA:240,0
DA:241,0
DA:242,0
DA:243,0
DA:246,0
LF:65
LH:0
BRDA:67,0,0,0
BRDA:67,0,1,0
BRDA:74,1,0,0
BRDA:74,1,1,0
BRDA:82,2,0,0
BRDA:82,2,1,0
BRDA:83,3,0,0
BRDA:83,3,1,0
BRDA:95,4,0,0
BRDA:95,4,1,0
BRDA:104,5,0,0
BRDA:104,5,1,0
BRDA:112,6,0,0
BRDA:112,6,1,0
BRDA:129,7,0,0
BRDA:129,7,1,0
BRDA:140,8,0,0
BRDA:140,8,1,0
BRDA:156,9,0,0
BRDA:156,9,1,0
BRDA:167,10,0,0
BRDA:167,10,1,0
BRDA:235,11,0,0
BRDA:235,11,1,0
BRDA:240,12,0,0
BRDA:240,12,1,0
BRDA:242,13,0,0
BRDA:242,13,1,0
BRF:28
BRH:0
end_of_record
TN:
SF:lib\javascript-lp-solver\src\solver.js
FN:1,(anonymous_0)
FN:2,(anonymous_1)
FN:2,r
FN:2,o
FN:2,(anonymous_4)
FN:2,(anonymous_5)
FN:4,(anonymous_6)
FN:21,to_JSON
FN:82,(anonymous_8)
FN:90,(anonymous_9)
FN:125,(anonymous_10)
FN:137,(anonymous_11)
FN:147,(anonymous_12)
FN:153,(anonymous_13)
FN:196,(anonymous_14)
FN:214,from_JSON
FN:299,(anonymous_16)
FN:310,(anonymous_17)
FN:329,clean_data
FN:339,(anonymous_19)
FN:360,(anonymous_20)
FN:363,(anonymous_21)
FN:375,(anonymous_22)
FN:377,(anonymous_23)
FN:434,(anonymous_24)
FN:450,(anonymous_25)
FN:505,(anonymous_26)
FN:518,(anonymous_27)
FN:539,Model
FN:575,(anonymous_29)
FN:580,(anonymous_30)
FN:592,(anonymous_31)
FN:602,(anonymous_32)
FN:612,(anonymous_33)
FN:618,(anonymous_34)
FN:624,(anonymous_35)
FN:634,(anonymous_36)
FN:692,(anonymous_37)
FN:714,(anonymous_38)
FN:725,(anonymous_39)
FN:740,(anonymous_40)
FN:747,(anonymous_41)
FN:755,(anonymous_42)
FN:768,(anonymous_43)
FN:936,(anonymous_44)
FN:940,(anonymous_45)
FN:950,(anonymous_46)
FN:954,(anonymous_47)
FN:958,(anonymous_48)
FN:962,(anonymous_49)
FN:966,(anonymous_50)
FN:970,(anonymous_51)
FN:974,(anonymous_52)
FN:1012,(anonymous_53)
FN:1173,(anonymous_54)
FN:1178,MilpSolution
FN:1186,(anonymous_56)
FN:1189,Solution
FN:1197,(anonymous_58)
FN:1223,(anonymous_59)
FN:1244,Tableau
FN:1288,(anonymous_61)
FN:1298,OptionalObjective
FN:1306,(anonymous_63)
FN:1312,(anonymous_64)
FN:1319,(anonymous_65)
FN:1329,(anonymous_66)
FN:1374,(anonymous_67)
FN:1435,(anonymous_68)
FN:1447,(anonymous_69)
FN:1457,(anonymous_70)
FN:1475,(anonymous_71)
FN:1490,(anonymous_72)
FN:1501,(anonymous_73)
FN:1505,(anonymous_74)
FN:1548,(anonymous_75)
FN:1552,(anonymous_76)
FN:1619,(anonymous_77)
FN:1630,Cut
FN:1638,Branch
FN:1646,sortByEvaluation
FN:1654,(anonymous_81)
FN:1684,(anonymous_82)
FN:1891,(anonymous_83)
FN:1895,VariableData
FN:1902,(anonymous_85)
FN:1931,(anonymous_86)
FN:1962,(anonymous_87)
FN:1967,(anonymous_88)
FN:2025,(anonymous_89)
FN:2081,(anonymous_90)
FN:2151,(anonymous_91)
FN:2166,(anonymous_92)
FN:2173,(anonymous_93)
FN:2197,(anonymous_94)
FN:2222,(anonymous_95)
FN:2241,(anonymous_96)
FN:2269,(anonymous_97)
FN:2288,(anonymous_98)
FN:2318,(anonymous_99)
FN:2367,(anonymous_100)
FN:2394,(anonymous_101)
FN:2434,(anonymous_102)
FN:2472,(anonymous_103)
FN:2485,(anonymous_104)
FN:2489,(anonymous_105)
FN:2506,(anonymous_106)
FN:2524,(anonymous_107)
FN:2574,(anonymous_108)
FN:2584,(anonymous_109)
FN:2746,(anonymous_110)
FN:2760,(anonymous_111)
FN:2784,(anonymous_112)
FN:2893,(anonymous_113)
FN:3060,(anonymous_114)
FN:3181,(anonymous_115)
FN:3208,(anonymous_116)
FN:3223,(anonymous_117)
FN:3287,(anonymous_118)
FN:3297,Variable
FN:3305,IntegerVariable
FN:3310,SlackVariable
FN:3317,Term
FN:3322,createRelaxationVariable
FN:3339,Constraint
FN:3353,(anonymous_125)
FN:3375,(anonymous_126)
FN:3380,(anonymous_127)
FN:3394,(anonymous_128)
FN:3422,(anonymous_129)
FN:3427,(anonymous_130)
FN:3442,Equality
FN:3452,(anonymous_132)
FN:3458,(anonymous_133)
FN:3464,(anonymous_134)
FN:3470,(anonymous_135)
FN:3488,(anonymous_136)
FN:3520,(anonymous_137)
FN:3549,(anonymous_138)
FN:3650,(anonymous_139)
FN:3714,(anonymous_140)
FN:3724,(anonymous_141)
FNF:142
FNH:0
FNDA:0,(anonymous_0)
FNDA:0,(anonymous_1)
FNDA:0,r
FNDA:0,o
FNDA:0,(anonymous_4)
FNDA:0,(anonymous_5)
FNDA:0,(anonymous_6)
FNDA:0,to_JSON
FNDA:0,(anonymous_8)
FNDA:0,(anonymous_9)
FNDA:0,(anonymous_10)
FNDA:0,(anonymous_11)
FNDA:0,(anonymous_12)
FNDA:0,(anonymous_13)
FNDA:0,(anonymous_14)
FNDA:0,from_JSON
FNDA:0,(anonymous_16)
FNDA:0,(anonymous_17)
FNDA:0,clean_data
FNDA:0,(anonymous_19)
FNDA:0,(anonymous_20)
FNDA:0,(anonymous_21)
FNDA:0,(anonymous_22)
FNDA:0,(anonymous_23)
FNDA:0,(anonymous_24)
FNDA:0,(anonymous_25)
FNDA:0,(anonymous_26)
FNDA:0,(anonymous_27)
FNDA:0,Model
FNDA:0,(anonymous_29)
FNDA:0,(anonymous_30)
FNDA:0,(anonymous_31)
FNDA:0,(anonymous_32)
FNDA:0,(anonymous_33)
FNDA:0,(anonymous_34)
FNDA:0,(anonymous_35)
FNDA:0,(anonymous_36)
FNDA:0,(anonymous_37)
FNDA:0,(anonymous_38)
FNDA:0,(anonymous_39)
FNDA:0,(anonymous_40)
FNDA:0,(anonymous_41)
FNDA:0,(anonymous_42)
FNDA:0,(anonymous_43)
FNDA:0,(anonymous_44)
FNDA:0,(anonymous_45)
FNDA:0,(anonymous_46)
FNDA:0,(anonymous_47)
FNDA:0,(anonymous_48)
FNDA:0,(anonymous_49)
FNDA:0,(anonymous_50)
FNDA:0,(anonymous_51)
FNDA:0,(anonymous_52)
FNDA:0,(anonymous_53)
FNDA:0,(anonymous_54)
FNDA:0,MilpSolution
FNDA:0,(anonymous_56)
FNDA:0,Solution
FNDA:0,(anonymous_58)
FNDA:0,(anonymous_59)
FNDA:0,Tableau
FNDA:0,(anonymous_61)
FNDA:0,OptionalObjective
FNDA:0,(anonymous_63)
FNDA:0,(anonymous_64)
FNDA:0,(anonymous_65)
FNDA:0,(anonymous_66)
FNDA:0,(anonymous_67)
FNDA:0,(anonymous_68)
FNDA:0,(anonymous_69)
FNDA:0,(anonymous_70)
FNDA:0,(anonymous_71)
FNDA:0,(anonymous_72)
FNDA:0,(anonymous_73)
FNDA:0,(anonymous_74)
FNDA:0,(anonymous_75)
FNDA:0,(anonymous_76)
FNDA:0,(anonymous_77)
FNDA:0,Cut
FNDA:0,Branch
FNDA:0,sortByEvaluation
FNDA:0,(anonymous_81)
FNDA:0,(anonymous_82)
FNDA:0,(anonymous_83)
FNDA:0,VariableData
FNDA:0,(anonymous_85)
FNDA:0,(anonymous_86)
FNDA:0,(anonymous_87)
FNDA:0,(anonymous_88)
FNDA:0,(anonymous_89)
FNDA:0,(anonymous_90)
FNDA:0,(anonymous_91)
FNDA:0,(anonymous_92)
FNDA:0,(anonymous_93)
FNDA:0,(anonymous_94)
FNDA:0,(anonymous_95)
FNDA:0,(anonymous_96)
FNDA:0,(anonymous_97)
FNDA:0,(anonymous_98)
FNDA:0,(anonymous_99)
FNDA:0,(anonymous_100)
FNDA:0,(anonymous_101)
FNDA:0,(anonymous_102)
FNDA:0,(anonymous_103)
FNDA:0,(anonymous_104)
FNDA:0,(anonymous_105)
FNDA:0,(anonymous_106)
FNDA:0,(anonymous_107)
FNDA:0,(anonymous_108)
FNDA:0,(anonymous_109)
FNDA:0,(anonymous_110)
FNDA:0,(anonymous_111)
FNDA:0,(anonymous_112)
FNDA:0,(anonymous_113)
FNDA:0,(anonymous_114)
FNDA:0,(anonymous_115)
FNDA:0,(anonymous_116)
FNDA:0,(anonymous_117)
FNDA:0,(anonymous_118)
FNDA:0,Variable
FNDA:0,IntegerVariable
FNDA:0,SlackVariable
FNDA:0,Term
FNDA:0,createRelaxationVariable
FNDA:0,Constraint
FNDA:0,(anonymous_125)
FNDA:0,(anonymous_126)
FNDA:0,(anonymous_127)
FNDA:0,(anonymous_128)
FNDA:0,(anonymous_129)
FNDA:0,(anonymous_130)
FNDA:0,Equality
FNDA:0,(anonymous_132)
FNDA:0,(anonymous_133)
FNDA:0,(anonymous_134)
FNDA:0,(anonymous_135)
FNDA:0,(anonymous_136)
FNDA:0,(anonymous_137)
FNDA:0,(anonymous_138)
FNDA:0,(anonymous_139)
FNDA:0,(anonymous_140)
FNDA:0,(anonymous_141)
DA:1,0
DA:2,0
DA:22,0
DA:39,0
DA:45,0
DA:50,0
DA:51,0
DA:57,0
DA:58,0
DA:63,0
DA:65,0
DA:68,0
DA:71,0
DA:74,0
DA:77,0
DA:79,0
DA:82,0
DA:83,0
DA:90,0
DA:93,0
DA:97,0
DA:98,0
DA:99,0
DA:101,0
DA:104,0
DA:107,0
DA:110,0
DA:113,0
DA:114,0
DA:118,0
DA:120,0
DA:123,0
DA:125,0
DA:126,0
DA:127,0
DA:130,0
DA:132,0
DA:135,0
DA:137,0
DA:138,0
DA:139,0
DA:142,0
DA:143,0
DA:144,0
DA:147,0
DA:148,0
DA:153,0
DA:155,0
DA:157,0
DA:158,0
DA:159,0
DA:161,0
DA:164,0
DA:167,0
DA:171,0
DA:174,0
DA:175,0
DA:181,0
DA:185,0
DA:186,0
DA:187,0
DA:189,0
DA:191,0
DA:194,0
DA:196,0
DA:197,0
DA:198,0
DA:202,0
DA:216,0
DA:217,0
DA:220,0
DA:221,0
DA:222,0
DA:223,0
DA:228,0
DA:232,0
DA:234,0
DA:237,0
DA:240,0
DA:243,0
DA:244,0
DA:248,0
DA:254,0
DA:257,0
DA:258,0
DA:259,0
DA:261,0
DA:264,0
DA:265,0
DA:270,0
DA:271,0
DA:278,0
DA:279,0
DA:280,0
DA:281,0
DA:286,0
DA:287,0
DA:288,0
DA:289,0
DA:294,0
DA:299,0
DA:303,0
DA:304,0
DA:306,0
DA:327,0
DA:335,0
DA:338,0
DA:339,0
DA:345,0
DA:346,0
DA:347,0
DA:352,0
DA:353,0
DA:354,0
DA:358,0
DA:361,0
DA:364,0
DA:365,0
DA:368,0
DA:375,0
DA:377,0
DA:381,0
DA:382,0
DA:387,0
DA:390,0
DA:391,0
DA:398,0
DA:399,0
DA:405,0
DA:406,0
DA:413,0
DA:414,0
DA:432,0
DA:434,0
DA:435,0
DA:436,0
DA:443,0
DA:448,0
DA:450,0
DA:451,0
DA:453,0
DA:454,0
DA:457,0
DA:471,0
DA:477,0
DA:482,0
DA:515,0
DA:526,0
DA:527,0
DA:528,0
DA:529,0
DA:530,0
DA:531,0
DA:532,0
DA:533,0
DA:540,0
DA:542,0
DA:544,0
DA:546,0
DA:548,0
DA:550,0
DA:552,0
DA:554,0
DA:556,0
DA:558,0
DA:560,0
DA:562,0
DA:564,0
DA:571,0
DA:573,0
DA:575,0
DA:576,0
DA:577,0
DA:580,0
DA:581,0
DA:582,0
DA:592,0
DA:593,0
DA:594,0
DA:597,0
DA:598,0
DA:599,0
DA:602,0
DA:603,0
DA:604,0
DA:605,0
DA:606,0
DA:607,0
DA:608,0
DA:612,0
DA:613,0
DA:614,0
DA:615,0
DA:618,0
DA:619,0
DA:620,0
DA:621,0
DA:624,0
DA:625,0
DA:626,0
DA:628,0
DA:629,0
DA:631,0
DA:634,0
DA:635,0
DA:636,0
DA:638,0
DA:639,0
DA:641,0
DA:642,0
DA:644,0
DA:645,0
DA:647,0
DA:648,0
DA:650,0
DA:651,0
DA:655,0
DA:656,0
DA:657,0
DA:660,0
DA:661,0
DA:664,0
DA:665,0
DA:669,0
DA:670,0
DA:671,0
DA:673,0
DA:676,0
DA:677,0
DA:679,0
DA:680,0
DA:683,0
DA:685,0
DA:686,0
DA:689,0
DA:692,0
DA:693,0
DA:694,0
DA:695,0
DA:696,0
DA:699,0
DA:700,0
DA:702,0
DA:703,0
DA:706,0
DA:707,0
DA:714,0
DA:715,0
DA:716,0
DA:717,0
DA:719,0
DA:722,0
DA:725,0
DA:726,0
DA:727,0
DA:728,0
DA:729,0
DA:731,0
DA:733,0
DA:734,0
DA:737,0
DA:740,0
DA:741,0
DA:742,0
DA:744,0
DA:747,0
DA:748,0
DA:749,0
DA:751,0
DA:755,0
DA:756,0
DA:757,0
DA:758,0
DA:761,0
DA:762,0
DA:763,0
DA:768,0
DA:769,0
DA:771,0
DA:772,0
DA:774,0
DA:775,0
DA:778,0
DA:779,0
DA:781,0
DA:782,0
DA:783,0
DA:784,0
DA:786,0
DA:787,0
DA:788,0
DA:791,0
DA:792,0
DA:793,0
DA:794,0
DA:795,0
DA:796,0
DA:799,0
DA:800,0
DA:801,0
DA:802,0
DA:803,0
DA:806,0
DA:807,0
DA:809,0
DA:810,0
DA:812,0
DA:813,0
DA:817,0
DA:818,0
DA:828,0
DA:830,0
DA:831,0
DA:844,0
DA:849,0
DA:850,0
DA:856,0
DA:857,0
DA:863,0
DA:864,0
DA:873,0
DA:874,0
DA:876,0
DA:889,0
DA:890,0
DA:891,0
DA:894,0
DA:895,0
DA:897,0
DA:898,0
DA:899,0
DA:900,0
DA:901,0
DA:902,0
DA:903,0
DA:905,0
DA:907,0
DA:910,0
DA:911,0
DA:912,0
DA:913,0
DA:914,0
DA:917,0
DA:919,0
DA:920,0
DA:921,0
DA:924,0
DA:925,0
DA:926,0
DA:931,0
DA:936,0
DA:937,0
DA:940,0
DA:942,0
DA:943,0
DA:944,0
DA:947,0
DA:950,0
DA:951,0
DA:954,0
DA:955,0
DA:958,0
DA:959,0
DA:962,0
DA:963,0
DA:966,0
DA:967,0
DA:970,0
DA:971,0
DA:1012,0
DA:1026,0
DA:1027,0
DA:1028,0
DA:1030,0
DA:1031,0
DA:1032,0
DA:1033,0
DA:1034,0
DA:1038,0
DA:1041,0
DA:1043,0
DA:1047,0
DA:1050,0
DA:1051,0
DA:1054,0
DA:1064,0
DA:1066,0
DA:1068,0
DA:1070,0
DA:1072,0
DA:1074,0
DA:1081,0
DA:1086,0
DA:1087,0
DA:1088,0
DA:1090,0
DA:1095,0
DA:1097,0
DA:1098,0
DA:1102,0
DA:1103,0
DA:1104,0
DA:1112,0
DA:1113,0
DA:1114,0
DA:1123,0
DA:1124,0
DA:1128,0
DA:1129,0
DA:1133,0
DA:1134,0
DA:1138,0
DA:1139,0
DA:1140,0
DA:1147,0
DA:1148,0
DA:1149,0
DA:1150,0
DA:1151,0
DA:1153,0
DA:1154,0
DA:1157,0
DA:1158,0
DA:1163,0
DA:1165,0
DA:1176,0
DA:1179,0
DA:1180,0
DA:1182,0
DA:1183,0
DA:1184,0
DA:1190,0
DA:1191,0
DA:1192,0
DA:1193,0
DA:1195,0
DA:1197,0
DA:1198,0
DA:1200,0
DA:1201,0
DA:1202,0
DA:1203,0
DA:1204,0
DA:1205,0
DA:1206,0
DA:1208,0
DA:1209,0
DA:1210,0
DA:1211,0
DA:1212,0
DA:1215,0
DA:1216,0
DA:1220,0
DA:1230,0
DA:1231,0
DA:1245,0
DA:1247,0
DA:1248,0
DA:1249,0
DA:1251,0
DA:1252,0
DA:1254,0
DA:1255,0
DA:1258,0
DA:1259,0
DA:1260,0
DA:1262,0
DA:1263,0
DA:1265,0
DA:1266,0
DA:1268,0
DA:1270,0
DA:1271,0
DA:1273,0
DA:1275,0
DA:1276,0
DA:1278,0
DA:1279,0
DA:1281,0
DA:1282,0
DA:1284,0
DA:1286,0
DA:1288,0
DA:1289,0
DA:1290,0
DA:1292,0
DA:1294,0
DA:1295,0
DA:1299,0
DA:1300,0
DA:1301,0
DA:1302,0
DA:1306,0
DA:1307,0
DA:1308,0
DA:1309,0
DA:1312,0
DA:1313,0
DA:1314,0
DA:1315,0
DA:1316,0
DA:1317,0
DA:1318,0
DA:1319,0
DA:1320,0
DA:1324,0
DA:1329,0
DA:1330,0
DA:1331,0
DA:1333,0
DA:1334,0
DA:1339,0
DA:1340,0
DA:1341,0
DA:1345,0
DA:1346,0
DA:1347,0
DA:1361,0
DA:1362,0
DA:1364,0
DA:1365,0
DA:1367,0
DA:1368,0
DA:1369,0
DA:1371,0
DA:1374,0
DA:1375,0
DA:1376,0
DA:1378,0
DA:1379,0
DA:1382,0
DA:1383,0
DA:1384,0
DA:1385,0
DA:1386,0
DA:1387,0
DA:1388,0
DA:1389,0
DA:1391,0
DA:1394,0
DA:1395,0
DA:1396,0
DA:1397,0
DA:1400,0
DA:1401,0
DA:1402,0
DA:1404,0
DA:1405,0
DA:1406,0
DA:1407,0
DA:1410,0
DA:1411,0
DA:1412,0
DA:1413,0
DA:1414,0
DA:1415,0
DA:1416,0
DA:1417,0
DA:1420,0
DA:1422,0
DA:1423,0
DA:1424,0
DA:1425,0
DA:1428,0
DA:1435,0
DA:1436,0
DA:1438,0
DA:1439,0
DA:1442,0
DA:1443,0
DA:1444,0
DA:1447,0
DA:1448,0
DA:1449,0
DA:1452,0
DA:1453,0
DA:1454,0
DA:1457,0
DA:1458,0
DA:1460,0
DA:1461,0
DA:1462,0
DA:1463,0
DA:1464,0
DA:1465,0
DA:1470,0
DA:1475,0
DA:1477,0
DA:1478,0
DA:1480,0
DA:1482,0
DA:1483,0
DA:1484,0
DA:1490,0
DA:1491,0
DA:1494,0
DA:1495,0
DA:1497,0
DA:1503,0
DA:1505,0
DA:1506,0
DA:1508,0
DA:1509,0
DA:1511,0
DA:1512,0
DA:1516,0
DA:1517,0
DA:1518,0
DA:1519,0
DA:1522,0
DA:1523,0
DA:1525,0
DA:1526,0
DA:1528,0
DA:1530,0
DA:1531,0
DA:1532,0
DA:1534,0
DA:1537,0
DA:1538,0
DA:1539,0
DA:1540,0
DA:1543,0
DA:1545,0
DA:1548,0
DA:1549,0
DA:1552,0
DA:1553,0
DA:1554,0
DA:1557,0
DA:1558,0
DA:1559,0
DA:1560,0
DA:1563,0
DA:1564,0
DA:1565,0
DA:1566,0
DA:1568,0
DA:1569,0
DA:1573,0
DA:1574,0
DA:1575,0
DA:1576,0
DA:1577,0
DA:1582,0
DA:1583,0
DA:1584,0
DA:1587,0
DA:1588,0
DA:1591,0
DA:1592,0
DA:1593,0
DA:1596,0
DA:1597,0
DA:1600,0
DA:1601,0
DA:1602,0
DA:1603,0
DA:1604,0
DA:1608,0
DA:1609,0
DA:1610,0
DA:1611,0
DA:1612,0
DA:1613,0
DA:1614,0
DA:1626,0
DA:1631,0
DA:1632,0
DA:1633,0
DA:1639,0
DA:1640,0
DA:1647,0
DA:1654,0
DA:1656,0
DA:1658,0
DA:1659,0
DA:1661,0
DA:1662,0
DA:1663,0
DA:1664,0
DA:1665,0
DA:1666,0
DA:1668,0
DA:1672,0
DA:1673,0
DA:1684,0
DA:1685,0
DA:1686,0
DA:1687,0
DA:1688,0
DA:1689,0
DA:1699,0
DA:1703,0
DA:1708,0
DA:1709,0
DA:1710,0
DA:1711,0
DA:1712,0
DA:1718,0
DA:1721,0
DA:1723,0
DA:1725,0
DA:1726,0
DA:1728,0
DA:1732,0
DA:1733,0
DA:1734,0
DA:1739,0
DA:1740,0
DA:1741,0
DA:1748,0
DA:1749,0
DA:1751,0
DA:1752,0
DA:1753,0
DA:1756,0
DA:1757,0
DA:1759,0
DA:1763,0
DA:1764,0
DA:1765,0
DA:1766,0
DA:1767,0
DA:1768,0
DA:1769,0
DA:1770,0
DA:1774,0
DA:1775,0
DA:1780,0
DA:1785,0
DA:1788,0
DA:1789,0
DA:1790,0
DA:1793,0
DA:1794,0
DA:1795,0
DA:1796,0
DA:1799,0
DA:1802,0
DA:1842,0
DA:1844,0
DA:1846,0
DA:1847,0
DA:1849,0
DA:1850,0
DA:1851,0
DA:1852,0
DA:1853,0
DA:1854,0
DA:1856,0
DA:1859,0
DA:1860,0
DA:1864,0
DA:1865,0
DA:1867,0
DA:1868,0
DA:1870,0
DA:1871,0
DA:1873,0
DA:1874,0
DA:1879,0
DA:1884,0
DA:1886,0
DA:1888,0
DA:1893,0
DA:1896,0
DA:1897,0
DA:1902,0
DA:1903,0
DA:1904,0
DA:1905,0
DA:1906,0
DA:1908,0
DA:1909,0
DA:1910,0
DA:1911,0
DA:1912,0
DA:1913,0
DA:1914,0
DA:1917,0
DA:1918,0
DA:1919,0
DA:1920,0
DA:1921,0
DA:1922,0
DA:1926,0
DA:1931,0
DA:1932,0
DA:1933,0
DA:1934,0
DA:1936,0
DA:1937,0
DA:1938,0
DA:1939,0
DA:1940,0
DA:1941,0
DA:1942,0
DA:1945,0
DA:1948,0
DA:1949,0
DA:1950,0
DA:1951,0
DA:1952,0
DA:1953,0
DA:1954,0
DA:1959,0
DA:1964,0
DA:1965,0
DA:1967,0
DA:1968,0
DA:1970,0
DA:1971,0
DA:1974,0
DA:1975,0
DA:1976,0
DA:1981,0
DA:1982,0
DA:1985,0
DA:1986,0
DA:1987,0
DA:1990,0
DA:1992,0
DA:1995,0
DA:1996,0
DA:1997,0
DA:1998,0
DA:2000,0
DA:2001,0
DA:2002,0
DA:2004,0
DA:2007,0
DA:2008,0
DA:2009,0
DA:2010,0
DA:2011,0
DA:2016,0
DA:2017,0
DA:2018,0
DA:2019,0
DA:2020,0
DA:2021,0
DA:2025,0
DA:2027,0
DA:2029,0
DA:2032,0
DA:2033,0
DA:2035,0
DA:2036,0
DA:2037,0
DA:2040,0
DA:2041,0
DA:2043,0
DA:2044,0
DA:2048,0
DA:2049,0
DA:2050,0
DA:2053,0
DA:2054,0
DA:2055,0
DA:2056,0
DA:2057,0
DA:2058,0
DA:2060,0
DA:2062,0
DA:2063,0
DA:2065,0
DA:2066,0
DA:2068,0
DA:2069,0
DA:2070,0
DA:2074,0
DA:2075,0
DA:2078,0
DA:2081,0
DA:2083,0
DA:2085,0
DA:2088,0
DA:2089,0
DA:2091,0
DA:2092,0
DA:2093,0
DA:2096,0
DA:2097,0
DA:2099,0
DA:2100,0
DA:2104,0
DA:2105,0
DA:2106,0
DA:2110,0
DA:2111,0
DA:2112,0
DA:2113,0
DA:2114,0
DA:2115,0
DA:2117,0
DA:2120,0
DA:2121,0
DA:2123,0
DA:2124,0
DA:2126,0
DA:2127,0
DA:2128,0
DA:2130,0
DA:2133,0
DA:2134,0
DA:2136,0
DA:2141,0
DA:2151,0
DA:2169,0
DA:2173,0
DA:2175,0
DA:2176,0
DA:2179,0
DA:2183,0
DA:2184,0
DA:2185,0
DA:2186,0
DA:2187,0
DA:2191,0
DA:2194,0
DA:2197,0
DA:2199,0
DA:2200,0
DA:2203,0
DA:2207,0
DA:2208,0
DA:2209,0
DA:2210,0
DA:2211,0
DA:2212,0
DA:2216,0
DA:2219,0
DA:2222,0
DA:2223,0
DA:2224,0
DA:2225,0
DA:2226,0
DA:2227,0
DA:2229,0
DA:2230,0
DA:2232,0
DA:2235,0
DA:2236,0
DA:2241,0
DA:2243,0
DA:2244,0
DA:2245,0
DA:2247,0
DA:2250,0
DA:2251,0
DA:2252,0
DA:2255,0
DA:2256,0
DA:2257,0
DA:2258,0
DA:2259,0
DA:2265,0
DA:2269,0
DA:2271,0
DA:2272,0
DA:2275,0
DA:2277,0
DA:2278,0
DA:2279,0
DA:2280,0
DA:2281,0
DA:2284,0
DA:2288,0
DA:2290,0
DA:2291,0
DA:2292,0
DA:2293,0
DA:2295,0
DA:2298,0
DA:2299,0
DA:2302,0
DA:2303,0
DA:2306,0
DA:2307,0
DA:2308,0
DA:2314,0
DA:2318,0
DA:2320,0
DA:2321,0
DA:2323,0
DA:2324,0
DA:2325,0
DA:2326,0
DA:2330,0
DA:2331,0
DA:2332,0
DA:2336,0
DA:2338,0
DA:2339,0
DA:2340,0
DA:2341,0
DA:2342,0
DA:2343,0
DA:2345,0
DA:2346,0
DA:2348,0
DA:2351,0
DA:2352,0
DA:2353,0
DA:2354,0
DA:2359,0
DA:2360,0
DA:2361,0
DA:2362,0
DA:2364,0
DA:2367,0
DA:2368,0
DA:2369,0
DA:2372,0
DA:2377,0
DA:2378,0
DA:2379,0
DA:2382,0
DA:2383,0
DA:2384,0
DA:2387,0
DA:2389,0
DA:2391,0
DA:2394,0
DA:2398,0
DA:2399,0
DA:2400,0
DA:2401,0
DA:2404,0
DA:2405,0
DA:2406,0
DA:2407,0
DA:2411,0
DA:2412,0
DA:2414,0
DA:2415,0
DA:2419,0
DA:2420,0
DA:2424,0
DA:2425,0
DA:2427,0
DA:2428,0
DA:2430,0
DA:2434,0
DA:2435,0
DA:2438,0
DA:2439,0
DA:2440,0
DA:2441,0
DA:2442,0
DA:2443,0
DA:2444,0
DA:2447,0
DA:2448,0
DA:2449,0
DA:2450,0
DA:2451,0
DA:2455,0
DA:2456,0
DA:2457,0
DA:2461,0
DA:2462,0
DA:2465,0
DA:2467,0
DA:2469,0
DA:2475,0
DA:2476,0
DA:2477,0
DA:2478,0
DA:2479,0
DA:2480,0
DA:2481,0
DA:2483,0
DA:2487,0
DA:2489,0
DA:2490,0
DA:2491,0
DA:2492,0
DA:2493,0
DA:2494,0
DA:2495,0
DA:2496,0
DA:2501,0
DA:2506,0
DA:2507,0
DA:2508,0
DA:2509,0
DA:2510,0
DA:2511,0
DA:2512,0
DA:2515,0
DA:2516,0
DA:2517,0
DA:2520,0
DA:2524,0
DA:2525,0
DA:2549,0
DA:2550,0
DA:2551,0
DA:2552,0
DA:2553,0
DA:2554,0
DA:2555,0
DA:2556,0
DA:2559,0
DA:2560,0
DA:2562,0
DA:2568,0
DA:2569,0
DA:2571,0
DA:2577,0
DA:2584,0
DA:2585,0
DA:2586,0
DA:2589,0
DA:2590,0
DA:2591,0
DA:2593,0
DA:2594,0
DA:2595,0
DA:2596,0
DA:2598,0
DA:2601,0
DA:2602,0
DA:2618,0
DA:2619,0
DA:2620,0
DA:2621,0
DA:2622,0
DA:2624,0
DA:2627,0
DA:2628,0
DA:2629,0
DA:2630,0
DA:2645,0
DA:2646,0
DA:2648,0
DA:2651,0
DA:2653,0
DA:2655,0
DA:2660,0
DA:2661,0
DA:2676,0
DA:2677,0
DA:2678,0
DA:2679,0
DA:2680,0
DA:2682,0
DA:2683,0
DA:2685,0
DA:2689,0
DA:2690,0
DA:2691,0
DA:2702,0
DA:2703,0
DA:2704,0
DA:2706,0
DA:2707,0
DA:2710,0
DA:2711,0
DA:2712,0
DA:2713,0
DA:2715,0
DA:2717,0
DA:2719,0
DA:2722,0
DA:2723,0
DA:2724,0
DA:2725,0
DA:2726,0
DA:2727,0
DA:2728,0
DA:2729,0
DA:2730,0
DA:2731,0
DA:2732,0
DA:2734,0
DA:2735,0
DA:2737,0
DA:2740,0
DA:2741,0
DA:2743,0
DA:2754,0
DA:2760,0
DA:2762,0
DA:2765,0
DA:2768,0
DA:2771,0
DA:2774,0
DA:2784,0
DA:2785,0
DA:2786,0
DA:2788,0
DA:2789,0
DA:2790,0
DA:2791,0
DA:2794,0
DA:2796,0
DA:2804,0
DA:2805,0
DA:2806,0
DA:2807,0
DA:2816,0
DA:2817,0
DA:2818,0
DA:2819,0
DA:2824,0
DA:2826,0
DA:2827,0
DA:2837,0
DA:2838,0
DA:2839,0
DA:2840,0
DA:2841,0
DA:2842,0
DA:2851,0
DA:2852,0
DA:2853,0
DA:2854,0
DA:2855,0
DA:2856,0
DA:2861,0
DA:2863,0
DA:2864,0
DA:2867,0
DA:2868,0
DA:2870,0
DA:2871,0
DA:2873,0
DA:2874,0
DA:2875,0
DA:2877,0
DA:2878,0
DA:2883,0
DA:2884,0
DA:2893,0
DA:2894,0
DA:2895,0
DA:2897,0
DA:2898,0
DA:2899,0
DA:2900,0
DA:2902,0
DA:2903,0
DA:2904,0
DA:2906,0
DA:2909,0
DA:2910,0
DA:2913,0
DA:2914,0
DA:2917,0
DA:2918,0
DA:2919,0
DA:2920,0
DA:2921,0
DA:2922,0
DA:2924,0
DA:2925,0
DA:2926,0
DA:2929,0
DA:2930,0
DA:2931,0
DA:2932,0
DA:2933,0
DA:2935,0
DA:2938,0
DA:2939,0
DA:2940,0
DA:2941,0
DA:2945,0
DA:2947,0
DA:2948,0
DA:2949,0
DA:2950,0
DA:2952,0
DA:2954,0
DA:2955,0
DA:2957,0
DA:2958,0
DA:2960,0
DA:2961,0
DA:2962,0
DA:2965,0
DA:2966,0
DA:2967,0
DA:2968,0
DA:2969,0
DA:2971,0
DA:2974,0
DA:2975,0
DA:2976,0
DA:2977,0
DA:2980,0
DA:2981,0
DA:2987,0
DA:2988,0
DA:2989,0
DA:2990,0
DA:2994,0
DA:2995,0
DA:2997,0
DA:2999,0
DA:3000,0
DA:3001,0
DA:3002,0
DA:3004,0
DA:3005,0
DA:3008,0
DA:3009,0
DA:3010,0
DA:3011,0
DA:3014,0
DA:3015,0
DA:3016,0
DA:3017,0
DA:3021,0
DA:3023,0
DA:3024,0
DA:3025,0
DA:3026,0
DA:3029,0
DA:3030,0
DA:3032,0
DA:3033,0
DA:3035,0
DA:3036,0
DA:3037,0
DA:3039,0
DA:3040,0
DA:3044,0
DA:3045,0
DA:3052,0
DA:3060,0
DA:3061,0
DA:3063,0
DA:3065,0
DA:3066,0
DA:3068,0
DA:3069,0
DA:3071,0
DA:3072,0
DA:3074,0
DA:3075,0
DA:3077,0
DA:3078,0
DA:3082,0
DA:3083,0
DA:3084,0
DA:3085,0
DA:3086,0
DA:3087,0
DA:3088,0
DA:3090,0
DA:3093,0
DA:3100,0
DA:3119,0
DA:3120,0
DA:3122,0
DA:3126,0
DA:3129,0
DA:3133,0
DA:3134,0
DA:3135,0
DA:3138,0
DA:3139,0
DA:3140,0
DA:3142,0
DA:3143,0
DA:3148,0
DA:3150,0
DA:3151,0
DA:3159,0
DA:3160,0
DA:3161,0
DA:3162,0
DA:3163,0
DA:3164,0
DA:3165,0
DA:3166,0
DA:3167,0
DA:3168,0
DA:3169,0
DA:3173,0
DA:3181,0
DA:3182,0
DA:3183,0
DA:3184,0
DA:3185,0
DA:3186,0
DA:3187,0
DA:3188,0
DA:3190,0
DA:3191,0
DA:3192,0
DA:3193,0
DA:3194,0
DA:3195,0
DA:3196,0
DA:3199,0
DA:3200,0
DA:3205,0
DA:3223,0
DA:3232,0
DA:3233,0
DA:3235,0
DA:3238,0
DA:3240,0
DA:3241,0
DA:3247,0
DA:3248,0
DA:3249,0
DA:3251,0
DA:3255,0
DA:3256,0
DA:3260,0
DA:3263,0
DA:3267,0
DA:3270,0
DA:3272,0
DA:3273,0
DA:3278,0
DA:3279,0
DA:3283,0
DA:3298,0
DA:3299,0
DA:3300,0
DA:3301,0
DA:3302,0
DA:3306,0
DA:3308,0
DA:3311,0
DA:3313,0
DA:3318,0
DA:3319,0
DA:3323,0
DA:3324,0
DA:3327,0
DA:3328,0
DA:3330,0
DA:3331,0
DA:3334,0
DA:3340,0
DA:3341,0
DA:3342,0
DA:3343,0
DA:3344,0
DA:3346,0
DA:3347,0
DA:3350,0
DA:3353,0
DA:3354,0
DA:3355,0
DA:3356,0
DA:3358,0
DA:3359,0
DA:3360,0
DA:3361,0
DA:3362,0
DA:3364,0
DA:3368,0
DA:3369,0
DA:3372,0
DA:3375,0
DA:3377,0
DA:3380,0
DA:3381,0
DA:3382,0
DA:3383,0
DA:3384,0
DA:3387,0
DA:3388,0
DA:3391,0
DA:3394,0
DA:3395,0
DA:3396,0
DA:3397,0
DA:3398,0
DA:3401,0
DA:3402,0
DA:3404,0
DA:3408,0
DA:3409,0
DA:3410,0
DA:3411,0
DA:3414,0
DA:3415,0
DA:3419,0
DA:3422,0
DA:3423,0
DA:3424,0
DA:3427,0
DA:3428,0
DA:3430,0
DA:3433,0
DA:3434,0
DA:3436,0
DA:3443,0
DA:3444,0
DA:3445,0
DA:3446,0
DA:3447,0
DA:3450,0
DA:3452,0
DA:3453,0
DA:3454,0
DA:3455,0
DA:3458,0
DA:3459,0
DA:3460,0
DA:3461,0
DA:3464,0
DA:3465,0
DA:3466,0
DA:3467,0
DA:3470,0
DA:3471,0
DA:3472,0
DA:3473,0
DA:3474,0
DA:3475,0
DA:3479,0
DA:3508,0
DA:3509,0
DA:3510,0
DA:3511,0
DA:3512,0
DA:3513,0
DA:3514,0
DA:3515,0
DA:3516,0
DA:3517,0
DA:3520,0
DA:3524,0
DA:3525,0
DA:3526,0
DA:3527,0
DA:3528,0
DA:3529,0
DA:3530,0
DA:3531,0
DA:3533,0
DA:3549,0
DA:3555,0
DA:3556,0
DA:3557,0
DA:3562,0
DA:3563,0
DA:3570,0
DA:3571,0
DA:3572,0
DA:3583,0
DA:3585,0
DA:3586,0
DA:3592,0
DA:3593,0
DA:3600,0
DA:3601,0
DA:3604,0
DA:3617,0
DA:3618,0
DA:3621,0
DA:3622,0
DA:3623,0
DA:3628,0
DA:3629,0
DA:3634,0
DA:3637,0
DA:3640,0
DA:3642,0
DA:3644,0
DA:3645,0
DA:3649,0
DA:3655,0
DA:3656,0
DA:3661,0
DA:3676,0
DA:3714,0
DA:3715,0
DA:3723,0
DA:3724,0
DA:3725,0
DA:3728,0
DA:3729,0
DA:3730,0
DA:3731,0
DA:3734,0
LF:1587
LH:0
BRDA:1,0,0,0
BRDA:1,0,1,0
BRDA:2,1,0,0
BRDA:2,1,1,0
BRDA:2,2,0,0
BRDA:2,2,1,0
BRDA:2,3,0,0
BRDA:2,3,1,0
BRDA:2,4,0,0
BRDA:2,4,1,0
BRDA:2,5,0,0
BRDA:2,5,1,0
BRDA:2,6,0,0
BRDA:2,6,1,0
BRDA:2,7,0,0
BRDA:2,7,1,0
BRDA:2,8,0,0
BRDA:2,8,1,0
BRDA:57,9,0,0
BRDA:57,9,1,0
BRDA:77,10,0,0
BRDA:77,10,1,0
BRDA:97,11,0,0
BRDA:97,11,1,0
BRDA:98,12,0,0
BRDA:98,12,1,0
BRDA:113,13,0,0
BRDA:113,13,1,0
BRDA:118,14,0,0
BRDA:118,14,1,0
BRDA:123,15,0,0
BRDA:123,15,1,0
BRDA:130,16,0,0
BRDA:130,16,1,0
BRDA:135,17,0,0
BRDA:135,17,1,0
BRDA:142,18,0,0
BRDA:142,18,1,0
BRDA:144,19,0,0
BRDA:144,19,1,0
BRDA:157,20,0,0
BRDA:157,20,1,0
BRDA:158,21,0,0
BRDA:158,21,1,0
BRDA:174,22,0,0
BRDA:174,22,1,0
BRDA:186,23,0,0
BRDA:186,23,1,0
BRDA:189,24,0,0
BRDA:189,24,1,0
BRDA:194,25,0,0
BRDA:194,25,1,0
BRDA:216,26,0,0
BRDA:216,26,1,0
BRDA:232,27,0,0
BRDA:232,27,1,0
BRDA:240,28,0,0
BRDA:240,28,1,0
BRDA:243,29,0,0
BRDA:243,29,1,0
BRDA:259,30,0,0
BRDA:259,30,1,0
BRDA:264,31,0,0
BRDA:264,31,1,0
BRDA:278,32,0,0
BRDA:278,32,1,0
BRDA:286,33,0,0
BRDA:286,33,1,0
BRDA:303,34,0,0
BRDA:303,34,1,0
BRDA:346,35,0,0
BRDA:346,35,1,0
BRDA:353,36,0,0
BRDA:353,36,1,0
BRDA:381,37,0,0
BRDA:381,37,1,0
BRDA:390,38,0,0
BRDA:390,38,1,0
BRDA:398,39,0,0
BRDA:398,39,1,0
BRDA:405,40,0,0
BRDA:405,40,1,0
BRDA:413,41,0,0
BRDA:413,41,1,0
BRDA:435,42,0,0
BRDA:435,42,1,0
BRDA:451,43,0,0
BRDA:451,43,1,0
BRDA:453,44,0,0
BRDA:453,44,1,0
BRDA:593,45,0,0
BRDA:593,45,1,0
BRDA:607,46,0,0
BRDA:607,46,1,0
BRDA:635,47,0,0
BRDA:635,47,1,0
BRDA:636,48,0,0
BRDA:636,48,1,0
BRDA:636,48,2,0
BRDA:636,48,3,0
BRDA:636,48,4,0
BRDA:656,49,0,0
BRDA:656,49,1,0
BRDA:656,50,0,0
BRDA:656,50,1,0
BRDA:660,51,0,0
BRDA:660,51,1,0
BRDA:660,52,0,0
BRDA:660,52,1,0
BRDA:664,53,0,0
BRDA:664,53,1,0
BRDA:664,54,0,0
BRDA:664,54,1,0
BRDA:669,55,0,0
BRDA:669,55,1,0
BRDA:679,56,0,0
BRDA:679,56,1,0
BRDA:685,57,0,0
BRDA:685,57,1,0
BRDA:694,58,0,0
BRDA:694,58,1,0
BRDA:702,59,0,0
BRDA:702,59,1,0
BRDA:706,60,0,0
BRDA:706,60,1,0
BRDA:715,61,0,0
BRDA:715,61,1,0
BRDA:727,62,0,0
BRDA:727,62,1,0
BRDA:733,63,0,0
BRDA:733,63,1,0
BRDA:741,64,0,0
BRDA:741,64,1,0
BRDA:748,65,0,0
BRDA:748,65,1,0
BRDA:757,66,0,0
BRDA:757,66,1,0
BRDA:788,67,0,0
BRDA:788,67,1,0
BRDA:791,68,0,0
BRDA:791,68,1,0
BRDA:793,69,0,0
BRDA:793,69,1,0
BRDA:796,70,0,0
BRDA:796,70,1,0
BRDA:800,71,0,0
BRDA:800,71,1,0
BRDA:803,72,0,0
BRDA:803,72,1,0
BRDA:813,73,0,0
BRDA:813,73,1,0
BRDA:828,74,0,0
BRDA:828,74,1,0
BRDA:830,75,0,0
BRDA:830,75,1,0
BRDA:844,76,0,0
BRDA:844,76,1,0
BRDA:849,77,0,0
BRDA:849,77,1,0
BRDA:856,78,0,0
BRDA:856,78,1,0
BRDA:857,79,0,0
BRDA:857,79,1,0
BRDA:863,80,0,0
BRDA:863,80,1,0
BRDA:873,81,0,0
BRDA:873,81,1,0
BRDA:889,82,0,0
BRDA:889,82,1,0
BRDA:890,83,0,0
BRDA:890,83,1,0
BRDA:891,84,0,0
BRDA:891,84,1,0
BRDA:899,85,0,0
BRDA:899,85,1,0
BRDA:901,86,0,0
BRDA:901,86,1,0
BRDA:905,87,0,0
BRDA:905,87,1,0
BRDA:913,88,0,0
BRDA:913,88,1,0
BRDA:920,89,0,0
BRDA:920,89,1,0
BRDA:925,90,0,0
BRDA:925,90,1,0
BRDA:942,91,0,0
BRDA:942,91,1,0
BRDA:1066,92,0,0
BRDA:1066,92,1,0
BRDA:1068,93,0,0
BRDA:1068,93,1,0
BRDA:1072,94,0,0
BRDA:1072,94,1,0
BRDA:1072,95,0,0
BRDA:1072,95,1,0
BRDA:1087,96,0,0
BRDA:1087,96,1,0
BRDA:1095,97,0,0
BRDA:1095,97,1,0
BRDA:1103,98,0,0
BRDA:1103,98,1,0
BRDA:1140,99,0,0
BRDA:1140,99,1,0
BRDA:1149,100,0,0
BRDA:1149,100,1,0
BRDA:1150,101,0,0
BRDA:1150,101,1,0
BRDA:1153,102,0,0
BRDA:1153,102,1,0
BRDA:1211,103,0,0
BRDA:1211,103,1,0
BRDA:1211,104,0,0
BRDA:1211,104,1,0
BRDA:1268,105,0,0
BRDA:1268,105,1,0
BRDA:1289,106,0,0
BRDA:1289,106,1,0
BRDA:1314,107,0,0
BRDA:1314,107,1,0
BRDA:1383,108,0,0
BRDA:1383,108,1,0
BRDA:1388,109,0,0
BRDA:1388,109,1,0
BRDA:1413,110,0,0
BRDA:1413,110,1,0
BRDA:1448,111,0,0
BRDA:1448,111,1,0
BRDA:1464,112,0,0
BRDA:1464,112,1,0
BRDA:1483,113,0,0
BRDA:1483,113,1,0
BRDA:1491,114,0,0
BRDA:1491,114,1,0
BRDA:1494,115,0,0
BRDA:1494,115,1,0
BRDA:1553,116,0,0
BRDA:1553,116,1,0
BRDA:1608,117,0,0
BRDA:1608,117,1,0
BRDA:1608,118,0,0
BRDA:1608,118,1,0
BRDA:1661,119,0,0
BRDA:1661,119,1,0
BRDA:1672,120,0,0
BRDA:1672,120,1,0
BRDA:1699,121,0,0
BRDA:1699,121,1,0
BRDA:1723,122,0,0
BRDA:1723,122,1,0
BRDA:1723,122,2,0
BRDA:1725,123,0,0
BRDA:1725,123,1,0
BRDA:1732,124,0,0
BRDA:1732,124,1,0
BRDA:1733,125,0,0
BRDA:1733,125,1,0
BRDA:1740,126,0,0
BRDA:1740,126,1,0
BRDA:1752,127,0,0
BRDA:1752,127,1,0
BRDA:1757,128,0,0
BRDA:1757,128,1,0
BRDA:1763,129,0,0
BRDA:1763,129,1,0
BRDA:1766,130,0,0
BRDA:1766,130,1,0
BRDA:1768,131,0,0
BRDA:1768,131,1,0
BRDA:1774,132,0,0
BRDA:1774,132,1,0
BRDA:1780,133,0,0
BRDA:1780,133,1,0
BRDA:1788,134,0,0
BRDA:1788,134,1,0
BRDA:1799,135,0,0
BRDA:1799,135,1,0
BRDA:1852,136,0,0
BRDA:1852,136,1,0
BRDA:1853,137,0,0
BRDA:1853,137,1,0
BRDA:1884,138,0,0
BRDA:1884,138,1,0
BRDA:1913,139,0,0
BRDA:1913,139,1,0
BRDA:1919,140,0,0
BRDA:1919,140,1,0
BRDA:1942,141,0,0
BRDA:1942,141,1,0
BRDA:1949,142,0,0
BRDA:1949,142,1,0
BRDA:1951,143,0,0
BRDA:1951,143,1,0
BRDA:1975,144,0,0
BRDA:1975,144,1,0
BRDA:1992,145,0,0
BRDA:1992,145,1,0
BRDA:1998,146,0,0
BRDA:1998,146,1,0
BRDA:2027,147,0,0
BRDA:2027,147,1,0
BRDA:2036,148,0,0
BRDA:2036,148,1,0
BRDA:2043,149,0,0
BRDA:2043,149,1,0
BRDA:2043,150,0,0
BRDA:2043,150,1,0
BRDA:2065,151,0,0
BRDA:2065,151,1,0
BRDA:2083,152,0,0
BRDA:2083,152,1,0
BRDA:2092,153,0,0
BRDA:2092,153,1,0
BRDA:2099,154,0,0
BRDA:2099,154,1,0
BRDA:2099,155,0,0
BRDA:2099,155,1,0
BRDA:2126,156,0,0
BRDA:2126,156,1,0
BRDA:2127,157,0,0
BRDA:2127,157,1,0
BRDA:2133,158,0,0
BRDA:2133,158,1,0
BRDA:2176,159,0,0
BRDA:2176,159,1,0
BRDA:2185,160,0,0
BRDA:2185,160,1,0
BRDA:2185,161,0,0
BRDA:2185,161,1,0
BRDA:2200,162,0,0
BRDA:2200,162,1,0
BRDA:2210,163,0,0
BRDA:2210,163,1,0
BRDA:2210,164,0,0
BRDA:2210,164,1,0
BRDA:2230,165,0,0
BRDA:2230,165,1,0
BRDA:2245,166,0,0
BRDA:2245,166,1,0
BRDA:2256,167,0,0
BRDA:2256,167,1,0
BRDA:2271,168,0,0
BRDA:2271,168,1,0
BRDA:2278,169,0,0
BRDA:2278,169,1,0
BRDA:2293,170,0,0
BRDA:2293,170,1,0
BRDA:2298,171,0,0
BRDA:2298,171,1,0
BRDA:2320,172,0,0
BRDA:2320,172,1,0
BRDA:2324,173,0,0
BRDA:2324,173,1,0
BRDA:2346,174,0,0
BRDA:2346,174,1,0
BRDA:2400,175,0,0
BRDA:2400,175,1,0
BRDA:2405,176,0,0
BRDA:2405,176,1,0
BRDA:2411,177,0,0
BRDA:2411,177,1,0
BRDA:2440,178,0,0
BRDA:2440,178,1,0
BRDA:2448,179,0,0
BRDA:2448,179,1,0
BRDA:2492,180,0,0
BRDA:2492,180,1,0
BRDA:2495,181,0,0
BRDA:2495,181,1,0
BRDA:2495,182,0,0
BRDA:2495,182,1,0
BRDA:2511,183,0,0
BRDA:2511,183,1,0
BRDA:2516,184,0,0
BRDA:2516,184,1,0
BRDA:2550,185,0,0
BRDA:2550,185,1,0
BRDA:2554,186,0,0
BRDA:2554,186,1,0
BRDA:2555,187,0,0
BRDA:2555,187,1,0
BRDA:2559,188,0,0
BRDA:2559,188,1,0
BRDA:2568,189,0,0
BRDA:2568,189,1,0
BRDA:2585,190,0,0
BRDA:2585,190,1,0
BRDA:2585,191,0,0
BRDA:2585,191,1,0
BRDA:2621,192,0,0
BRDA:2621,192,1,0
BRDA:2645,193,0,0
BRDA:2645,193,1,0
BRDA:2712,194,0,0
BRDA:2712,194,1,0
BRDA:2723,195,0,0
BRDA:2723,195,1,0
BRDA:2729,196,0,0
BRDA:2729,196,1,0
BRDA:2734,197,0,0
BRDA:2734,197,1,0
BRDA:2768,198,0,0
BRDA:2768,198,1,0
BRDA:2817,199,0,0
BRDA:2817,199,1,0
BRDA:2824,200,0,0
BRDA:2824,200,1,0
BRDA:2852,201,0,0
BRDA:2852,201,1,0
BRDA:2852,202,0,0
BRDA:2852,202,1,0
BRDA:2854,203,0,0
BRDA:2854,203,1,0
BRDA:2861,204,0,0
BRDA:2861,204,1,0
BRDA:2867,205,0,0
BRDA:2867,205,1,0
BRDA:2871,206,0,0
BRDA:2871,206,1,0
BRDA:2913,207,0,0
BRDA:2913,207,1,0
BRDA:2924,208,0,0
BRDA:2924,208,1,0
BRDA:2924,209,0,0
BRDA:2924,209,1,0
BRDA:2924,209,2,0
BRDA:2929,210,0,0
BRDA:2929,210,1,0
BRDA:2929,211,0,0
BRDA:2929,211,1,0
BRDA:2930,212,0,0
BRDA:2930,212,1,0
BRDA:2938,213,0,0
BRDA:2938,213,1,0
BRDA:2945,214,0,0
BRDA:2945,214,1,0
BRDA:2948,215,0,0
BRDA:2948,215,1,0
BRDA:2948,215,2,0
BRDA:2960,216,0,0
BRDA:2960,216,1,0
BRDA:2960,217,0,0
BRDA:2960,217,1,0
BRDA:2965,218,0,0
BRDA:2965,218,1,0
BRDA:2965,219,0,0
BRDA:2965,219,1,0
BRDA:2966,220,0,0
BRDA:2966,220,1,0
BRDA:2974,221,0,0
BRDA:2974,221,1,0
BRDA:2987,222,0,0
BRDA:2987,222,1,0
BRDA:3004,223,0,0
BRDA:3004,223,1,0
BRDA:3004,224,0,0
BRDA:3004,224,1,0
BRDA:3008,225,0,0
BRDA:3008,225,1,0
BRDA:3008,226,0,0
BRDA:3008,226,1,0
BRDA:3008,226,2,0
BRDA:3014,227,0,0
BRDA:3014,227,1,0
BRDA:3015,228,0,0
BRDA:3015,228,1,0
BRDA:3015,229,0,0
BRDA:3015,229,1,0
BRDA:3021,230,0,0
BRDA:3021,230,1,0
BRDA:3029,231,0,0
BRDA:3029,231,1,0
BRDA:3033,232,0,0
BRDA:3033,232,1,0
BRDA:3085,233,0,0
BRDA:3085,233,1,0
BRDA:3085,234,0,0
BRDA:3085,234,1,0
BRDA:3120,235,0,0
BRDA:3120,235,1,0
BRDA:3122,236,0,0
BRDA:3122,236,1,0
BRDA:3122,237,0,0
BRDA:3122,237,1,0
BRDA:3133,238,0,0
BRDA:3133,238,1,0
BRDA:3133,239,0,0
BRDA:3133,239,1,0
BRDA:3139,240,0,0
BRDA:3139,240,1,0
BRDA:3139,241,0,0
BRDA:3139,241,1,0
BRDA:3142,242,0,0
BRDA:3142,242,1,0
BRDA:3150,243,0,0
BRDA:3150,243,1,0
BRDA:3160,244,0,0
BRDA:3160,244,1,0
BRDA:3164,245,0,0
BRDA:3164,245,1,0
BRDA:3168,246,0,0
BRDA:3168,246,1,0
BRDA:3186,247,0,0
BRDA:3186,247,1,0
BRDA:3186,248,0,0
BRDA:3186,248,1,0
BRDA:3187,249,0,0
BRDA:3187,249,1,0
BRDA:3194,250,0,0
BRDA:3194,250,1,0
BRDA:3194,251,0,0
BRDA:3194,251,1,0
BRDA:3199,252,0,0
BRDA:3199,252,1,0
BRDA:3232,253,0,0
BRDA:3232,253,1,0
BRDA:3233,254,0,0
BRDA:3233,254,1,0
BRDA:3240,255,0,0
BRDA:3240,255,1,0
BRDA:3256,256,0,0
BRDA:3256,256,1,0
BRDA:3260,257,0,0
BRDA:3260,257,1,0
BRDA:3272,258,0,0
BRDA:3272,258,1,0
BRDA:3323,259,0,0
BRDA:3323,259,1,0
BRDA:3323,260,0,0
BRDA:3323,260,1,0
BRDA:3327,261,0,0
BRDA:3327,261,1,0
BRDA:3328,262,0,0
BRDA:3328,262,1,0
BRDA:3330,263,0,0
BRDA:3330,263,1,0
BRDA:3356,264,0,0
BRDA:3356,264,1,0
BRDA:3361,265,0,0
BRDA:3361,265,1,0
BRDA:3381,266,0,0
BRDA:3381,266,1,0
BRDA:3383,267,0,0
BRDA:3383,267,1,0
BRDA:3396,268,0,0
BRDA:3396,268,1,0
BRDA:3402,269,0,0
BRDA:3402,269,1,0
BRDA:3408,270,0,0
BRDA:3408,270,1,0
BRDA:3410,271,0,0
BRDA:3410,271,1,0
BRDA:3428,272,0,0
BRDA:3428,272,1,0
BRDA:3433,273,0,0
BRDA:3433,273,1,0
BRDA:3555,274,0,0
BRDA:3555,274,1,0
BRDA:3562,275,0,0
BRDA:3562,275,1,0
BRDA:3570,276,0,0
BRDA:3570,276,1,0
BRDA:3571,277,0,0
BRDA:3571,277,1,0
BRDA:3583,278,0,0
BRDA:3583,278,1,0
BRDA:3592,279,0,0
BRDA:3592,279,1,0
BRDA:3600,280,0,0
BRDA:3600,280,1,0
BRDA:3617,281,0,0
BRDA:3617,281,1,0
BRDA:3628,282,0,0
BRDA:3628,282,1,0
BRDA:3644,283,0,0
BRDA:3644,283,1,0
BRDA:3655,284,0,0
BRDA:3655,284,1,0
BRDA:3723,285,0,0
BRDA:3723,285,1,0
BRDA:3728,286,0,0
BRDA:3728,286,1,0
BRDA:3730,287,0,0
BRDA:3730,287,1,0
BRF:583
BRH:0
end_of_record
TN:
SF:lib\javascript-lp-solver\src\External\main.js
FNF:0
FNH:0
DA:10,0
LF:1
LH:0
BRF:0
BRH:0
end_of_record
TN:
SF:lib\javascript-lp-solver\src\External\lpsolve\Reformat.js
FN:17,to_JSON
FN:78,(anonymous_1)
FN:86,(anonymous_2)
FN:121,(anonymous_3)
FN:133,(anonymous_4)
FN:143,(anonymous_5)
FN:149,(anonymous_6)
FN:192,(anonymous_7)
FN:210,from_JSON
FN:295,(anonymous_9)
FNF:10
FNH:0
FNDA:0,to_JSON
FNDA:0,(anonymous_1)
FNDA:0,(anonymous_2)
FNDA:0,(anonymous_3)
FNDA:0,(anonymous_4)
FNDA:0,(anonymous_5)
FNDA:0,(anonymous_6)
FNDA:0,(anonymous_7)
FNDA:0,from_JSON
FNDA:0,(anonymous_9)
DA:18,0
DA:35,0
DA:41,0
DA:46,0
DA:47,0
DA:53,0
DA:54,0
DA:59,0
DA:61,0
DA:64,0
DA:67,0
DA:70,0
DA:73,0
DA:75,0
DA:78,0
DA:79,0
DA:86,0
DA:89,0
DA:93,0
DA:94,0
DA:95,0
DA:97,0
DA:100,0
DA:103,0
DA:106,0
DA:109,0
DA:110,0
DA:114,0
DA:116,0
DA:119,0
DA:121,0
DA:122,0
DA:123,0
DA:126,0
DA:128,0
DA:131,0
DA:133,0
DA:134,0
DA:135,0
DA:138,0
DA:139,0
DA:140,0
DA:143,0
DA:144,0
DA:149,0
DA:151,0
DA:153,0
DA:154,0
DA:155,0
DA:157,0
DA:160,0
DA:163,0
DA:167,0
DA:170,0
DA:171,0
DA:177,0
DA:181,0
DA:182,0
DA:183,0
DA:185,0
DA:187,0
DA:190,0
DA:192,0
DA:193,0
DA:194,0
DA:198,0
DA:212,0
DA:213,0
DA:216,0
DA:217,0
DA:218,0
DA:219,0
DA:224,0
DA:228,0
DA:230,0
DA:233,0
DA:236,0
DA:239,0
DA:240,0
DA:244,0
DA:250,0
DA:253,0
DA:254,0
DA:255,0
DA:257,0
DA:260,0
DA:261,0
DA:266,0
DA:267,0
DA:274,0
DA:275,0
DA:276,0
DA:277,0
DA:282,0
DA:283,0
DA:284,0
DA:285,0
DA:290,0
DA:295,0
DA:299,0
DA:300,0
DA:302,0
LF:102
LH:0
BRDA:53,0,0,0
BRDA:53,0,1,0
BRDA:73,1,0,0
BRDA:73,1,1,0
BRDA:93,2,0,0
BRDA:93,2,1,0
BRDA:94,3,0,0
BRDA:94,3,1,0
BRDA:109,4,0,0
BRDA:109,4,1,0
BRDA:114,5,0,0
BRDA:114,5,1,0
BRDA:119,6,0,0
BRDA:119,6,1,0
BRDA:126,7,0,0
BRDA:126,7,1,0
BRDA:131,8,0,0
BRDA:131,8,1,0
BRDA:138,9,0,0
BRDA:138,9,1,0
BRDA:140,10,0,0
BRDA:140,10,1,0
BRDA:153,11,0,0
BRDA:153,11,1,0
BRDA:154,12,0,0
BRDA:154,12,1,0
BRDA:170,13,0,0
BRDA:170,13,1,0
BRDA:182,14,0,0
BRDA:182,14,1,0
BRDA:185,15,0,0
BRDA:185,15,1,0
BRDA:190,16,0,0
BRDA:190,16,1,0
BRDA:212,17,0,0
BRDA:212,17,1,0
BRDA:228,18,0,0
BRDA:228,18,1,0
BRDA:236,19,0,0
BRDA:236,19,1,0
BRDA:239,20,0,0
BRDA:239,20,1,0
BRDA:255,21,0,0
BRDA:255,21,1,0
BRDA:260,22,0,0
BRDA:260,22,1,0
BRDA:274,23,0,0
BRDA:274,23,1,0
BRDA:282,24,0,0
BRDA:282,24,1,0
BRDA:299,25,0,0
BRDA:299,25,1,0
BRF:52
BRH:0
end_of_record
TN:
SF:lib\javascript-lp-solver\src\External\lpsolve\main.js
FN:19,clean_data
FN:29,(anonymous_1)
FN:50,(anonymous_2)
FN:53,(anonymous_3)
FN:65,(anonymous_4)
FN:67,(anonymous_5)
FN:124,(anonymous_6)
FN:140,(anonymous_7)
FNF:8
FNH:0
FNDA:0,clean_data
FNDA:0,(anonymous_1)
FNDA:0,(anonymous_2)
FNDA:0,(anonymous_3)
FNDA:0,(anonymous_4)
FNDA:0,(anonymous_5)
FNDA:0,(anonymous_6)
FNDA:0,(anonymous_7)
DA:17,0
DA:25,0
DA:28,0
DA:29,0
DA:35,0
DA:36,0
DA:37,0
DA:42,0
DA:43,0
DA:44,0
DA:48,0
DA:51,0
DA:54,0
DA:55,0
DA:58,0
DA:65,0
DA:67,0
DA:71,0
DA:72,0
DA:77,0
DA:80,0
DA:81,0
DA:88,0
DA:89,0
DA:95,0
DA:96,0
DA:103,0
DA:104,0
DA:122,0
DA:124,0
DA:125,0
DA:126,0
DA:133,0
DA:138,0
DA:140,0
DA:141,0
DA:143,0
DA:144,0
DA:147,0
DA:161,0
DA:167,0
DA:172,0
LF:42
LH:0
BRDA:36,0,0,0
BRDA:36,0,1,0
BRDA:43,1,0,0
BRDA:43,1,1,0
BRDA:71,2,0,0
BRDA:71,2,1,0
BRDA:80,3,0,0
BRDA:80,3,1,0
BRDA:88,4,0,0
BRDA:88,4,1,0
BRDA:95,5,0,0
BRDA:95,5,1,0
BRDA:103,6,0,0
BRDA:103,6,1,0
BRDA:125,7,0,0
BRDA:125,7,1,0
BRDA:141,8,0,0
BRDA:141,8,1,0
BRDA:143,9,0,0
BRDA:143,9,1,0
BRF:20
BRH:0
end_of_record
TN:
SF:lib\javascript-lp-solver\src\Tableau\MilpSolution.js
FN:5,MilpSolution
FNF:1
FNH:0
FNDA:0,MilpSolution
DA:3,0
DA:6,0
DA:7,0
DA:9,0
DA:10,0
DA:11,0
LF:6
LH:0
BRF:0
BRH:0
end_of_record
TN:
SF:lib\javascript-lp-solver\src\Tableau\Solution.js
FN:3,Solution
FN:11,(anonymous_1)
FNF:2
FNH:0
FNDA:0,Solution
FNDA:0,(anonymous_1)
DA:4,0
DA:5,0
DA:6,0
DA:7,0
DA:9,0
DA:11,0
DA:12,0
DA:14,0
DA:15,0
DA:16,0
DA:17,0
DA:18,0
DA:19,0
DA:20,0
DA:22,0
DA:23,0
DA:24,0
DA:25,0
DA:26,0
DA:29,0
DA:30,0
DA:34,0
LF:22
LH:0
BRDA:25,0,0,0
BRDA:25,0,1,0
BRDA:25,1,0,0
BRDA:25,1,1,0
BRF:4
BRH:0
end_of_record
TN:
SF:lib\javascript-lp-solver\src\Tableau\Tableau.js
FN:21,Tableau
FN:65,(anonymous_1)
FN:75,OptionalObjective
FN:83,(anonymous_3)
FN:89,(anonymous_4)
FN:96,(anonymous_5)
FN:106,(anonymous_6)
FN:151,(anonymous_7)
FN:212,(anonymous_8)
FN:224,(anonymous_9)
FN:234,(anonymous_10)
FN:252,(anonymous_11)
FN:267,(anonymous_12)
FNF:13
FNH:0
FNDA:0,Tableau
FNDA:0,(anonymous_1)
FNDA:0,OptionalObjective
FNDA:0,(anonymous_3)
FNDA:0,(anonymous_4)
FNDA:0,(anonymous_5)
FNDA:0,(anonymous_6)
FNDA:0,(anonymous_7)
FNDA:0,(anonymous_8)
FNDA:0,(anonymous_9)
FNDA:0,(anonymous_10)
FNDA:0,(anonymous_11)
FNDA:0,(anonymous_12)
DA:7,0
DA:8,0
DA:22,0
DA:24,0
DA:25,0
DA:26,0
DA:28,0
DA:29,0
DA:31,0
DA:32,0
DA:35,0
DA:36,0
DA:37,0
DA:39,0
DA:40,0
DA:42,0
DA:43,0
DA:45,0
DA:47,0
DA:48,0
DA:50,0
DA:52,0
DA:53,0
DA:55,0
DA:56,0
DA:58,0
DA:59,0
DA:61,0
DA:63,0
DA:65,0
DA:66,0
DA:67,0
DA:69,0
DA:71,0
DA:72,0
DA:76,0
DA:77,0
DA:78,0
DA:79,0
DA:83,0
DA:84,0
DA:85,0
DA:86,0
DA:89,0
DA:90,0
DA:91,0
DA:92,0
DA:93,0
DA:94,0
DA:95,0
DA:96,0
DA:97,0
DA:101,0
DA:106,0
DA:107,0
DA:108,0
DA:110,0
DA:111,0
DA:116,0
DA:117,0
DA:118,0
DA:122,0
DA:123,0
DA:124,0
DA:138,0
DA:139,0
DA:141,0
DA:142,0
DA:144,0
DA:145,0
DA:146,0
DA:148,0
DA:151,0
DA:152,0
DA:153,0
DA:155,0
DA:156,0
DA:159,0
DA:160,0
DA:161,0
DA:162,0
DA:163,0
DA:164,0
DA:165,0
DA:166,0
DA:168,0
DA:171,0
DA:172,0
DA:173,0
DA:174,0
DA:177,0
DA:178,0
DA:179,0
DA:181,0
DA:182,0
DA:183,0
DA:184,0
DA:187,0
DA:188,0
DA:189,0
DA:190,0
DA:191,0
DA:192,0
DA:193,0
DA:194,0
DA:197,0
DA:199,0
DA:200,0
DA:201,0
DA:202,0
DA:205,0
DA:212,0
DA:213,0
DA:215,0
DA:216,0
DA:219,0
DA:220,0
DA:221,0
DA:224,0
DA:225,0
DA:226,0
DA:229,0
DA:230,0
DA:231,0
DA:234,0
DA:235,0
DA:237,0
DA:238,0
DA:239,0
DA:240,0
DA:241,0
DA:242,0
DA:247,0
DA:252,0
DA:254,0
DA:255,0
DA:257,0
DA:259,0
DA:260,0
DA:261,0
DA:267,0
DA:268,0
DA:271,0
DA:272,0
DA:274,0
LF:145
LH:0
BRDA:45,0,0,0
BRDA:45,0,1,0
BRDA:66,1,0,0
BRDA:66,1,1,0
BRDA:91,2,0,0
BRDA:91,2,1,0
BRDA:160,3,0,0
BRDA:160,3,1,0
BRDA:165,4,0,0
BRDA:165,4,1,0
BRDA:190,5,0,0
BRDA:190,5,1,0
BRDA:225,6,0,0
BRDA:225,6,1,0
BRDA:241,7,0,0
BRDA:241,7,1,0
BRDA:260,8,0,0
BRDA:260,8,1,0
BRDA:268,9,0,0
BRDA:268,9,1,0
BRDA:271,10,0,0
BRDA:271,10,1,0
BRF:22
BRH:0
end_of_record
TN:
SF:lib\javascript-lp-solver\src\Tableau\backup.js
FN:4,(anonymous_0)
FN:47,(anonymous_1)
FN:51,(anonymous_2)
FNF:3
FNH:0
FNDA:0,(anonymous_0)
FNDA:0,(anonymous_1)
FNDA:0,(anonymous_2)
DA:2,0
DA:4,0
DA:5,0
DA:7,0
DA:8,0
DA:10,0
DA:11,0
DA:15,0
DA:16,0
DA:17,0
DA:18,0
DA:21,0
DA:22,0
DA:24,0
DA:25,0
DA:27,0
DA:29,0
DA:30,0
DA:31,0
DA:33,0
DA:36,0
DA:37,0
DA:38,0
DA:39,0
DA:42,0
DA:44,0
DA:47,0
DA:48,0
DA:51,0
DA:52,0
DA:53,0
DA:56,0
DA:57,0
DA:58,0
DA:59,0
DA:62,0
DA:63,0
DA:64,0
DA:65,0
DA:67,0
DA:68,0
DA:72,0
DA:73,0
DA:74,0
DA:75,0
DA:76,0
DA:81,0
DA:82,0
DA:83,0
DA:86,0
DA:87,0
DA:90,0
DA:91,0
DA:92,0
DA:95,0
DA:96,0
DA:99,0
DA:100,0
DA:101,0
DA:102,0
DA:103,0
DA:107,0
DA:108,0
DA:109,0
DA:110,0
DA:111,0
DA:112,0
DA:113,0
LF:68
LH:0
BRDA:52,0,0,0
BRDA:52,0,1,0
BRDA:107,1,0,0
BRDA:107,1,1,0
BRDA:107,2,0,0
BRDA:107,2,1,0
BRF:6
BRH:0
end_of_record
TN:
SF:lib\javascript-lp-solver\src\Tableau\branchAndCut.js
FN:11,Cut
FN:19,Branch
FN:27,sortByEvaluation
FN:35,(anonymous_3)
FN:65,(anonymous_4)
FNF:5
FNH:0
FNDA:0,Cut
FNDA:0,Branch
FNDA:0,sortByEvaluation
FNDA:0,(anonymous_3)
FNDA:0,(anonymous_4)
DA:7,0
DA:12,0
DA:13,0
DA:14,0
DA:20,0
DA:21,0
DA:28,0
DA:35,0
DA:37,0
[...]
DA:332,0
DA:336,0
DA:337,0
DA:338,0
DA:339,0
DA:340,0
DA:341,0
DA:342,0
DA:344,0
DA:347,0
DA:354,0
DA:373,0
DA:374,0
DA:376,0
DA:380,0
DA:383,0
DA:387,0
DA:388,0
DA:389,0
DA:392,0
DA:393,0
DA:394,0
DA:396,0
DA:397,0
DA:402,0
DA:404,0
DA:405,0
DA:413,0
DA:414,0
DA:415,0
DA:416,0
DA:417,0
DA:418,0
DA:419,0
DA:420,0
DA:421,0
DA:422,0
DA:423,0
DA:427,0
DA:435,0
DA:436,0
DA:437,0
DA:438,0
DA:439,0
DA:440,0
DA:441,0
DA:442,0
DA:444,0
DA:445,0
DA:446,0
DA:447,0
DA:448,0
DA:449,0
DA:450,0
DA:453,0
DA:454,0
DA:459,0
LF:219
LH:0
BRDA:22,0,0,0
BRDA:22,0,1,0
BRDA:71,1,0,0
BRDA:71,1,1,0
BRDA:78,2,0,0
BRDA:78,2,1,0
BRDA:106,3,0,0
BRDA:106,3,1,0
BRDA:106,4,0,0
BRDA:106,4,1,0
BRDA:108,5,0,0
BRDA:108,5,1,0
BRDA:115,6,0,0
BRDA:115,6,1,0
BRDA:121,7,0,0
BRDA:121,7,1,0
BRDA:125,8,0,0
BRDA:125,8,1,0
BRDA:167,9,0,0
BRDA:167,9,1,0
BRDA:178,10,0,0
BRDA:178,10,1,0
BRDA:178,11,0,0
BRDA:178,11,1,0
BRDA:178,11,2,0
BRDA:183,12,0,0
BRDA:183,12,1,0
BRDA:183,13,0,0
BRDA:183,13,1,0
BRDA:184,14,0,0
BRDA:184,14,1,0
BRDA:192,15,0,0
BRDA:192,15,1,0
BRDA:199,16,0,0
BRDA:199,16,1,0
BRDA:202,17,0,0
BRDA:202,17,1,0
BRDA:202,17,2,0
BRDA:214,18,0,0
BRDA:214,18,1,0
BRDA:214,19,0,0
BRDA:214,19,1,0
BRDA:219,20,0,0
BRDA:219,20,1,0
BRDA:219,21,0,0
BRDA:219,21,1,0
BRDA:220,22,0,0
BRDA:220,22,1,0
BRDA:228,23,0,0
BRDA:228,23,1,0
BRDA:241,24,0,0
BRDA:241,24,1,0
BRDA:258,25,0,0
BRDA:258,25,1,0
BRDA:258,26,0,0
BRDA:258,26,1,0
BRDA:262,27,0,0
BRDA:262,27,1,0
BRDA:262,28,0,0
BRDA:262,28,1,0
BRDA:262,28,2,0
BRDA:268,29,0,0
BRDA:268,29,1,0
BRDA:269,30,0,0
BRDA:269,30,1,0
BRDA:269,31,0,0
BRDA:269,31,1,0
BRDA:275,32,0,0
BRDA:275,32,1,0
BRDA:283,33,0,0
BRDA:283,33,1,0
BRDA:287,34,0,0
BRDA:287,34,1,0
BRDA:339,35,0,0
BRDA:339,35,1,0
BRDA:339,36,0,0
BRDA:339,36,1,0
BRDA:374,37,0,0
BRDA:374,37,1,0
BRDA:376,38,0,0
BRDA:376,38,1,0
BRDA:376,39,0,0
BRDA:376,39,1,0
BRDA:387,40,0,0
BRDA:387,40,1,0
BRDA:387,41,0,0
BRDA:387,41,1,0
BRDA:393,42,0,0
BRDA:393,42,1,0
BRDA:393,43,0,0
BRDA:393,43,1,0
BRDA:396,44,0,0
BRDA:396,44,1,0
BRDA:404,45,0,0
BRDA:404,45,1,0
BRDA:414,46,0,0
BRDA:414,46,1,0
BRDA:418,47,0,0
BRDA:418,47,1,0
BRDA:422,48,0,0
BRDA:422,48,1,0
BRDA:440,49,0,0
BRDA:440,49,1,0
BRDA:440,50,0,0
BRDA:440,50,1,0
BRDA:441,51,0,0
BRDA:441,51,1,0
BRDA:448,52,0,0
BRDA:448,52,1,0
BRDA:448,53,0,0
BRDA:448,53,1,0
BRDA:453,54,0,0
BRDA:453,54,1,0
BRF:113
BRH:0
end_of_record
TN:
SF:lib\javascript-lp-solver\src\shims\External.js
FNF:0
FNH:0
DA:2,0
LF:1
LH:0
BRF:0
BRH:0
end_of_record
TN:
SF:lib\rctjavalib\build.js
FN:13,(anonymous_0)
FN:22,(anonymous_1)
FN:29,(anonymous_2)
FN:43,(anonymous_3)
FN:54,(anonymous_4)
FN:63,(anonymous_5)
FN:69,(anonymous_6)
FN:80,(anonymous_7)
FN:108,(anonymous_8)
FN:154,(anonymous_9)
FN:158,(anonymous_10)
FN:160,(anonymous_11)
FNF:12
FNH:0
FNDA:0,(anonymous_0)
FNDA:0,(anonymous_1)
FNDA:0,(anonymous_2)
FNDA:0,(anonymous_3)
FNDA:0,(anonymous_4)
FNDA:0,(anonymous_5)
FNDA:0,(anonymous_6)
FNDA:0,(anonymous_7)
FNDA:0,(anonymous_8)
FNDA:0,(anonymous_9)
FNDA:0,(anonymous_10)
FNDA:0,(anonymous_11)
DA:2,0
DA:5,0
DA:14,0
DA:15,0
DA:18,0
DA:19,0
DA:23,0
DA:24,0
DA:25,0
DA:26,0
DA:30,0
DA:31,0
DA:32,0
DA:33,0
DA:34,0
DA:35,0
DA:44,0
DA:45,0
DA:56,0
DA:57,0
DA:60,0
DA:64,0
DA:65,0
DA:70,0
DA:71,0
DA:72,0
DA:73,0
DA:82,0
DA:84,0
DA:88,0
DA:89,0
DA:90,0
DA:92,0
DA:94,0
DA:95,0
DA:109,0
DA:112,0
DA:113,0
DA:115,0
DA:116,0
DA:118,0
DA:119,0
DA:120,0
DA:124,0
DA:127,0
DA:131,0
DA:132,0
DA:135,0
DA:136,0
DA:137,0
DA:138,0
DA:139,0
DA:140,0
DA:141,0
DA:142,0
DA:145,0
DA:146,0
DA:151,0
DA:155,0
DA:159,0
DA:160,0
DA:165,0
LF:62
LH:0
BRDA:13,0,0,0
BRDA:31,1,0,0
BRDA:31,1,1,0
BRDA:56,2,0,0
BRDA:56,2,1,0
BRDA:56,3,0,0
BRDA:56,3,1,0
BRDA:82,4,0,0
BRDA:82,4,1,0
BRDA:112,5,0,0
BRDA:112,5,1,0
BRDA:112,6,0,0
BRDA:112,6,1,0
BRDA:112,6,2,0
BRDA:115,7,0,0
BRDA:115,7,1,0
BRDA:115,8,0,0
BRDA:115,8,1,0
BRDA:115,8,2,0
BRDA:118,9,0,0
BRDA:118,9,1,0
BRDA:120,10,0,0
BRDA:120,10,1,0
BRDA:120,11,0,0
BRDA:120,11,1,0
BRF:25
BRH:0
end_of_record
TN:
SF:lib\rctjavalib\build.test.js
FN:16,(anonymous_0)
FN:18,(anonymous_1)
FN:28,(anonymous_2)
FN:54,(anonymous_3)
FN:58,(anonymous_4)
FN:62,(anonymous_5)
FN:63,(anonymous_6)
FN:68,(anonymous_7)
FN:69,(anonymous_8)
FN:74,(anonymous_9)
FN:75,(anonymous_10)
FN:80,(anonymous_11)
FN:81,(anonymous_12)
FN:86,(anonymous_13)
FN:87,(anonymous_14)
FN:92,(anonymous_15)
FN:93,(anonymous_16)
FN:100,(anonymous_17)
FN:103,(anonymous_18)
FN:107,(anonymous_19)
FN:118,(anonymous_20)
FN:120,(anonymous_21)
FN:135,(anonymous_22)
FN:140,(anonymous_23)
FN:146,(anonymous_24)
FN:153,(anonymous_25)
FN:159,(anonymous_26)
FN:165,(anonymous_27)
FN:172,(anonymous_28)
FN:173,(anonymous_29)
FN:183,jobFactory
FN:184,(anonymous_31)
FN:190,(anonymous_32)
FN:222,(anonymous_33)
FN:223,(anonymous_34)
FN:255,(anonymous_35)
FN:266,(anonymous_36)
FN:292,(anonymous_37)
FNF:38
FNH:0
FNDA:0,(anonymous_0)
FNDA:0,(anonymous_1)
FNDA:0,(anonymous_2)
FNDA:0,(anonymous_3)
FNDA:0,(anonymous_4)
FNDA:0,(anonymous_5)
FNDA:0,(anonymous_6)
FNDA:0,(anonymous_7)
FNDA:0,(anonymous_8)
FNDA:0,(anonymous_9)
FNDA:0,(anonymous_10)
FNDA:0,(anonymous_11)
FNDA:0,(anonymous_12)
FNDA:0,(anonymous_13)
FNDA:0,(anonymous_14)
FNDA:0,(anonymous_15)
FNDA:0,(anonymous_16)
FNDA:0,(anonymous_17)
FNDA:0,(anonymous_18)
FNDA:0,(anonymous_19)
FNDA:0,(anonymous_20)
FNDA:0,(anonymous_21)
FNDA:0,(anonymous_22)
FNDA:0,(anonymous_23)
FNDA:0,(anonymous_24)
FNDA:0,(anonymous_25)
FNDA:0,(anonymous_26)
FNDA:0,(anonymous_27)
FNDA:0,(anonymous_28)
FNDA:0,(anonymous_29)
FNDA:0,jobFactory
FNDA:0,(anonymous_31)
FNDA:0,(anonymous_32)
FNDA:0,(anonymous_33)
FNDA:0,(anonymous_34)
FNDA:0,(anonymous_35)
FNDA:0,(anonymous_36)
FNDA:0,(anonymous_37)
DA:1,0
DA:2,0
DA:3,0
DA:4,0
DA:6,0
DA:11,0
DA:12,0
DA:13,0
DA:14,0
DA:16,0
DA:18,0
DA:19,0
DA:21,0
DA:22,0
DA:23,0
DA:24,0
DA:28,0
DA:29,0
DA:30,0
DA:32,0
DA:33,0
DA:34,0
DA:35,0
DA:36,0
DA:37,0
DA:38,0
DA:39,0
DA:41,0
DA:42,0
DA:43,0
DA:44,0
DA:46,0
DA:47,0
DA:54,0
DA:58,0
DA:59,0
DA:62,0
DA:63,0
DA:64,0
DA:68,0
DA:69,0
DA:70,0
DA:74,0
DA:75,0
DA:76,0
DA:80,0
DA:81,0
DA:82,0
DA:86,0
DA:87,0
DA:88,0
DA:92,0
DA:93,0
DA:94,0
DA:100,0
DA:103,0
DA:104,0
DA:107,0
DA:108,0
DA:109,0
DA:110,0
DA:111,0
DA:112,0
DA:113,0
DA:114,0
DA:115,0
DA:118,0
DA:119,0
DA:120,0
DA:121,0
DA:123,0
DA:125,0
DA:126,0
DA:127,0
DA:128,0
DA:133,0
DA:135,0
DA:136,0
DA:137,0
DA:138,0
DA:140,0
DA:141,0
DA:142,0
DA:143,0
DA:146,0
DA:147,0
DA:148,0
DA:149,0
DA:150,0
DA:153,0
DA:154,0
DA:155,0
DA:156,0
DA:159,0
DA:160,0
DA:161,0
DA:162,0
DA:165,0
DA:166,0
DA:167,0
DA:168,0
DA:172,0
DA:173,0
DA:175,0
DA:177,0
DA:178,0
DA:179,0
DA:184,0
DA:185,0
DA:186,0
DA:187,0
DA:190,0
DA:192,0
DA:193,0
DA:194,0
DA:199,0
DA:200,0
DA:201,0
DA:205,0
DA:208,0
DA:211,0
DA:212,0
DA:222,0
DA:223,0
DA:224,0
DA:225,0
DA:228,0
DA:229,0
DA:232,0
DA:233,0
DA:236,0
DA:237,0
DA:238,0
DA:240,0
DA:241,0
DA:243,0
DA:244,0
DA:246,0
DA:247,0
DA:249,0
DA:250,0
DA:255,0
DA:256,0
DA:258,0
DA:259,0
DA:260,0
DA:262,0
DA:263,0
DA:266,0
DA:267,0
DA:268,0
DA:271,0
DA:272,0
DA:275,0
DA:276,0
DA:278,0
DA:279,0
DA:280,0
DA:282,0
DA:283,0
DA:284,0
DA:285,0
DA:288,0
DA:289,0
DA:292,0
DA:293,0
DA:295,0
DA:296,0
DA:297,0
DA:299,0
DA:300,0
DA:302,0
DA:303,0
DA:304,0
DA:306,0
DA:307,0
DA:308,0
LF:177
LH:0
BRDA:38,0,0,0
BRDA:38,0,1,0
BRDA:44,1,0,0
BRDA:44,1,1,0
BRDA:44,2,0,0
BRDA:44,2,1,0
BRDA:112,3,0,0
BRDA:112,3,1,0
BRDA:125,4,0,0
BRDA:125,4,1,0
BRDA:126,5,0,0
BRDA:126,5,1,0
BRDA:183,6,0,0
BRDA:186,7,0,0
BRDA:186,7,1,0
BRDA:241,8,0,0
BRDA:241,8,1,0
BRDA:247,9,0,0
BRDA:247,9,1,0
BRDA:283,10,0,0
BRDA:283,10,1,0
BRDA:285,11,0,0
BRDA:285,11,1,0
BRDA:300,12,0,0
BRDA:300,12,1,0
BRDA:307,13,0,0
BRDA:307,13,1,0
BRF:27
BRH:0
end_of_record
TN:
SF:lib\rctjavalib\cache.js
FN:2,(anonymous_0)
FN:9,(anonymous_1)
FN:15,(anonymous_2)
FN:31,(anonymous_3)
FN:39,(anonymous_4)
FNF:5
FNH:0
FNDA:0,(anonymous_0)
FNDA:0,(anonymous_1)
FNDA:0,(anonymous_2)
FNDA:0,(anonymous_3)
FNDA:0,(anonymous_4)
DA:3,0
DA:4,0
DA:10,0
DA:11,0
DA:12,0
DA:16,0
DA:17,0
DA:18,0
DA:21,0
DA:22,0
DA:24,0
DA:25,0
DA:26,0
DA:28,0
DA:32,0
DA:33,0
DA:35,0
DA:36,0
DA:40,0
DA:41,0
DA:42,0
DA:43,0
DA:47,0
DA:49,0
DA:50,0
DA:51,0
DA:57,0
LF:27
LH:0
BRDA:9,0,0,0
BRDA:17,1,0,0
BRDA:17,1,1,0
BRDA:24,2,0,0
BRDA:24,2,1,0
BRDA:32,3,0,0
BRDA:32,3,1,0
BRDA:42,4,0,0
BRDA:42,4,1,0
BRDA:47,5,0,0
BRDA:47,5,1,0
BRF:11
BRH:0
end_of_record
TN:
SF:lib\rctjavalib\connection.js
FN:19,(anonymous_0)
FN:42,(anonymous_1)
FN:50,(anonymous_2)
FN:63,(anonymous_3)
FN:72,(anonymous_4)
FN:73,(anonymous_5)
FN:81,(anonymous_6)
FN:90,(anonymous_7)
FN:93,(anonymous_8)
FN:104,(anonymous_9)
FN:113,(anonymous_10)
FN:122,(anonymous_11)
FN:134,(anonymous_12)
FN:145,(anonymous_13)
FN:190,(anonymous_14)
FN:208,(anonymous_15)
FN:214,(anonymous_16)
FN:219,(anonymous_17)
FN:221,(anonymous_18)
FN:233,(anonymous_19)
FN:238,(anonymous_20)
FN:239,(anonymous_21)
FN:246,(anonymous_22)
FN:257,(anonymous_23)
FN:270,(anonymous_24)
FN:281,(anonymous_25)
FN:335,(anonymous_26)
FN:336,(anonymous_27)
FN:343,(anonymous_28)
FN:374,(anonymous_29)
FN:375,(anonymous_30)
FN:392,(anonymous_31)
FN:419,(anonymous_32)
FN:421,(anonymous_33)
FN:427,(anonymous_34)
FN:449,(anonymous_35)
FN:451,(anonymous_36)
FN:467,(anonymous_37)
FN:468,(anonymous_38)
FN:469,(anonymous_39)
FN:470,(anonymous_40)
FN:472,(anonymous_41)
FN:481,(anonymous_42)
FNF:43
FNH:0
FNDA:0,(anonymous_0)
FNDA:0,(anonymous_1)
FNDA:0,(anonymous_2)
FNDA:0,(anonymous_3)
FNDA:0,(anonymous_4)
FNDA:0,(anonymous_5)
FNDA:0,(anonymous_6)
FNDA:0,(anonymous_7)
FNDA:0,(anonymous_8)
FNDA:0,(anonymous_9)
FNDA:0,(anonymous_10)
FNDA:0,(anonymous_11)
FNDA:0,(anonymous_12)
FNDA:0,(anonymous_13)
FNDA:0,(anonymous_14)
FNDA:0,(anonymous_15)
FNDA:0,(anonymous_16)
FNDA:0,(anonymous_17)
FNDA:0,(anonymous_18)
FNDA:0,(anonymous_19)
FNDA:0,(anonymous_20)
FNDA:0,(anonymous_21)
FNDA:0,(anonymous_22)
FNDA:0,(anonymous_23)
FNDA:0,(anonymous_24)
FNDA:0,(anonymous_25)
FNDA:0,(anonymous_26)
FNDA:0,(anonymous_27)
FNDA:0,(anonymous_28)
FNDA:0,(anonymous_29)
FNDA:0,(anonymous_30)
FNDA:0,(anonymous_31)
FNDA:0,(anonymous_32)
FNDA:0,(anonymous_33)
FNDA:0,(anonymous_34)
FNDA:0,(anonymous_35)
FNDA:0,(anonymous_36)
FNDA:0,(anonymous_37)
FNDA:0,(anonymous_38)
FNDA:0,(anonymous_39)
FNDA:0,(anonymous_40)
FNDA:0,(anonymous_41)
FNDA:0,(anonymous_42)
DA:2,0
DA:3,0
DA:4,0
DA:5,0
DA:6,0
DA:7,0
DA:9,0
DA:10,0
DA:11,0
DA:12,0
DA:13,0
DA:14,0
DA:16,0
DA:20,0
DA:21,0
DA:23,0
DA:24,0
DA:25,0
DA:27,0
DA:28,0
DA:30,0
DA:31,0
DA:33,0
DA:34,0
DA:35,0
DA:36,0
DA:39,0
DA:43,0
DA:44,0
DA:45,0
DA:47,0
DA:49,0
DA:50,0
DA:52,0
DA:53,0
DA:56,0
DA:57,0
DA:59,0
DA:64,0
DA:68,0
DA:69,0
DA:72,0
DA:73,0
DA:75,0
DA:76,0
DA:77,0
DA:78,0
DA:81,0
DA:82,0
DA:83,0
DA:84,0
DA:85,0
DA:90,0
DA:91,0
DA:93,0
DA:95,0
DA:96,0
DA:97,0
DA:104,0
DA:105,0
DA:106,0
DA:108,0
DA:109,0
DA:110,0
DA:113,0
DA:114,0
DA:115,0
DA:116,0
DA:117,0
DA:123,0
DA:124,0
DA:125,0
DA:127,0
DA:128,0
DA:130,0
DA:135,0
DA:136,0
DA:137,0
DA:138,0
DA:140,0
DA:141,0
DA:142,0
DA:147,0
DA:149,0
DA:155,0
DA:156,0
DA:159,0
DA:160,0
DA:163,0
DA:164,0
DA:165,0
DA:168,0
DA:170,0
DA:173,0
DA:175,0
DA:176,0
DA:179,0
DA:180,0
DA:181,0
DA:182,0
DA:186,0
DA:191,0
DA:192,0
DA:193,0
DA:194,0
DA:195,0
DA:196,0
DA:200,0
DA:201,0
DA:205,0
DA:209,0
DA:210,0
DA:211,0
DA:215,0
DA:216,0
DA:219,0
DA:220,0
DA:221,0
DA:222,0
DA:223,0
DA:224,0
DA:225,0
DA:227,0
DA:234,0
DA:235,0
DA:238,0
DA:239,0
DA:240,0
DA:241,0
DA:242,0
DA:243,0
DA:246,0
DA:247,0
DA:248,0
DA:249,0
DA:253,0
DA:258,0
DA:259,0
DA:261,0
DA:262,0
DA:263,0
DA:265,0
DA:266,0
DA:267,0
DA:268,0
DA:269,0
DA:270,0
DA:271,0
DA:274,0
DA:278,0
DA:282,0
DA:283,0
DA:286,0
DA:287,0
DA:290,0
DA:291,0
DA:295,0
DA:297,0
DA:298,0
DA:299,0
DA:302,0
DA:303,0
DA:305,0
DA:306,0
DA:307,0
DA:310,0
DA:311,0
DA:313,0
DA:316,0
DA:323,0
DA:324,0
DA:325,0
DA:328,0
DA:329,0
DA:332,0
DA:336,0
DA:338,0
DA:339,0
DA:340,0
DA:343,0
DA:344,0
DA:345,0
DA:346,0
DA:347,0
DA:350,0
DA:351,0
DA:353,0
DA:354,0
DA:357,0
DA:363,0
DA:365,0
DA:369,0
DA:375,0
DA:376,0
DA:377,0
DA:380,0
DA:382,0
DA:383,0
DA:384,0
DA:385,0
DA:387,0
DA:390,0
DA:392,0
DA:393,0
DA:396,0
DA:400,0
DA:401,0
DA:402,0
DA:404,0
DA:405,0
DA:407,0
DA:409,0
DA:415,0
DA:420,0
DA:421,0
DA:422,0
DA:423,0
DA:428,0
DA:429,0
DA:431,0
DA:432,0
DA:433,0
DA:434,0
DA:435,0
DA:437,0
DA:439,0
DA:440,0
DA:441,0
DA:442,0
DA:446,0
DA:450,0
DA:451,0
DA:452,0
DA:455,0
DA:456,0
DA:457,0
DA:460,0
DA:461,0
DA:464,0
DA:467,0
DA:468,0
DA:469,0
DA:470,0
DA:473,0
DA:474,0
DA:475,0
DA:477,0
DA:481,0
DA:482,0
DA:483,0
DA:485,0
DA:486,0
DA:487,0
DA:489,0
DA:491,0
DA:492,0
DA:493,0
DA:496,0
LF:258
LH:0
BRDA:9,0,0,0
BRDA:9,0,1,0
BRDA:10,1,0,0
BRDA:10,1,1,0
BRDA:11,2,0,0
BRDA:11,2,1,0
BRDA:12,3,0,0
BRDA:12,3,1,0
BRDA:13,4,0,0
BRDA:13,4,1,0
BRDA:14,5,0,0
BRDA:14,5,1,0
BRDA:19,6,0,0
BRDA:42,7,0,0
BRDA:43,8,0,0
BRDA:43,8,1,0
BRDA:49,9,0,0
BRDA:49,9,1,0
BRDA:56,10,0,0
BRDA:56,10,1,0
BRDA:64,11,0,0
BRDA:64,11,1,0
BRDA:64,12,0,0
BRDA:64,12,1,0
BRDA:75,13,0,0
BRDA:75,13,1,0
BRDA:78,14,0,0
BRDA:78,14,1,0
BRDA:82,15,0,0
BRDA:82,15,1,0
BRDA:96,16,0,0
BRDA:96,16,1,0
BRDA:96,17,0,0
BRDA:96,17,1,0
BRDA:123,18,0,0
BRDA:123,18,1,0
BRDA:127,19,0,0
BRDA:127,19,1,0
BRDA:135,20,0,0
BRDA:135,20,1,0
BRDA:163,21,0,0
BRDA:163,21,1,0
BRDA:163,22,0,0
BRDA:163,22,1,0
BRDA:168,23,0,0
BRDA:168,23,1,0
BRDA:173,24,0,0
BRDA:173,24,1,0
BRDA:173,25,0,0
BRDA:173,25,1,0
BRDA:179,26,0,0
BRDA:179,26,1,0
BRDA:191,27,0,0
BRDA:191,27,1,0
BRDA:191,28,0,0
BRDA:191,28,1,0
BRDA:192,29,0,0
BRDA:192,29,1,0
BRDA:200,30,0,0
BRDA:200,30,1,0
BRDA:205,31,0,0
BRDA:205,31,1,0
BRDA:209,32,0,0
BRDA:209,32,1,0
BRDA:210,33,0,0
BRDA:210,33,1,0
BRDA:215,34,0,0
BRDA:215,34,1,0
BRDA:215,35,0,0
BRDA:215,35,1,0
BRDA:222,36,0,0
BRDA:222,36,1,0
BRDA:233,37,0,0
BRDA:233,38,0,0
BRDA:233,39,0,0
BRDA:234,40,0,0
BRDA:234,40,1,0
BRDA:240,41,0,0
BRDA:240,41,1,0
BRDA:241,42,0,0
BRDA:241,42,1,0
BRDA:241,43,0,0
BRDA:241,43,1,0
BRDA:242,44,0,0
BRDA:242,44,1,0
BRDA:242,45,0,0
BRDA:242,45,1,0
BRDA:246,46,0,0
BRDA:246,46,1,0
BRDA:247,47,0,0
BRDA:247,47,1,0
BRDA:247,48,0,0
BRDA:247,48,1,0
BRDA:257,49,0,0
BRDA:257,50,0,0
BRDA:265,51,0,0
BRDA:265,51,1,0
BRDA:268,52,0,0
BRDA:268,52,1,0
BRDA:282,53,0,0
BRDA:282,53,1,0
BRDA:286,54,0,0
BRDA:286,54,1,0
BRDA:286,55,0,0
BRDA:286,55,1,0
BRDA:287,56,0,0
BRDA:287,56,1,0
BRDA:290,57,0,0
BRDA:290,57,1,0
BRDA:290,58,0,0
BRDA:290,58,1,0
BRDA:295,59,0,0
BRDA:295,59,1,0
BRDA:295,59,2,0
BRDA:295,59,3,0
BRDA:295,59,4,0
BRDA:324,60,0,0
BRDA:324,60,1,0
BRDA:357,61,0,0
BRDA:357,61,1,0
BRDA:358,62,0,0
BRDA:358,62,1,0
BRDA:358,62,2,0
BRDA:358,62,3,0
BRDA:367,63,0,0
BRDA:367,63,1,0
BRDA:376,64,0,0
BRDA:376,64,1,0
BRDA:376,65,0,0
BRDA:376,65,1,0
BRDA:376,66,0,0
BRDA:376,66,1,0
BRDA:383,67,0,0
BRDA:383,67,1,0
BRDA:384,68,0,0
BRDA:384,68,1,0
BRDA:400,69,0,0
BRDA:400,69,1,0
BRDA:400,70,0,0
BRDA:400,70,1,0
BRDA:404,71,0,0
BRDA:404,71,1,0
BRDA:410,72,0,0
BRDA:410,72,1,0
BRDA:428,73,0,0
BRDA:428,73,1,0
BRDA:441,74,0,0
BRDA:441,74,1,0
BRDA:441,75,0,0
BRDA:441,75,1,0
BRDA:449,76,0,0
BRDA:450,77,0,0
BRDA:450,77,1,0
BRDA:455,78,0,0
BRDA:455,78,1,0
BRDA:457,79,0,0
BRDA:457,79,1,0
BRDA:460,80,0,0
BRDA:460,80,1,0
BRDA:473,81,0,0
BRDA:473,81,1,0
BRDA:475,82,0,0
BRDA:475,82,1,0
BRDA:481,83,0,0
BRDA:485,84,0,0
BRDA:485,84,1,0
BRDA:485,85,0,0
BRDA:485,85,1,0
BRDA:485,85,2,0
BRDA:489,86,0,0
BRDA:489,86,1,0
BRF:171
BRH:0
end_of_record
TN:
SF:lib\rctjavalib\crc.js
FN:2,(anonymous_0)
FN:6,(anonymous_1)
FN:11,(anonymous_2)
FN:22,(anonymous_3)
FNF:4
FNH:0
FNDA:0,(anonymous_0)
FNDA:0,(anonymous_1)
FNDA:0,(anonymous_2)
FNDA:0,(anonymous_3)
DA:3,0
DA:7,0
DA:8,0
DA:12,0
DA:13,0
DA:14,0
DA:15,0
DA:16,0
DA:18,0
DA:19,0
DA:23,0
DA:24,0
DA:26,0
DA:30,0
LF:14
LH:0
BRDA:16,0,0,0
BRDA:16,0,1,0
BRDA:23,1,0,0
BRDA:23,1,1,0
BRF:4
BRH:0
end_of_record
TN:
SF:lib\rctjavalib\datagram.js
FN:14,(anonymous_0)
FN:46,(anonymous_1)
FN:75,(anonymous_2)
FN:107,(anonymous_3)
FN:141,(anonymous_4)
FN:142,(anonymous_5)
FN:143,(anonymous_6)
FN:144,(anonymous_7)
FN:145,(anonymous_8)
FN:147,(anonymous_9)
FN:149,(anonymous_10)
FN:156,(anonymous_11)
FN:191,(anonymous_12)
FN:192,(anonymous_13)
FN:195,(anonymous_14)
FN:199,(anonymous_15)
FN:203,(anonymous_16)
FN:210,(anonymous_17)
FN:216,(anonymous_18)
FN:219,(anonymous_19)
FN:223,(anonymous_20)
FN:229,(anonymous_21)
FN:233,(anonymous_22)
FN:239,(anonymous_23)
FN:243,(anonymous_24)
FN:250,(anonymous_25)
FNF:26
FNH:0
FNDA:0,(anonymous_0)
FNDA:0,(anonymous_1)
FNDA:0,(anonymous_2)
FNDA:0,(anonymous_3)
FNDA:0,(anonymous_4)
FNDA:0,(anonymous_5)
FNDA:0,(anonymous_6)
FNDA:0,(anonymous_7)
FNDA:0,(anonymous_8)
FNDA:0,(anonymous_9)
FNDA:0,(anonymous_10)
FNDA:0,(anonymous_11)
FNDA:0,(anonymous_12)
FNDA:0,(anonymous_13)
FNDA:0,(anonymous_14)
FNDA:0,(anonymous_15)
FNDA:0,(anonymous_16)
FNDA:0,(anonymous_17)
FNDA:0,(anonymous_18)
FNDA:0,(anonymous_19)
FNDA:0,(anonymous_20)
FNDA:0,(anonymous_21)
FNDA:0,(anonymous_22)
FNDA:0,(anonymous_23)
FNDA:0,(anonymous_24)
FNDA:0,(anonymous_25)
DA:1,0
DA:4,0
DA:5,0
DA:6,0
DA:7,0
DA:8,0
DA:9,0
DA:10,0
DA:11,0
DA:12,0
DA:15,0
DA:27,0
DA:28,0
DA:30,0
DA:31,0
DA:33,0
DA:39,0
DA:40,0
DA:41,0
DA:42,0
DA:43,0
DA:44,0
DA:47,0
DA:55,0
DA:60,0
DA:61,0
DA:62,0
DA:63,0
DA:64,0
DA:65,0
DA:66,0
DA:67,0
DA:68,0
DA:69,0
DA:70,0
DA:71,0
DA:72,0
DA:73,0
DA:76,0
DA:92,0
DA:97,0
DA:108,0
DA:114,0
DA:115,0
DA:116,0
DA:117,0
DA:118,0
DA:119,0
DA:120,0
DA:121,0
DA:122,0
DA:125,0
DA:126,0
DA:127,0
DA:130,0
DA:131,0
DA:132,0
DA:133,0
DA:134,0
DA:135,0
DA:136,0
DA:137,0
DA:138,0
DA:141,0
DA:142,0
DA:143,0
DA:144,0
DA:145,0
DA:146,0
DA:147,0
DA:148,0
DA:149,0
DA:152,0
DA:153,0
DA:154,0
DA:155,0
DA:156,0
DA:157,0
DA:158,0
DA:159,0
DA:160,0
DA:163,0
DA:166,0
DA:167,0
DA:168,0
DA:169,0
DA:170,0
DA:171,0
DA:172,0
DA:174,0
DA:175,0
DA:176,0
DA:177,0
DA:178,0
DA:179,0
DA:180,0
DA:182,0
DA:183,0
DA:184,0
DA:185,0
DA:186,0
DA:187,0
DA:188,0
DA:192,0
DA:196,0
DA:200,0
DA:204,0
DA:211,0
DA:212,0
DA:213,0
DA:217,0
DA:218,0
DA:219,0
DA:220,0
DA:224,0
DA:225,0
DA:227,0
DA:228,0
DA:229,0
DA:230,0
DA:234,0
DA:235,0
DA:237,0
DA:238,0
DA:239,0
DA:240,0
DA:244,0
DA:245,0
DA:247,0
DA:251,0
DA:252,0
DA:254,0
DA:258,0
LF:133
LH:0
BRDA:27,0,0,0
BRDA:27,0,1,0
BRDA:30,1,0,0
BRDA:30,1,1,0
BRDA:55,2,0,0
BRDA:55,2,1,0
BRDA:92,3,0,0
BRDA:92,3,1,0
BRDA:108,4,0,0
BRDA:108,4,1,0
BRDA:142,5,0,0
BRDA:142,5,1,0
BRDA:143,6,0,0
BRDA:143,6,1,0
BRDA:144,7,0,0
BRDA:144,7,1,0
BRDA:145,8,0,0
BRDA:145,8,1,0
BRDA:147,9,0,0
BRDA:147,9,1,0
BRDA:149,10,0,0
BRDA:149,10,1,0
BRDA:156,11,0,0
BRDA:156,11,1,0
BRDA:192,12,0,0
BRDA:192,12,1,0
BRDA:224,13,0,0
BRDA:224,13,1,0
BRDA:234,14,0,0
BRDA:234,14,1,0
BRDA:244,15,0,0
BRDA:244,15,1,0
BRDA:251,16,0,0
BRDA:251,16,1,0
BRF:34
BRH:0
end_of_record
TN:
SF:lib\rctjavalib\parse.js
FN:18,(anonymous_0)
FN:22,(anonymous_1)
FN:26,(anonymous_2)
FN:117,(anonymous_3)
FN:131,(anonymous_4)
FNF:5
FNH:0
FNDA:0,(anonymous_0)
FNDA:0,(anonymous_1)
FNDA:0,(anonymous_2)
FNDA:0,(anonymous_3)
FNDA:0,(anonymous_4)
DA:2,0
DA:3,0
DA:6,0
DA:7,0
DA:19,0
DA:27,0
DA:28,0
DA:31,0
DA:32,0
DA:35,0
DA:38,0
DA:39,0
DA:43,0
DA:44,0
DA:45,0
DA:47,0
DA:48,0
DA:50,0
DA:51,0
DA:53,0
DA:55,0
DA:56,0
DA:57,0
DA:59,0
DA:61,0
DA:62,0
DA:65,0
DA:66,0
DA:67,0
DA:69,0
DA:70,0
DA:74,0
DA:76,0
DA:80,0
DA:81,0
DA:84,0
DA:85,0
DA:89,0
DA:90,0
DA:91,0
DA:92,0
DA:94,0
DA:95,0
DA:98,0
DA:99,0
DA:102,0
DA:103,0
DA:104,0
DA:106,0
DA:107,0
DA:109,0
DA:113,0
DA:114,0
DA:118,0
DA:119,0
DA:121,0
DA:122,0
DA:125,0
DA:132,0
DA:133,0
DA:134,0
DA:135,0
DA:139,0
LF:63
LH:0
BRDA:28,0,0,0
BRDA:28,0,1,0
BRDA:28,1,0,0
BRDA:28,1,1,0
BRDA:32,2,0,0
BRDA:32,2,1,0
BRDA:38,3,0,0
BRDA:38,3,1,0
BRDA:50,4,0,0
BRDA:50,4,1,0
BRDA:51,5,0,0
BRDA:51,5,1,0
BRDA:57,6,0,0
BRDA:57,6,1,0
BRDA:57,7,0,0
BRDA:57,7,1,0
BRDA:65,8,0,0
BRDA:65,8,1,0
BRDA:65,9,0,0
BRDA:65,9,1,0
BRDA:69,10,0,0
BRDA:69,10,1,0
BRDA:69,11,0,0
BRDA:69,11,1,0
BRDA:74,12,0,0
BRDA:74,12,1,0
BRDA:74,13,0,0
BRDA:74,13,1,0
BRDA:84,14,0,0
BRDA:84,14,1,0
BRDA:107,15,0,0
BRDA:107,15,1,0
BRDA:119,16,0,0
BRDA:119,16,1,0
BRDA:121,17,0,0
BRDA:121,17,1,0
BRDA:122,18,0,0
BRDA:122,18,1,0
BRDA:134,19,0,0
BRDA:134,19,1,0
BRF:40
BRH:0
end_of_record
TN:
SF:lib\rctjavalib\recoverable.js
FN:3,(anonymous_0)
FN:10,isRecoverableError
FNF:2
FNH:0
FNDA:0,(anonymous_0)
FNDA:0,isRecoverableError
DA:4,0
DA:5,0
DA:11,0
DA:14,0
LF:4
LH:0
BRF:0
BRH:0
end_of_record
